  Determining projects to restore...
D:\Project\QuangHuongComputer\backend\Services\Catalog\Catalog.csproj : warning NU1603: Catalog depends on Microsoft.Extensions.Configuration.Abstractions (>= 8.0.2) but Microsoft.Extensions.Configuration.Abstractions 8.0.2 was not found. Microsoft.Extensions.Configuration.Abstractions 9.0.0 was resolved instead. [D:\Project\QuangHuongComputer\backend\ComputerCompany.sln]
D:\Project\QuangHuongComputer\backend\Services\Sales.Tests\Sales.Tests.csproj : warning NU1603: Sales depends on Microsoft.Extensions.Configuration.Abstractions (>= 8.0.2) but Microsoft.Extensions.Configuration.Abstractions 8.0.2 was not found. Microsoft.Extensions.Configuration.Abstractions 9.0.0 was resolved instead. [D:\Project\QuangHuongComputer\backend\ComputerCompany.sln]
D:\Project\QuangHuongComputer\backend\Services\Sales\Sales.csproj : warning NU1603: Sales depends on Microsoft.Extensions.Configuration.Abstractions (>= 8.0.2) but Microsoft.Extensions.Configuration.Abstractions 8.0.2 was not found. Microsoft.Extensions.Configuration.Abstractions 9.0.0 was resolved instead. [D:\Project\QuangHuongComputer\backend\ComputerCompany.sln]
D:\Project\QuangHuongComputer\backend\ApiGateway\ApiGateway.csproj : warning NU1603: Catalog depends on Microsoft.Extensions.Configuration.Abstractions (>= 8.0.2) but Microsoft.Extensions.Configuration.Abstractions 8.0.2 was not found. Microsoft.Extensions.Configuration.Abstractions 9.0.0 was resolved instead. [D:\Project\QuangHuongComputer\backend\ComputerCompany.sln]
  Restored D:\Project\QuangHuongComputer\backend\Services\Payments\Payments.csproj (in 5.09 sec).
  Restored D:\Project\QuangHuongComputer\backend\Services\Content\Content.csproj (in 5.09 sec).
  Restored D:\Project\QuangHuongComputer\backend\Services\Repair.Tests\Repair.Tests.csproj (in 5.09 sec).
  Restored D:\Project\QuangHuongComputer\backend\Services\Repair\Repair.csproj (in 5.09 sec).
  Restored D:\Project\QuangHuongComputer\backend\Services\Inventory.Tests\Inventory.Tests.csproj (in 5.09 sec).
  Restored D:\Project\QuangHuongComputer\backend\Services\Accounting\Accounting.csproj (in 5.09 sec).
  Restored D:\Project\QuangHuongComputer\backend\BuildingBlocks\BuildingBlocks.csproj (in 5.09 sec).
  Restored D:\Project\QuangHuongComputer\backend\Services\Identity\Identity.csproj (in 5.09 sec).
  Restored D:\Project\QuangHuongComputer\backend\Services\Warranty\Warranty.csproj (in 5.09 sec).
  Restored D:\Project\QuangHuongComputer\backend\Services\Inventory\Inventory.csproj (in 5.09 sec).
  Restored D:\Project\QuangHuongComputer\backend\Services\Sales.Tests\Sales.Tests.csproj (in 5.09 sec).
  Restored D:\Project\QuangHuongComputer\backend\Services\Sales\Sales.csproj (in 5.09 sec).
  Restored D:\Project\QuangHuongComputer\backend\Services\Catalog\Catalog.csproj (in 5.09 sec).
  Restored D:\Project\QuangHuongComputer\backend\ApiGateway\ApiGateway.csproj (in 5.09 sec).
D:\Project\QuangHuongComputer\backend\Services\Sales.Tests\Sales.Tests.csproj : warning NU1603: Sales depends on Microsoft.Extensions.Configuration.Abstractions (>= 8.0.2) but Microsoft.Extensions.Configuration.Abstractions 8.0.2 was not found. Microsoft.Extensions.Configuration.Abstractions 9.0.0 was resolved instead.
D:\Project\QuangHuongComputer\backend\Services\Sales\Sales.csproj : warning NU1603: Sales depends on Microsoft.Extensions.Configuration.Abstractions (>= 8.0.2) but Microsoft.Extensions.Configuration.Abstractions 8.0.2 was not found. Microsoft.Extensions.Configuration.Abstractions 9.0.0 was resolved instead.
D:\Project\QuangHuongComputer\backend\ApiGateway\ApiGateway.csproj : warning NU1603: Catalog depends on Microsoft.Extensions.Configuration.Abstractions (>= 8.0.2) but Microsoft.Extensions.Configuration.Abstractions 8.0.2 was not found. Microsoft.Extensions.Configuration.Abstractions 9.0.0 was resolved instead.
  BuildingBlocks -> D:\Project\QuangHuongComputer\backend\BuildingBlocks\bin\Debug\net8.0\BuildingBlocks.dll
D:\Project\QuangHuongComputer\backend\Services\Catalog\Catalog.csproj : warning NU1603: Catalog depends on Microsoft.Extensions.Configuration.Abstractions (>= 8.0.2) but Microsoft.Extensions.Configuration.Abstractions 8.0.2 was not found. Microsoft.Extensions.Configuration.Abstractions 9.0.0 was resolved instead.
D:\Project\QuangHuongComputer\backend\Services\Accounting\API\AccountingController.cs(1,7): error CS0246: The type or namespace name 'MediatR' could not be found (are you missing a using directive or an assembly reference?) [D:\Project\QuangHuongComputer\backend\Services\Accounting\Accounting.csproj]
D:\Project\QuangHuongComputer\backend\Services\Accounting\Application\Accounts\Commands\RecordTransaction\RecordTransactionCommand.cs(1,7): error CS0246: The type or namespace name 'MediatR' could not be found (are you missing a using directive or an assembly reference?) [D:\Project\QuangHuongComputer\backend\Services\Accounting\Accounting.csproj]
D:\Project\QuangHuongComputer\backend\Services\Accounting\Application\Accounts\Commands\RecordTransaction\RecordTransactionCommandHandler.cs(1,7): error CS0246: The type or namespace name 'MediatR' could not be found (are you missing a using directive or an assembly reference?) [D:\Project\QuangHuongComputer\backend\Services\Accounting\Accounting.csproj]
D:\Project\QuangHuongComputer\backend\Services\Accounting\Application\Invoices\Commands\CreateInvoice\CreateInvoiceCommand.cs(3,7): error CS0246: The type or namespace name 'MediatR' could not be found (are you missing a using directive or an assembly reference?) [D:\Project\QuangHuongComputer\backend\Services\Accounting\Accounting.csproj]
D:\Project\QuangHuongComputer\backend\Services\Accounting\Application\Invoices\Commands\CreateInvoice\CreateInvoiceCommandHandler.cs(4,7): error CS0246: The type or namespace name 'MediatR' could not be found (are you missing a using directive or an assembly reference?) [D:\Project\QuangHuongComputer\backend\Services\Accounting\Accounting.csproj]
D:\Project\QuangHuongComputer\backend\Services\Accounting\Application\Invoices\Commands\CreateInvoice\CreateInvoiceCommand.cs(16,22): error CS0246: The type or namespace name 'IRequest<>' could not be found (are you missing a using directive or an assembly reference?) [D:\Project\QuangHuongComputer\backend\Services\Accounting\Accounting.csproj]
D:\Project\QuangHuongComputer\backend\Services\Accounting\Application\Accounts\Commands\RecordTransaction\RecordTransactionCommand.cs(13,5): error CS0246: The type or namespace name 'IRequest<>' could not be found (are you missing a using directive or an assembly reference?) [D:\Project\QuangHuongComputer\backend\Services\Accounting\Accounting.csproj]
D:\Project\QuangHuongComputer\backend\Services\Accounting\Application\Accounts\Commands\RecordTransaction\RecordTransactionCommand.cs(13,14): error CS0246: The type or namespace name 'Unit' could not be found (are you missing a using directive or an assembly reference?) [D:\Project\QuangHuongComputer\backend\Services\Accounting\Accounting.csproj]
D:\Project\QuangHuongComputer\backend\Services\Accounting\Application\Invoices\Commands\CreateInvoice\CreateInvoiceCommandHandler.cs(8,44): error CS0246: The type or namespace name 'IRequestHandler<,>' could not be found (are you missing a using directive or an assembly reference?) [D:\Project\QuangHuongComputer\backend\Services\Accounting\Accounting.csproj]
D:\Project\QuangHuongComputer\backend\Services\Accounting\Application\Accounts\Commands\RecordTransaction\RecordTransactionCommandHandler.cs(7,48): error CS0246: The type or namespace name 'IRequestHandler<,>' could not be found (are you missing a using directive or an assembly reference?) [D:\Project\QuangHuongComputer\backend\Services\Accounting\Accounting.csproj]
D:\Project\QuangHuongComputer\backend\Services\Accounting\Application\Accounts\Commands\RecordTransaction\RecordTransactionCommandHandler.cs(7,90): error CS0246: The type or namespace name 'Unit' could not be found (are you missing a using directive or an assembly reference?) [D:\Project\QuangHuongComputer\backend\Services\Accounting\Accounting.csproj]
D:\Project\QuangHuongComputer\backend\Services\Accounting\Application\Accounts\Commands\RecordTransaction\RecordTransactionCommandHandler.cs(16,23): error CS0246: The type or namespace name 'Unit' could not be found (are you missing a using directive or an assembly reference?) [D:\Project\QuangHuongComputer\backend\Services\Accounting\Accounting.csproj]
D:\Project\QuangHuongComputer\backend\Services\Accounting\API\AccountingController.cs(12,22): error CS0246: The type or namespace name 'ISender' could not be found (are you missing a using directive or an assembly reference?) [D:\Project\QuangHuongComputer\backend\Services\Accounting\Accounting.csproj]
D:\Project\QuangHuongComputer\backend\Services\Accounting\API\AccountingController.cs(14,33): error CS0246: The type or namespace name 'ISender' could not be found (are you missing a using directive or an assembly reference?) [D:\Project\QuangHuongComputer\backend\Services\Accounting\Accounting.csproj]
D:\Project\QuangHuongComputer\backend\Services\Inventory\Domain\Supplier.cs(23,15): warning CS8618: Non-nullable property 'Name' must contain a non-null value when exiting constructor. Consider adding the 'required' modifier or declaring the property as nullable. [D:\Project\QuangHuongComputer\backend\Services\Inventory\Inventory.csproj]
D:\Project\QuangHuongComputer\backend\Services\Inventory\Domain\Supplier.cs(23,15): warning CS8618: Non-nullable property 'ContactPerson' must contain a non-null value when exiting constructor. Consider adding the 'required' modifier or declaring the property as nullable. [D:\Project\QuangHuongComputer\backend\Services\Inventory\Inventory.csproj]
D:\Project\QuangHuongComputer\backend\Services\Inventory\Domain\Supplier.cs(23,15): warning CS8618: Non-nullable property 'Email' must contain a non-null value when exiting constructor. Consider adding the 'required' modifier or declaring the property as nullable. [D:\Project\QuangHuongComputer\backend\Services\Inventory\Inventory.csproj]
D:\Project\QuangHuongComputer\backend\Services\Inventory\Domain\Supplier.cs(23,15): warning CS8618: Non-nullable property 'Phone' must contain a non-null value when exiting constructor. Consider adding the 'required' modifier or declaring the property as nullable. [D:\Project\QuangHuongComputer\backend\Services\Inventory\Inventory.csproj]
D:\Project\QuangHuongComputer\backend\Services\Inventory\Domain\Supplier.cs(23,15): warning CS8618: Non-nullable property 'Address' must contain a non-null value when exiting constructor. Consider adding the 'required' modifier or declaring the property as nullable. [D:\Project\QuangHuongComputer\backend\Services\Inventory\Inventory.csproj]
D:\Project\QuangHuongComputer\backend\Services\Inventory\Domain\PurchaseOrder.cs(23,15): warning CS8618: Non-nullable property 'PONumber' must contain a non-null value when exiting constructor. Consider adding the 'required' modifier or declaring the property as nullable. [D:\Project\QuangHuongComputer\backend\Services\Inventory\Inventory.csproj]
  Inventory -> D:\Project\QuangHuongComputer\backend\Services\Inventory\bin\Debug\net8.0\Inventory.dll
  Sales -> D:\Project\QuangHuongComputer\backend\Services\Sales\bin\Debug\net8.0\Sales.dll
  Identity -> D:\Project\QuangHuongComputer\backend\Services\Identity\bin\Debug\net8.0\Identity.dll
  Repair -> D:\Project\QuangHuongComputer\backend\Services\Repair\bin\Debug\net8.0\Repair.dll
D:\Project\QuangHuongComputer\backend\Services\Inventory.Tests\Domain\InventoryItemTests.cs(1,7): error CS0246: The type or namespace name 'FluentAssertions' could not be found (are you missing a using directive or an assembly reference?) [D:\Project\QuangHuongComputer\backend\Services\Inventory.Tests\Inventory.Tests.csproj]
D:\Project\QuangHuongComputer\backend\Services\Inventory.Tests\Domain\PurchaseOrderTests.cs(1,7): error CS0246: The type or namespace name 'FluentAssertions' could not be found (are you missing a using directive or an assembly reference?) [D:\Project\QuangHuongComputer\backend\Services\Inventory.Tests\Inventory.Tests.csproj]
D:\Project\QuangHuongComputer\backend\Services\Inventory.Tests\Domain\InventoryItemTests.cs(8,6): error CS0246: The type or namespace name 'FactAttribute' could not be found (are you missing a using directive or an assembly reference?) [D:\Project\QuangHuongComputer\backend\Services\Inventory.Tests\Inventory.Tests.csproj]
D:\Project\QuangHuongComputer\backend\Services\Inventory.Tests\Domain\InventoryItemTests.cs(8,6): error CS0246: The type or namespace name 'Fact' could not be found (are you missing a using directive or an assembly reference?) [D:\Project\QuangHuongComputer\backend\Services\Inventory.Tests\Inventory.Tests.csproj]
D:\Project\QuangHuongComputer\backend\Services\Inventory.Tests\Domain\PurchaseOrderTests.cs(8,6): error CS0246: The type or namespace name 'FactAttribute' could not be found (are you missing a using directive or an assembly reference?) [D:\Project\QuangHuongComputer\backend\Services\Inventory.Tests\Inventory.Tests.csproj]
D:\Project\QuangHuongComputer\backend\Services\Sales.Tests\Domain\CartItemTests.cs(1,7): error CS0246: The type or namespace name 'FluentAssertions' could not be found (are you missing a using directive or an assembly reference?) [D:\Project\QuangHuongComputer\backend\Services\Sales.Tests\Sales.Tests.csproj]
D:\Project\QuangHuongComputer\backend\Services\Inventory.Tests\Domain\PurchaseOrderTests.cs(8,6): error CS0246: The type or namespace name 'Fact' could not be found (are you missing a using directive or an assembly reference?) [D:\Project\QuangHuongComputer\backend\Services\Inventory.Tests\Inventory.Tests.csproj]
D:\Project\QuangHuongComputer\backend\Services\Inventory.Tests\UnitTest1.cs(5,6): error CS0246: The type or namespace name 'FactAttribute' could not be found (are you missing a using directive or an assembly reference?) [D:\Project\QuangHuongComputer\backend\Services\Inventory.Tests\Inventory.Tests.csproj]
D:\Project\QuangHuongComputer\backend\Services\Inventory.Tests\UnitTest1.cs(5,6): error CS0246: The type or namespace name 'Fact' could not be found (are you missing a using directive or an assembly reference?) [D:\Project\QuangHuongComputer\backend\Services\Inventory.Tests\Inventory.Tests.csproj]
D:\Project\QuangHuongComputer\backend\Services\Inventory.Tests\Domain\PurchaseOrderTests.cs(29,6): error CS0246: The type or namespace name 'FactAttribute' could not be found (are you missing a using directive or an assembly reference?) [D:\Project\QuangHuongComputer\backend\Services\Inventory.Tests\Inventory.Tests.csproj]
D:\Project\QuangHuongComputer\backend\Services\Inventory.Tests\Domain\PurchaseOrderTests.cs(29,6): error CS0246: The type or namespace name 'Fact' could not be found (are you missing a using directive or an assembly reference?) [D:\Project\QuangHuongComputer\backend\Services\Inventory.Tests\Inventory.Tests.csproj]
D:\Project\QuangHuongComputer\backend\Services\Inventory.Tests\Domain\InventoryItemTests.cs(25,6): error CS0246: The type or namespace name 'FactAttribute' could not be found (are you missing a using directive or an assembly reference?) [D:\Project\QuangHuongComputer\backend\Services\Inventory.Tests\Inventory.Tests.csproj]
D:\Project\QuangHuongComputer\backend\Services\Sales.Tests\Domain\CartTests.cs(1,7): error CS0246: The type or namespace name 'FluentAssertions' could not be found (are you missing a using directive or an assembly reference?) [D:\Project\QuangHuongComputer\backend\Services\Sales.Tests\Sales.Tests.csproj]
D:\Project\QuangHuongComputer\backend\Services\Inventory.Tests\Domain\InventoryItemTests.cs(25,6): error CS0246: The type or namespace name 'Fact' could not be found (are you missing a using directive or an assembly reference?) [D:\Project\QuangHuongComputer\backend\Services\Inventory.Tests\Inventory.Tests.csproj]
D:\Project\QuangHuongComputer\backend\Services\Inventory.Tests\Domain\PurchaseOrderTests.cs(46,6): error CS0246: The type or namespace name 'FactAttribute' could not be found (are you missing a using directive or an assembly reference?) [D:\Project\QuangHuongComputer\backend\Services\Inventory.Tests\Inventory.Tests.csproj]
D:\Project\QuangHuongComputer\backend\Services\Inventory.Tests\Domain\PurchaseOrderTests.cs(46,6): error CS0246: The type or namespace name 'Fact' could not be found (are you missing a using directive or an assembly reference?) [D:\Project\QuangHuongComputer\backend\Services\Inventory.Tests\Inventory.Tests.csproj]
D:\Project\QuangHuongComputer\backend\Services\Inventory.Tests\Domain\InventoryItemTests.cs(38,6): error CS0246: The type or namespace name 'FactAttribute' could not be found (are you missing a using directive or an assembly reference?) [D:\Project\QuangHuongComputer\backend\Services\Inventory.Tests\Inventory.Tests.csproj]
D:\Project\QuangHuongComputer\backend\Services\Inventory.Tests\Domain\InventoryItemTests.cs(38,6): error CS0246: The type or namespace name 'Fact' could not be found (are you missing a using directive or an assembly reference?) [D:\Project\QuangHuongComputer\backend\Services\Inventory.Tests\Inventory.Tests.csproj]
D:\Project\QuangHuongComputer\backend\Services\Inventory.Tests\Domain\PurchaseOrderTests.cs(63,6): error CS0246: The type or namespace name 'FactAttribute' could not be found (are you missing a using directive or an assembly reference?) [D:\Project\QuangHuongComputer\backend\Services\Inventory.Tests\Inventory.Tests.csproj]
D:\Project\QuangHuongComputer\backend\Services\Inventory.Tests\Domain\PurchaseOrderTests.cs(63,6): error CS0246: The type or namespace name 'Fact' could not be found (are you missing a using directive or an assembly reference?) [D:\Project\QuangHuongComputer\backend\Services\Inventory.Tests\Inventory.Tests.csproj]
D:\Project\QuangHuongComputer\backend\Services\Inventory.Tests\Domain\InventoryItemTests.cs(51,6): error CS0246: The type or namespace name 'FactAttribute' could not be found (are you missing a using directive or an assembly reference?) [D:\Project\QuangHuongComputer\backend\Services\Inventory.Tests\Inventory.Tests.csproj]
D:\Project\QuangHuongComputer\backend\Services\Inventory.Tests\Domain\InventoryItemTests.cs(51,6): error CS0246: The type or namespace name 'Fact' could not be found (are you missing a using directive or an assembly reference?) [D:\Project\QuangHuongComputer\backend\Services\Inventory.Tests\Inventory.Tests.csproj]
D:\Project\QuangHuongComputer\backend\Services\Inventory.Tests\Domain\InventoryItemTests.cs(61,6): error CS0246: The type or namespace name 'FactAttribute' could not be found (are you missing a using directive or an assembly reference?) [D:\Project\QuangHuongComputer\backend\Services\Inventory.Tests\Inventory.Tests.csproj]
D:\Project\QuangHuongComputer\backend\Services\Sales.Tests\Domain\OrderTests.cs(1,7): error CS0246: The type or namespace name 'FluentAssertions' could not be found (are you missing a using directive or an assembly reference?) [D:\Project\QuangHuongComputer\backend\Services\Sales.Tests\Sales.Tests.csproj]
D:\Project\QuangHuongComputer\backend\Services\Inventory.Tests\Domain\InventoryItemTests.cs(61,6): error CS0246: The type or namespace name 'Fact' could not be found (are you missing a using directive or an assembly reference?) [D:\Project\QuangHuongComputer\backend\Services\Inventory.Tests\Inventory.Tests.csproj]
D:\Project\QuangHuongComputer\backend\Services\Inventory.Tests\Domain\InventoryItemTests.cs(71,6): error CS0246: The type or namespace name 'FactAttribute' could not be found (are you missing a using directive or an assembly reference?) [D:\Project\QuangHuongComputer\backend\Services\Inventory.Tests\Inventory.Tests.csproj]
D:\Project\QuangHuongComputer\backend\Services\Sales.Tests\Domain\OrderTests.cs(8,6): error CS0246: The type or namespace name 'FactAttribute' could not be found (are you missing a using directive or an assembly reference?) [D:\Project\QuangHuongComputer\backend\Services\Sales.Tests\Sales.Tests.csproj]
D:\Project\QuangHuongComputer\backend\Services\Inventory.Tests\Domain\InventoryItemTests.cs(71,6): error CS0246: The type or namespace name 'Fact' could not be found (are you missing a using directive or an assembly reference?) [D:\Project\QuangHuongComputer\backend\Services\Inventory.Tests\Inventory.Tests.csproj]
D:\Project\QuangHuongComputer\backend\Services\Sales.Tests\Domain\OrderTests.cs(8,6): error CS0246: The type or namespace name 'Fact' could not be found (are you missing a using directive or an assembly reference?) [D:\Project\QuangHuongComputer\backend\Services\Sales.Tests\Sales.Tests.csproj]
D:\Project\QuangHuongComputer\backend\Services\Sales.Tests\Domain\CartTests.cs(8,6): error CS0246: The type or namespace name 'FactAttribute' could not be found (are you missing a using directive or an assembly reference?) [D:\Project\QuangHuongComputer\backend\Services\Sales.Tests\Sales.Tests.csproj]
D:\Project\QuangHuongComputer\backend\Services\Sales.Tests\Domain\CartTests.cs(8,6): error CS0246: The type or namespace name 'Fact' could not be found (are you missing a using directive or an assembly reference?) [D:\Project\QuangHuongComputer\backend\Services\Sales.Tests\Sales.Tests.csproj]
D:\Project\QuangHuongComputer\backend\Services\Sales.Tests\UnitTest1.cs(5,6): error CS0246: The type or namespace name 'FactAttribute' could not be found (are you missing a using directive or an assembly reference?) [D:\Project\QuangHuongComputer\backend\Services\Sales.Tests\Sales.Tests.csproj]
D:\Project\QuangHuongComputer\backend\Services\Sales.Tests\UnitTest1.cs(5,6): error CS0246: The type or namespace name 'Fact' could not be found (are you missing a using directive or an assembly reference?) [D:\Project\QuangHuongComputer\backend\Services\Sales.Tests\Sales.Tests.csproj]
D:\Project\QuangHuongComputer\backend\Services\Sales.Tests\Domain\CartItemTests.cs(8,6): error CS0246: The type or namespace name 'FactAttribute' could not be found (are you missing a using directive or an assembly reference?) [D:\Project\QuangHuongComputer\backend\Services\Sales.Tests\Sales.Tests.csproj]
D:\Project\QuangHuongComputer\backend\Services\Sales.Tests\Domain\CartItemTests.cs(8,6): error CS0246: The type or namespace name 'Fact' could not be found (are you missing a using directive or an assembly reference?) [D:\Project\QuangHuongComputer\backend\Services\Sales.Tests\Sales.Tests.csproj]
D:\Project\QuangHuongComputer\backend\Services\Sales.Tests\Domain\CartTests.cs(26,6): error CS0246: The type or namespace name 'FactAttribute' could not be found (are you missing a using directive or an assembly reference?) [D:\Project\QuangHuongComputer\backend\Services\Sales.Tests\Sales.Tests.csproj]
D:\Project\QuangHuongComputer\backend\Services\Sales.Tests\Domain\CartTests.cs(26,6): error CS0246: The type or namespace name 'Fact' could not be found (are you missing a using directive or an assembly reference?) [D:\Project\QuangHuongComputer\backend\Services\Sales.Tests\Sales.Tests.csproj]
D:\Project\QuangHuongComputer\backend\Services\Sales.Tests\Domain\OrderTests.cs(30,6): error CS0246: The type or namespace name 'FactAttribute' could not be found (are you missing a using directive or an assembly reference?) [D:\Project\QuangHuongComputer\backend\Services\Sales.Tests\Sales.Tests.csproj]
D:\Project\QuangHuongComputer\backend\Services\Sales.Tests\Domain\OrderTests.cs(30,6): error CS0246: The type or namespace name 'Fact' could not be found (are you missing a using directive or an assembly reference?) [D:\Project\QuangHuongComputer\backend\Services\Sales.Tests\Sales.Tests.csproj]
D:\Project\QuangHuongComputer\backend\Services\Sales.Tests\Domain\CartItemTests.cs(21,6): error CS0246: The type or namespace name 'FactAttribute' could not be found (are you missing a using directive or an assembly reference?) [D:\Project\QuangHuongComputer\backend\Services\Sales.Tests\Sales.Tests.csproj]
D:\Project\QuangHuongComputer\backend\Services\Sales.Tests\Domain\CartItemTests.cs(21,6): error CS0246: The type or namespace name 'Fact' could not be found (are you missing a using directive or an assembly reference?) [D:\Project\QuangHuongComputer\backend\Services\Sales.Tests\Sales.Tests.csproj]
D:\Project\QuangHuongComputer\backend\Services\Sales.Tests\Domain\CartTests.cs(42,6): error CS0246: The type or namespace name 'FactAttribute' could not be found (are you missing a using directive or an assembly reference?) [D:\Project\QuangHuongComputer\backend\Services\Sales.Tests\Sales.Tests.csproj]
D:\Project\QuangHuongComputer\backend\Services\Sales.Tests\Domain\CartTests.cs(42,6): error CS0246: The type or namespace name 'Fact' could not be found (are you missing a using directive or an assembly reference?) [D:\Project\QuangHuongComputer\backend\Services\Sales.Tests\Sales.Tests.csproj]
D:\Project\QuangHuongComputer\backend\Services\Sales.Tests\Domain\OrderTests.cs(49,6): error CS0246: The type or namespace name 'FactAttribute' could not be found (are you missing a using directive or an assembly reference?) [D:\Project\QuangHuongComputer\backend\Services\Sales.Tests\Sales.Tests.csproj]
D:\Project\QuangHuongComputer\backend\Services\Sales.Tests\Domain\OrderTests.cs(49,6): error CS0246: The type or namespace name 'Fact' could not be found (are you missing a using directive or an assembly reference?) [D:\Project\QuangHuongComputer\backend\Services\Sales.Tests\Sales.Tests.csproj]
D:\Project\QuangHuongComputer\backend\Services\Sales.Tests\Domain\CartItemTests.cs(35,6): error CS0246: The type or namespace name 'FactAttribute' could not be found (are you missing a using directive or an assembly reference?) [D:\Project\QuangHuongComputer\backend\Services\Sales.Tests\Sales.Tests.csproj]
D:\Project\QuangHuongComputer\backend\Services\Sales.Tests\Domain\CartItemTests.cs(35,6): error CS0246: The type or namespace name 'Fact' could not be found (are you missing a using directive or an assembly reference?) [D:\Project\QuangHuongComputer\backend\Services\Sales.Tests\Sales.Tests.csproj]
D:\Project\QuangHuongComputer\backend\Services\Sales.Tests\Domain\OrderTests.cs(67,6): error CS0246: The type or namespace name 'FactAttribute' could not be found (are you missing a using directive or an assembly reference?) [D:\Project\QuangHuongComputer\backend\Services\Sales.Tests\Sales.Tests.csproj]
D:\Project\QuangHuongComputer\backend\Services\Sales.Tests\Domain\OrderTests.cs(67,6): error CS0246: The type or namespace name 'Fact' could not be found (are you missing a using directive or an assembly reference?) [D:\Project\QuangHuongComputer\backend\Services\Sales.Tests\Sales.Tests.csproj]
D:\Project\QuangHuongComputer\backend\Services\Sales.Tests\Domain\CartTests.cs(57,6): error CS0246: The type or namespace name 'FactAttribute' could not be found (are you missing a using directive or an assembly reference?) [D:\Project\QuangHuongComputer\backend\Services\Sales.Tests\Sales.Tests.csproj]
D:\Project\QuangHuongComputer\backend\Services\Sales.Tests\Domain\CartTests.cs(57,6): error CS0246: The type or namespace name 'Fact' could not be found (are you missing a using directive or an assembly reference?) [D:\Project\QuangHuongComputer\backend\Services\Sales.Tests\Sales.Tests.csproj]
D:\Project\QuangHuongComputer\backend\Services\Sales.Tests\Domain\CartTests.cs(71,6): error CS0246: The type or namespace name 'FactAttribute' could not be found (are you missing a using directive or an assembly reference?) [D:\Project\QuangHuongComputer\backend\Services\Sales.Tests\Sales.Tests.csproj]
D:\Project\QuangHuongComputer\backend\Services\Sales.Tests\Domain\CartTests.cs(71,6): error CS0246: The type or namespace name 'Fact' could not be found (are you missing a using directive or an assembly reference?) [D:\Project\QuangHuongComputer\backend\Services\Sales.Tests\Sales.Tests.csproj]
D:\Project\QuangHuongComputer\backend\Services\Sales.Tests\Domain\OrderTests.cs(85,6): error CS0246: The type or namespace name 'FactAttribute' could not be found (are you missing a using directive or an assembly reference?) [D:\Project\QuangHuongComputer\backend\Services\Sales.Tests\Sales.Tests.csproj]
D:\Project\QuangHuongComputer\backend\Services\Sales.Tests\Domain\OrderTests.cs(85,6): error CS0246: The type or namespace name 'Fact' could not be found (are you missing a using directive or an assembly reference?) [D:\Project\QuangHuongComputer\backend\Services\Sales.Tests\Sales.Tests.csproj]
D:\Project\QuangHuongComputer\backend\Services\Sales.Tests\Domain\CartItemTests.cs(49,6): error CS0246: The type or namespace name 'FactAttribute' could not be found (are you missing a using directive or an assembly reference?) [D:\Project\QuangHuongComputer\backend\Services\Sales.Tests\Sales.Tests.csproj]
D:\Project\QuangHuongComputer\backend\Services\Sales.Tests\Domain\CartItemTests.cs(49,6): error CS0246: The type or namespace name 'Fact' could not be found (are you missing a using directive or an assembly reference?) [D:\Project\QuangHuongComputer\backend\Services\Sales.Tests\Sales.Tests.csproj]
D:\Project\QuangHuongComputer\backend\Services\Sales.Tests\Domain\OrderTests.cs(103,6): error CS0246: The type or namespace name 'FactAttribute' could not be found (are you missing a using directive or an assembly reference?) [D:\Project\QuangHuongComputer\backend\Services\Sales.Tests\Sales.Tests.csproj]
D:\Project\QuangHuongComputer\backend\Services\Sales.Tests\Domain\OrderTests.cs(103,6): error CS0246: The type or namespace name 'Fact' could not be found (are you missing a using directive or an assembly reference?) [D:\Project\QuangHuongComputer\backend\Services\Sales.Tests\Sales.Tests.csproj]
D:\Project\QuangHuongComputer\backend\Services\Sales.Tests\Domain\CartItemTests.cs(59,6): error CS0246: The type or namespace name 'FactAttribute' could not be found (are you missing a using directive or an assembly reference?) [D:\Project\QuangHuongComputer\backend\Services\Sales.Tests\Sales.Tests.csproj]
D:\Project\QuangHuongComputer\backend\Services\Sales.Tests\Domain\CartItemTests.cs(59,6): error CS0246: The type or namespace name 'Fact' could not be found (are you missing a using directive or an assembly reference?) [D:\Project\QuangHuongComputer\backend\Services\Sales.Tests\Sales.Tests.csproj]
D:\Project\QuangHuongComputer\backend\Services\Sales.Tests\Domain\CartTests.cs(86,6): error CS0246: The type or namespace name 'FactAttribute' could not be found (are you missing a using directive or an assembly reference?) [D:\Project\QuangHuongComputer\backend\Services\Sales.Tests\Sales.Tests.csproj]
D:\Project\QuangHuongComputer\backend\Services\Sales.Tests\Domain\CartTests.cs(86,6): error CS0246: The type or namespace name 'Fact' could not be found (are you missing a using directive or an assembly reference?) [D:\Project\QuangHuongComputer\backend\Services\Sales.Tests\Sales.Tests.csproj]
D:\Project\QuangHuongComputer\backend\Services\Sales.Tests\Domain\CartTests.cs(101,6): error CS0246: The type or namespace name 'FactAttribute' could not be found (are you missing a using directive or an assembly reference?) [D:\Project\QuangHuongComputer\backend\Services\Sales.Tests\Sales.Tests.csproj]
D:\Project\QuangHuongComputer\backend\Services\Sales.Tests\Domain\CartTests.cs(101,6): error CS0246: The type or namespace name 'Fact' could not be found (are you missing a using directive or an assembly reference?) [D:\Project\QuangHuongComputer\backend\Services\Sales.Tests\Sales.Tests.csproj]
D:\Project\QuangHuongComputer\backend\Services\Sales.Tests\Domain\OrderTests.cs(123,6): error CS0246: The type or namespace name 'FactAttribute' could not be found (are you missing a using directive or an assembly reference?) [D:\Project\QuangHuongComputer\backend\Services\Sales.Tests\Sales.Tests.csproj]
D:\Project\QuangHuongComputer\backend\Services\Sales.Tests\Domain\OrderTests.cs(123,6): error CS0246: The type or namespace name 'Fact' could not be found (are you missing a using directive or an assembly reference?) [D:\Project\QuangHuongComputer\backend\Services\Sales.Tests\Sales.Tests.csproj]
D:\Project\QuangHuongComputer\backend\Services\Sales.Tests\Domain\CartTests.cs(113,6): error CS0246: The type or namespace name 'FactAttribute' could not be found (are you missing a using directive or an assembly reference?) [D:\Project\QuangHuongComputer\backend\Services\Sales.Tests\Sales.Tests.csproj]
D:\Project\QuangHuongComputer\backend\Services\Sales.Tests\Domain\CartTests.cs(113,6): error CS0246: The type or namespace name 'Fact' could not be found (are you missing a using directive or an assembly reference?) [D:\Project\QuangHuongComputer\backend\Services\Sales.Tests\Sales.Tests.csproj]
D:\Project\QuangHuongComputer\backend\Services\Repair.Tests\Domain\WorkOrderTests.cs(1,7): error CS0246: The type or namespace name 'FluentAssertions' could not be found (are you missing a using directive or an assembly reference?) [D:\Project\QuangHuongComputer\backend\Services\Repair.Tests\Repair.Tests.csproj]
D:\Project\QuangHuongComputer\backend\Services\Repair.Tests\UnitTest1.cs(5,6): error CS0246: The type or namespace name 'FactAttribute' could not be found (are you missing a using directive or an assembly reference?) [D:\Project\QuangHuongComputer\backend\Services\Repair.Tests\Repair.Tests.csproj]
D:\Project\QuangHuongComputer\backend\Services\Repair.Tests\UnitTest1.cs(5,6): error CS0246: The type or namespace name 'Fact' could not be found (are you missing a using directive or an assembly reference?) [D:\Project\QuangHuongComputer\backend\Services\Repair.Tests\Repair.Tests.csproj]
D:\Project\QuangHuongComputer\backend\Services\Repair.Tests\Domain\WorkOrderTests.cs(8,6): error CS0246: The type or namespace name 'FactAttribute' could not be found (are you missing a using directive or an assembly reference?) [D:\Project\QuangHuongComputer\backend\Services\Repair.Tests\Repair.Tests.csproj]
D:\Project\QuangHuongComputer\backend\Services\Repair.Tests\Domain\WorkOrderTests.cs(8,6): error CS0246: The type or namespace name 'Fact' could not be found (are you missing a using directive or an assembly reference?) [D:\Project\QuangHuongComputer\backend\Services\Repair.Tests\Repair.Tests.csproj]
D:\Project\QuangHuongComputer\backend\Services\Repair.Tests\Domain\WorkOrderTests.cs(26,6): error CS0246: The type or namespace name 'FactAttribute' could not be found (are you missing a using directive or an assembly reference?) [D:\Project\QuangHuongComputer\backend\Services\Repair.Tests\Repair.Tests.csproj]
D:\Project\QuangHuongComputer\backend\Services\Repair.Tests\Domain\WorkOrderTests.cs(26,6): error CS0246: The type or namespace name 'Fact' could not be found (are you missing a using directive or an assembly reference?) [D:\Project\QuangHuongComputer\backend\Services\Repair.Tests\Repair.Tests.csproj]
D:\Project\QuangHuongComputer\backend\Services\Repair.Tests\Domain\WorkOrderTests.cs(41,6): error CS0246: The type or namespace name 'FactAttribute' could not be found (are you missing a using directive or an assembly reference?) [D:\Project\QuangHuongComputer\backend\Services\Repair.Tests\Repair.Tests.csproj]
D:\Project\QuangHuongComputer\backend\Services\Repair.Tests\Domain\WorkOrderTests.cs(41,6): error CS0246: The type or namespace name 'Fact' could not be found (are you missing a using directive or an assembly reference?) [D:\Project\QuangHuongComputer\backend\Services\Repair.Tests\Repair.Tests.csproj]
D:\Project\QuangHuongComputer\backend\Services\Repair.Tests\Domain\WorkOrderTests.cs(56,6): error CS0246: The type or namespace name 'FactAttribute' could not be found (are you missing a using directive or an assembly reference?) [D:\Project\QuangHuongComputer\backend\Services\Repair.Tests\Repair.Tests.csproj]
D:\Project\QuangHuongComputer\backend\Services\Repair.Tests\Domain\WorkOrderTests.cs(56,6): error CS0246: The type or namespace name 'Fact' could not be found (are you missing a using directive or an assembly reference?) [D:\Project\QuangHuongComputer\backend\Services\Repair.Tests\Repair.Tests.csproj]
D:\Project\QuangHuongComputer\backend\Services\Repair.Tests\Domain\WorkOrderTests.cs(70,6): error CS0246: The type or namespace name 'FactAttribute' could not be found (are you missing a using directive or an assembly reference?) [D:\Project\QuangHuongComputer\backend\Services\Repair.Tests\Repair.Tests.csproj]
D:\Project\QuangHuongComputer\backend\Services\Repair.Tests\Domain\WorkOrderTests.cs(70,6): error CS0246: The type or namespace name 'Fact' could not be found (are you missing a using directive or an assembly reference?) [D:\Project\QuangHuongComputer\backend\Services\Repair.Tests\Repair.Tests.csproj]
D:\Project\QuangHuongComputer\backend\Services\Repair.Tests\Domain\WorkOrderTests.cs(90,6): error CS0246: The type or namespace name 'FactAttribute' could not be found (are you missing a using directive or an assembly reference?) [D:\Project\QuangHuongComputer\backend\Services\Repair.Tests\Repair.Tests.csproj]
D:\Project\QuangHuongComputer\backend\Services\Repair.Tests\Domain\WorkOrderTests.cs(90,6): error CS0246: The type or namespace name 'Fact' could not be found (are you missing a using directive or an assembly reference?) [D:\Project\QuangHuongComputer\backend\Services\Repair.Tests\Repair.Tests.csproj]
D:\Project\QuangHuongComputer\backend\Services\Repair.Tests\Domain\WorkOrderTests.cs(104,6): error CS0246: The type or namespace name 'FactAttribute' could not be found (are you missing a using directive or an assembly reference?) [D:\Project\QuangHuongComputer\backend\Services\Repair.Tests\Repair.Tests.csproj]
D:\Project\QuangHuongComputer\backend\Services\Repair.Tests\Domain\WorkOrderTests.cs(104,6): error CS0246: The type or namespace name 'Fact' could not be found (are you missing a using directive or an assembly reference?) [D:\Project\QuangHuongComputer\backend\Services\Repair.Tests\Repair.Tests.csproj]
D:\Project\QuangHuongComputer\backend\Services\Catalog\Domain\Product.cs(30,15): warning CS8618: Non-nullable property 'Name' must contain a non-null value when exiting constructor. Consider adding the 'required' modifier or declaring the property as nullable. [D:\Project\QuangHuongComputer\backend\Services\Catalog\Catalog.csproj]
D:\Project\QuangHuongComputer\backend\Services\Catalog\Domain\Product.cs(30,15): warning CS8618: Non-nullable property 'Description' must contain a non-null value when exiting constructor. Consider adding the 'required' modifier or declaring the property as nullable. [D:\Project\QuangHuongComputer\backend\Services\Catalog\Catalog.csproj]
D:\Project\QuangHuongComputer\backend\Services\Catalog\Domain\Category.cs(17,15): warning CS8618: Non-nullable property 'Name' must contain a non-null value when exiting constructor. Consider adding the 'required' modifier or declaring the property as nullable. [D:\Project\QuangHuongComputer\backend\Services\Catalog\Catalog.csproj]
D:\Project\QuangHuongComputer\backend\Services\Catalog\Domain\Category.cs(17,15): warning CS8618: Non-nullable property 'Slug' must contain a non-null value when exiting constructor. Consider adding the 'required' modifier or declaring the property as nullable. [D:\Project\QuangHuongComputer\backend\Services\Catalog\Catalog.csproj]
D:\Project\QuangHuongComputer\backend\Services\Catalog\Domain\Brand.cs(18,15): warning CS8618: Non-nullable property 'Name' must contain a non-null value when exiting constructor. Consider adding the 'required' modifier or declaring the property as nullable. [D:\Project\QuangHuongComputer\backend\Services\Catalog\Catalog.csproj]
D:\Project\QuangHuongComputer\backend\Services\Catalog\Domain\Brand.cs(18,15): warning CS8618: Non-nullable property 'Description' must contain a non-null value when exiting constructor. Consider adding the 'required' modifier or declaring the property as nullable. [D:\Project\QuangHuongComputer\backend\Services\Catalog\Catalog.csproj]
  Catalog -> D:\Project\QuangHuongComputer\backend\Services\Catalog\bin\Debug\net8.0\Catalog.dll

Build FAILED.

D:\Project\QuangHuongComputer\backend\Services\Catalog\Catalog.csproj : warning NU1603: Catalog depends on Microsoft.Extensions.Configuration.Abstractions (>= 8.0.2) but Microsoft.Extensions.Configuration.Abstractions 8.0.2 was not found. Microsoft.Extensions.Configuration.Abstractions 9.0.0 was resolved instead. [D:\Project\QuangHuongComputer\backend\ComputerCompany.sln]
D:\Project\QuangHuongComputer\backend\Services\Sales.Tests\Sales.Tests.csproj : warning NU1603: Sales depends on Microsoft.Extensions.Configuration.Abstractions (>= 8.0.2) but Microsoft.Extensions.Configuration.Abstractions 8.0.2 was not found. Microsoft.Extensions.Configuration.Abstractions 9.0.0 was resolved instead. [D:\Project\QuangHuongComputer\backend\ComputerCompany.sln]
D:\Project\QuangHuongComputer\backend\Services\Sales\Sales.csproj : warning NU1603: Sales depends on Microsoft.Extensions.Configuration.Abstractions (>= 8.0.2) but Microsoft.Extensions.Configuration.Abstractions 8.0.2 was not found. Microsoft.Extensions.Configuration.Abstractions 9.0.0 was resolved instead. [D:\Project\QuangHuongComputer\backend\ComputerCompany.sln]
D:\Project\QuangHuongComputer\backend\ApiGateway\ApiGateway.csproj : warning NU1603: Catalog depends on Microsoft.Extensions.Configuration.Abstractions (>= 8.0.2) but Microsoft.Extensions.Configuration.Abstractions 8.0.2 was not found. Microsoft.Extensions.Configuration.Abstractions 9.0.0 was resolved instead. [D:\Project\QuangHuongComputer\backend\ComputerCompany.sln]
D:\Project\QuangHuongComputer\backend\Services\Sales.Tests\Sales.Tests.csproj : warning NU1603: Sales depends on Microsoft.Extensions.Configuration.Abstractions (>= 8.0.2) but Microsoft.Extensions.Configuration.Abstractions 8.0.2 was not found. Microsoft.Extensions.Configuration.Abstractions 9.0.0 was resolved instead.
D:\Project\QuangHuongComputer\backend\Services\Sales\Sales.csproj : warning NU1603: Sales depends on Microsoft.Extensions.Configuration.Abstractions (>= 8.0.2) but Microsoft.Extensions.Configuration.Abstractions 8.0.2 was not found. Microsoft.Extensions.Configuration.Abstractions 9.0.0 was resolved instead.
D:\Project\QuangHuongComputer\backend\ApiGateway\ApiGateway.csproj : warning NU1603: Catalog depends on Microsoft.Extensions.Configuration.Abstractions (>= 8.0.2) but Microsoft.Extensions.Configuration.Abstractions 8.0.2 was not found. Microsoft.Extensions.Configuration.Abstractions 9.0.0 was resolved instead.
D:\Project\QuangHuongComputer\backend\Services\Catalog\Catalog.csproj : warning NU1603: Catalog depends on Microsoft.Extensions.Configuration.Abstractions (>= 8.0.2) but Microsoft.Extensions.Configuration.Abstractions 8.0.2 was not found. Microsoft.Extensions.Configuration.Abstractions 9.0.0 was resolved instead.
D:\Project\QuangHuongComputer\backend\Services\Inventory\Domain\Supplier.cs(23,15): warning CS8618: Non-nullable property 'Name' must contain a non-null value when exiting constructor. Consider adding the 'required' modifier or declaring the property as nullable. [D:\Project\QuangHuongComputer\backend\Services\Inventory\Inventory.csproj]
D:\Project\QuangHuongComputer\backend\Services\Inventory\Domain\Supplier.cs(23,15): warning CS8618: Non-nullable property 'ContactPerson' must contain a non-null value when exiting constructor. Consider adding the 'required' modifier or declaring the property as nullable. [D:\Project\QuangHuongComputer\backend\Services\Inventory\Inventory.csproj]
D:\Project\QuangHuongComputer\backend\Services\Inventory\Domain\Supplier.cs(23,15): warning CS8618: Non-nullable property 'Email' must contain a non-null value when exiting constructor. Consider adding the 'required' modifier or declaring the property as nullable. [D:\Project\QuangHuongComputer\backend\Services\Inventory\Inventory.csproj]
D:\Project\QuangHuongComputer\backend\Services\Inventory\Domain\Supplier.cs(23,15): warning CS8618: Non-nullable property 'Phone' must contain a non-null value when exiting constructor. Consider adding the 'required' modifier or declaring the property as nullable. [D:\Project\QuangHuongComputer\backend\Services\Inventory\Inventory.csproj]
D:\Project\QuangHuongComputer\backend\Services\Inventory\Domain\Supplier.cs(23,15): warning CS8618: Non-nullable property 'Address' must contain a non-null value when exiting constructor. Consider adding the 'required' modifier or declaring the property as nullable. [D:\Project\QuangHuongComputer\backend\Services\Inventory\Inventory.csproj]
D:\Project\QuangHuongComputer\backend\Services\Inventory\Domain\PurchaseOrder.cs(23,15): warning CS8618: Non-nullable property 'PONumber' must contain a non-null value when exiting constructor. Consider adding the 'required' modifier or declaring the property as nullable. [D:\Project\QuangHuongComputer\backend\Services\Inventory\Inventory.csproj]
D:\Project\QuangHuongComputer\backend\Services\Catalog\Domain\Product.cs(30,15): warning CS8618: Non-nullable property 'Name' must contain a non-null value when exiting constructor. Consider adding the 'required' modifier or declaring the property as nullable. [D:\Project\QuangHuongComputer\backend\Services\Catalog\Catalog.csproj]
D:\Project\QuangHuongComputer\backend\Services\Catalog\Domain\Product.cs(30,15): warning CS8618: Non-nullable property 'Description' must contain a non-null value when exiting constructor. Consider adding the 'required' modifier or declaring the property as nullable. [D:\Project\QuangHuongComputer\backend\Services\Catalog\Catalog.csproj]
D:\Project\QuangHuongComputer\backend\Services\Catalog\Domain\Category.cs(17,15): warning CS8618: Non-nullable property 'Name' must contain a non-null value when exiting constructor. Consider adding the 'required' modifier or declaring the property as nullable. [D:\Project\QuangHuongComputer\backend\Services\Catalog\Catalog.csproj]
D:\Project\QuangHuongComputer\backend\Services\Catalog\Domain\Category.cs(17,15): warning CS8618: Non-nullable property 'Slug' must contain a non-null value when exiting constructor. Consider adding the 'required' modifier or declaring the property as nullable. [D:\Project\QuangHuongComputer\backend\Services\Catalog\Catalog.csproj]
D:\Project\QuangHuongComputer\backend\Services\Catalog\Domain\Brand.cs(18,15): warning CS8618: Non-nullable property 'Name' must contain a non-null value when exiting constructor. Consider adding the 'required' modifier or declaring the property as nullable. [D:\Project\QuangHuongComputer\backend\Services\Catalog\Catalog.csproj]
D:\Project\QuangHuongComputer\backend\Services\Catalog\Domain\Brand.cs(18,15): warning CS8618: Non-nullable property 'Description' must contain a non-null value when exiting constructor. Consider adding the 'required' modifier or declaring the property as nullable. [D:\Project\QuangHuongComputer\backend\Services\Catalog\Catalog.csproj]
D:\Project\QuangHuongComputer\backend\Services\Accounting\API\AccountingController.cs(1,7): error CS0246: The type or namespace name 'MediatR' could not be found (are you missing a using directive or an assembly reference?) [D:\Project\QuangHuongComputer\backend\Services\Accounting\Accounting.csproj]
D:\Project\QuangHuongComputer\backend\Services\Accounting\Application\Accounts\Commands\RecordTransaction\RecordTransactionCommand.cs(1,7): error CS0246: The type or namespace name 'MediatR' could not be found (are you missing a using directive or an assembly reference?) [D:\Project\QuangHuongComputer\backend\Services\Accounting\Accounting.csproj]
D:\Project\QuangHuongComputer\backend\Services\Accounting\Application\Accounts\Commands\RecordTransaction\RecordTransactionCommandHandler.cs(1,7): error CS0246: The type or namespace name 'MediatR' could not be found (are you missing a using directive or an assembly reference?) [D:\Project\QuangHuongComputer\backend\Services\Accounting\Accounting.csproj]
D:\Project\QuangHuongComputer\backend\Services\Accounting\Application\Invoices\Commands\CreateInvoice\CreateInvoiceCommand.cs(3,7): error CS0246: The type or namespace name 'MediatR' could not be found (are you missing a using directive or an assembly reference?) [D:\Project\QuangHuongComputer\backend\Services\Accounting\Accounting.csproj]
D:\Project\QuangHuongComputer\backend\Services\Accounting\Application\Invoices\Commands\CreateInvoice\CreateInvoiceCommandHandler.cs(4,7): error CS0246: The type or namespace name 'MediatR' could not be found (are you missing a using directive or an assembly reference?) [D:\Project\QuangHuongComputer\backend\Services\Accounting\Accounting.csproj]
D:\Project\QuangHuongComputer\backend\Services\Accounting\Application\Invoices\Commands\CreateInvoice\CreateInvoiceCommand.cs(16,22): error CS0246: The type or namespace name 'IRequest<>' could not be found (are you missing a using directive or an assembly reference?) [D:\Project\QuangHuongComputer\backend\Services\Accounting\Accounting.csproj]
D:\Project\QuangHuongComputer\backend\Services\Accounting\Application\Accounts\Commands\RecordTransaction\RecordTransactionCommand.cs(13,5): error CS0246: The type or namespace name 'IRequest<>' could not be found (are you missing a using directive or an assembly reference?) [D:\Project\QuangHuongComputer\backend\Services\Accounting\Accounting.csproj]
D:\Project\QuangHuongComputer\backend\Services\Accounting\Application\Accounts\Commands\RecordTransaction\RecordTransactionCommand.cs(13,14): error CS0246: The type or namespace name 'Unit' could not be found (are you missing a using directive or an assembly reference?) [D:\Project\QuangHuongComputer\backend\Services\Accounting\Accounting.csproj]
D:\Project\QuangHuongComputer\backend\Services\Accounting\Application\Invoices\Commands\CreateInvoice\CreateInvoiceCommandHandler.cs(8,44): error CS0246: The type or namespace name 'IRequestHandler<,>' could not be found (are you missing a using directive or an assembly reference?) [D:\Project\QuangHuongComputer\backend\Services\Accounting\Accounting.csproj]
D:\Project\QuangHuongComputer\backend\Services\Accounting\Application\Accounts\Commands\RecordTransaction\RecordTransactionCommandHandler.cs(7,48): error CS0246: The type or namespace name 'IRequestHandler<,>' could not be found (are you missing a using directive or an assembly reference?) [D:\Project\QuangHuongComputer\backend\Services\Accounting\Accounting.csproj]
D:\Project\QuangHuongComputer\backend\Services\Accounting\Application\Accounts\Commands\RecordTransaction\RecordTransactionCommandHandler.cs(7,90): error CS0246: The type or namespace name 'Unit' could not be found (are you missing a using directive or an assembly reference?) [D:\Project\QuangHuongComputer\backend\Services\Accounting\Accounting.csproj]
D:\Project\QuangHuongComputer\backend\Services\Accounting\Application\Accounts\Commands\RecordTransaction\RecordTransactionCommandHandler.cs(16,23): error CS0246: The type or namespace name 'Unit' could not be found (are you missing a using directive or an assembly reference?) [D:\Project\QuangHuongComputer\backend\Services\Accounting\Accounting.csproj]
D:\Project\QuangHuongComputer\backend\Services\Accounting\API\AccountingController.cs(12,22): error CS0246: The type or namespace name 'ISender' could not be found (are you missing a using directive or an assembly reference?) [D:\Project\QuangHuongComputer\backend\Services\Accounting\Accounting.csproj]
D:\Project\QuangHuongComputer\backend\Services\Accounting\API\AccountingController.cs(14,33): error CS0246: The type or namespace name 'ISender' could not be found (are you missing a using directive or an assembly reference?) [D:\Project\QuangHuongComputer\backend\Services\Accounting\Accounting.csproj]
D:\Project\QuangHuongComputer\backend\Services\Inventory.Tests\Domain\InventoryItemTests.cs(1,7): error CS0246: The type or namespace name 'FluentAssertions' could not be found (are you missing a using directive or an assembly reference?) [D:\Project\QuangHuongComputer\backend\Services\Inventory.Tests\Inventory.Tests.csproj]
D:\Project\QuangHuongComputer\backend\Services\Inventory.Tests\Domain\PurchaseOrderTests.cs(1,7): error CS0246: The type or namespace name 'FluentAssertions' could not be found (are you missing a using directive or an assembly reference?) [D:\Project\QuangHuongComputer\backend\Services\Inventory.Tests\Inventory.Tests.csproj]
D:\Project\QuangHuongComputer\backend\Services\Inventory.Tests\Domain\InventoryItemTests.cs(8,6): error CS0246: The type or namespace name 'FactAttribute' could not be found (are you missing a using directive or an assembly reference?) [D:\Project\QuangHuongComputer\backend\Services\Inventory.Tests\Inventory.Tests.csproj]
D:\Project\QuangHuongComputer\backend\Services\Inventory.Tests\Domain\InventoryItemTests.cs(8,6): error CS0246: The type or namespace name 'Fact' could not be found (are you missing a using directive or an assembly reference?) [D:\Project\QuangHuongComputer\backend\Services\Inventory.Tests\Inventory.Tests.csproj]
D:\Project\QuangHuongComputer\backend\Services\Inventory.Tests\Domain\PurchaseOrderTests.cs(8,6): error CS0246: The type or namespace name 'FactAttribute' could not be found (are you missing a using directive or an assembly reference?) [D:\Project\QuangHuongComputer\backend\Services\Inventory.Tests\Inventory.Tests.csproj]
D:\Project\QuangHuongComputer\backend\Services\Sales.Tests\Domain\CartItemTests.cs(1,7): error CS0246: The type or namespace name 'FluentAssertions' could not be found (are you missing a using directive or an assembly reference?) [D:\Project\QuangHuongComputer\backend\Services\Sales.Tests\Sales.Tests.csproj]
D:\Project\QuangHuongComputer\backend\Services\Inventory.Tests\Domain\PurchaseOrderTests.cs(8,6): error CS0246: The type or namespace name 'Fact' could not be found (are you missing a using directive or an assembly reference?) [D:\Project\QuangHuongComputer\backend\Services\Inventory.Tests\Inventory.Tests.csproj]
D:\Project\QuangHuongComputer\backend\Services\Inventory.Tests\UnitTest1.cs(5,6): error CS0246: The type or namespace name 'FactAttribute' could not be found (are you missing a using directive or an assembly reference?) [D:\Project\QuangHuongComputer\backend\Services\Inventory.Tests\Inventory.Tests.csproj]
D:\Project\QuangHuongComputer\backend\Services\Inventory.Tests\UnitTest1.cs(5,6): error CS0246: The type or namespace name 'Fact' could not be found (are you missing a using directive or an assembly reference?) [D:\Project\QuangHuongComputer\backend\Services\Inventory.Tests\Inventory.Tests.csproj]
D:\Project\QuangHuongComputer\backend\Services\Inventory.Tests\Domain\PurchaseOrderTests.cs(29,6): error CS0246: The type or namespace name 'FactAttribute' could not be found (are you missing a using directive or an assembly reference?) [D:\Project\QuangHuongComputer\backend\Services\Inventory.Tests\Inventory.Tests.csproj]
D:\Project\QuangHuongComputer\backend\Services\Inventory.Tests\Domain\PurchaseOrderTests.cs(29,6): error CS0246: The type or namespace name 'Fact' could not be found (are you missing a using directive or an assembly reference?) [D:\Project\QuangHuongComputer\backend\Services\Inventory.Tests\Inventory.Tests.csproj]
D:\Project\QuangHuongComputer\backend\Services\Inventory.Tests\Domain\InventoryItemTests.cs(25,6): error CS0246: The type or namespace name 'FactAttribute' could not be found (are you missing a using directive or an assembly reference?) [D:\Project\QuangHuongComputer\backend\Services\Inventory.Tests\Inventory.Tests.csproj]
D:\Project\QuangHuongComputer\backend\Services\Sales.Tests\Domain\CartTests.cs(1,7): error CS0246: The type or namespace name 'FluentAssertions' could not be found (are you missing a using directive or an assembly reference?) [D:\Project\QuangHuongComputer\backend\Services\Sales.Tests\Sales.Tests.csproj]
D:\Project\QuangHuongComputer\backend\Services\Inventory.Tests\Domain\InventoryItemTests.cs(25,6): error CS0246: The type or namespace name 'Fact' could not be found (are you missing a using directive or an assembly reference?) [D:\Project\QuangHuongComputer\backend\Services\Inventory.Tests\Inventory.Tests.csproj]
D:\Project\QuangHuongComputer\backend\Services\Inventory.Tests\Domain\PurchaseOrderTests.cs(46,6): error CS0246: The type or namespace name 'FactAttribute' could not be found (are you missing a using directive or an assembly reference?) [D:\Project\QuangHuongComputer\backend\Services\Inventory.Tests\Inventory.Tests.csproj]
D:\Project\QuangHuongComputer\backend\Services\Inventory.Tests\Domain\PurchaseOrderTests.cs(46,6): error CS0246: The type or namespace name 'Fact' could not be found (are you missing a using directive or an assembly reference?) [D:\Project\QuangHuongComputer\backend\Services\Inventory.Tests\Inventory.Tests.csproj]
D:\Project\QuangHuongComputer\backend\Services\Inventory.Tests\Domain\InventoryItemTests.cs(38,6): error CS0246: The type or namespace name 'FactAttribute' could not be found (are you missing a using directive or an assembly reference?) [D:\Project\QuangHuongComputer\backend\Services\Inventory.Tests\Inventory.Tests.csproj]
D:\Project\QuangHuongComputer\backend\Services\Inventory.Tests\Domain\InventoryItemTests.cs(38,6): error CS0246: The type or namespace name 'Fact' could not be found (are you missing a using directive or an assembly reference?) [D:\Project\QuangHuongComputer\backend\Services\Inventory.Tests\Inventory.Tests.csproj]
D:\Project\QuangHuongComputer\backend\Services\Inventory.Tests\Domain\PurchaseOrderTests.cs(63,6): error CS0246: The type or namespace name 'FactAttribute' could not be found (are you missing a using directive or an assembly reference?) [D:\Project\QuangHuongComputer\backend\Services\Inventory.Tests\Inventory.Tests.csproj]
D:\Project\QuangHuongComputer\backend\Services\Inventory.Tests\Domain\PurchaseOrderTests.cs(63,6): error CS0246: The type or namespace name 'Fact' could not be found (are you missing a using directive or an assembly reference?) [D:\Project\QuangHuongComputer\backend\Services\Inventory.Tests\Inventory.Tests.csproj]
D:\Project\QuangHuongComputer\backend\Services\Inventory.Tests\Domain\InventoryItemTests.cs(51,6): error CS0246: The type or namespace name 'FactAttribute' could not be found (are you missing a using directive or an assembly reference?) [D:\Project\QuangHuongComputer\backend\Services\Inventory.Tests\Inventory.Tests.csproj]
D:\Project\QuangHuongComputer\backend\Services\Inventory.Tests\Domain\InventoryItemTests.cs(51,6): error CS0246: The type or namespace name 'Fact' could not be found (are you missing a using directive or an assembly reference?) [D:\Project\QuangHuongComputer\backend\Services\Inventory.Tests\Inventory.Tests.csproj]
D:\Project\QuangHuongComputer\backend\Services\Inventory.Tests\Domain\InventoryItemTests.cs(61,6): error CS0246: The type or namespace name 'FactAttribute' could not be found (are you missing a using directive or an assembly reference?) [D:\Project\QuangHuongComputer\backend\Services\Inventory.Tests\Inventory.Tests.csproj]
D:\Project\QuangHuongComputer\backend\Services\Sales.Tests\Domain\OrderTests.cs(1,7): error CS0246: The type or namespace name 'FluentAssertions' could not be found (are you missing a using directive or an assembly reference?) [D:\Project\QuangHuongComputer\backend\Services\Sales.Tests\Sales.Tests.csproj]
D:\Project\QuangHuongComputer\backend\Services\Inventory.Tests\Domain\InventoryItemTests.cs(61,6): error CS0246: The type or namespace name 'Fact' could not be found (are you missing a using directive or an assembly reference?) [D:\Project\QuangHuongComputer\backend\Services\Inventory.Tests\Inventory.Tests.csproj]
D:\Project\QuangHuongComputer\backend\Services\Inventory.Tests\Domain\InventoryItemTests.cs(71,6): error CS0246: The type or namespace name 'FactAttribute' could not be found (are you missing a using directive or an assembly reference?) [D:\Project\QuangHuongComputer\backend\Services\Inventory.Tests\Inventory.Tests.csproj]
D:\Project\QuangHuongComputer\backend\Services\Sales.Tests\Domain\OrderTests.cs(8,6): error CS0246: The type or namespace name 'FactAttribute' could not be found (are you missing a using directive or an assembly reference?) [D:\Project\QuangHuongComputer\backend\Services\Sales.Tests\Sales.Tests.csproj]
D:\Project\QuangHuongComputer\backend\Services\Inventory.Tests\Domain\InventoryItemTests.cs(71,6): error CS0246: The type or namespace name 'Fact' could not be found (are you missing a using directive or an assembly reference?) [D:\Project\QuangHuongComputer\backend\Services\Inventory.Tests\Inventory.Tests.csproj]
D:\Project\QuangHuongComputer\backend\Services\Sales.Tests\Domain\OrderTests.cs(8,6): error CS0246: The type or namespace name 'Fact' could not be found (are you missing a using directive or an assembly reference?) [D:\Project\QuangHuongComputer\backend\Services\Sales.Tests\Sales.Tests.csproj]
D:\Project\QuangHuongComputer\backend\Services\Sales.Tests\Domain\CartTests.cs(8,6): error CS0246: The type or namespace name 'FactAttribute' could not be found (are you missing a using directive or an assembly reference?) [D:\Project\QuangHuongComputer\backend\Services\Sales.Tests\Sales.Tests.csproj]
D:\Project\QuangHuongComputer\backend\Services\Sales.Tests\Domain\CartTests.cs(8,6): error CS0246: The type or namespace name 'Fact' could not be found (are you missing a using directive or an assembly reference?) [D:\Project\QuangHuongComputer\backend\Services\Sales.Tests\Sales.Tests.csproj]
D:\Project\QuangHuongComputer\backend\Services\Sales.Tests\UnitTest1.cs(5,6): error CS0246: The type or namespace name 'FactAttribute' could not be found (are you missing a using directive or an assembly reference?) [D:\Project\QuangHuongComputer\backend\Services\Sales.Tests\Sales.Tests.csproj]
D:\Project\QuangHuongComputer\backend\Services\Sales.Tests\UnitTest1.cs(5,6): error CS0246: The type or namespace name 'Fact' could not be found (are you missing a using directive or an assembly reference?) [D:\Project\QuangHuongComputer\backend\Services\Sales.Tests\Sales.Tests.csproj]
D:\Project\QuangHuongComputer\backend\Services\Sales.Tests\Domain\CartItemTests.cs(8,6): error CS0246: The type or namespace name 'FactAttribute' could not be found (are you missing a using directive or an assembly reference?) [D:\Project\QuangHuongComputer\backend\Services\Sales.Tests\Sales.Tests.csproj]
D:\Project\QuangHuongComputer\backend\Services\Sales.Tests\Domain\CartItemTests.cs(8,6): error CS0246: The type or namespace name 'Fact' could not be found (are you missing a using directive or an assembly reference?) [D:\Project\QuangHuongComputer\backend\Services\Sales.Tests\Sales.Tests.csproj]
D:\Project\QuangHuongComputer\backend\Services\Sales.Tests\Domain\CartTests.cs(26,6): error CS0246: The type or namespace name 'FactAttribute' could not be found (are you missing a using directive or an assembly reference?) [D:\Project\QuangHuongComputer\backend\Services\Sales.Tests\Sales.Tests.csproj]
D:\Project\QuangHuongComputer\backend\Services\Sales.Tests\Domain\CartTests.cs(26,6): error CS0246: The type or namespace name 'Fact' could not be found (are you missing a using directive or an assembly reference?) [D:\Project\QuangHuongComputer\backend\Services\Sales.Tests\Sales.Tests.csproj]
D:\Project\QuangHuongComputer\backend\Services\Sales.Tests\Domain\OrderTests.cs(30,6): error CS0246: The type or namespace name 'FactAttribute' could not be found (are you missing a using directive or an assembly reference?) [D:\Project\QuangHuongComputer\backend\Services\Sales.Tests\Sales.Tests.csproj]
D:\Project\QuangHuongComputer\backend\Services\Sales.Tests\Domain\OrderTests.cs(30,6): error CS0246: The type or namespace name 'Fact' could not be found (are you missing a using directive or an assembly reference?) [D:\Project\QuangHuongComputer\backend\Services\Sales.Tests\Sales.Tests.csproj]
D:\Project\QuangHuongComputer\backend\Services\Sales.Tests\Domain\CartItemTests.cs(21,6): error CS0246: The type or namespace name 'FactAttribute' could not be found (are you missing a using directive or an assembly reference?) [D:\Project\QuangHuongComputer\backend\Services\Sales.Tests\Sales.Tests.csproj]
D:\Project\QuangHuongComputer\backend\Services\Sales.Tests\Domain\CartItemTests.cs(21,6): error CS0246: The type or namespace name 'Fact' could not be found (are you missing a using directive or an assembly reference?) [D:\Project\QuangHuongComputer\backend\Services\Sales.Tests\Sales.Tests.csproj]
D:\Project\QuangHuongComputer\backend\Services\Sales.Tests\Domain\CartTests.cs(42,6): error CS0246: The type or namespace name 'FactAttribute' could not be found (are you missing a using directive or an assembly reference?) [D:\Project\QuangHuongComputer\backend\Services\Sales.Tests\Sales.Tests.csproj]
D:\Project\QuangHuongComputer\backend\Services\Sales.Tests\Domain\CartTests.cs(42,6): error CS0246: The type or namespace name 'Fact' could not be found (are you missing a using directive or an assembly reference?) [D:\Project\QuangHuongComputer\backend\Services\Sales.Tests\Sales.Tests.csproj]
D:\Project\QuangHuongComputer\backend\Services\Sales.Tests\Domain\OrderTests.cs(49,6): error CS0246: The type or namespace name 'FactAttribute' could not be found (are you missing a using directive or an assembly reference?) [D:\Project\QuangHuongComputer\backend\Services\Sales.Tests\Sales.Tests.csproj]
D:\Project\QuangHuongComputer\backend\Services\Sales.Tests\Domain\OrderTests.cs(49,6): error CS0246: The type or namespace name 'Fact' could not be found (are you missing a using directive or an assembly reference?) [D:\Project\QuangHuongComputer\backend\Services\Sales.Tests\Sales.Tests.csproj]
D:\Project\QuangHuongComputer\backend\Services\Sales.Tests\Domain\CartItemTests.cs(35,6): error CS0246: The type or namespace name 'FactAttribute' could not be found (are you missing a using directive or an assembly reference?) [D:\Project\QuangHuongComputer\backend\Services\Sales.Tests\Sales.Tests.csproj]
D:\Project\QuangHuongComputer\backend\Services\Sales.Tests\Domain\CartItemTests.cs(35,6): error CS0246: The type or namespace name 'Fact' could not be found (are you missing a using directive or an assembly reference?) [D:\Project\QuangHuongComputer\backend\Services\Sales.Tests\Sales.Tests.csproj]
D:\Project\QuangHuongComputer\backend\Services\Sales.Tests\Domain\OrderTests.cs(67,6): error CS0246: The type or namespace name 'FactAttribute' could not be found (are you missing a using directive or an assembly reference?) [D:\Project\QuangHuongComputer\backend\Services\Sales.Tests\Sales.Tests.csproj]
D:\Project\QuangHuongComputer\backend\Services\Sales.Tests\Domain\OrderTests.cs(67,6): error CS0246: The type or namespace name 'Fact' could not be found (are you missing a using directive or an assembly reference?) [D:\Project\QuangHuongComputer\backend\Services\Sales.Tests\Sales.Tests.csproj]
D:\Project\QuangHuongComputer\backend\Services\Sales.Tests\Domain\CartTests.cs(57,6): error CS0246: The type or namespace name 'FactAttribute' could not be found (are you missing a using directive or an assembly reference?) [D:\Project\QuangHuongComputer\backend\Services\Sales.Tests\Sales.Tests.csproj]
D:\Project\QuangHuongComputer\backend\Services\Sales.Tests\Domain\CartTests.cs(57,6): error CS0246: The type or namespace name 'Fact' could not be found (are you missing a using directive or an assembly reference?) [D:\Project\QuangHuongComputer\backend\Services\Sales.Tests\Sales.Tests.csproj]
D:\Project\QuangHuongComputer\backend\Services\Sales.Tests\Domain\CartTests.cs(71,6): error CS0246: The type or namespace name 'FactAttribute' could not be found (are you missing a using directive or an assembly reference?) [D:\Project\QuangHuongComputer\backend\Services\Sales.Tests\Sales.Tests.csproj]
D:\Project\QuangHuongComputer\backend\Services\Sales.Tests\Domain\CartTests.cs(71,6): error CS0246: The type or namespace name 'Fact' could not be found (are you missing a using directive or an assembly reference?) [D:\Project\QuangHuongComputer\backend\Services\Sales.Tests\Sales.Tests.csproj]
D:\Project\QuangHuongComputer\backend\Services\Sales.Tests\Domain\OrderTests.cs(85,6): error CS0246: The type or namespace name 'FactAttribute' could not be found (are you missing a using directive or an assembly reference?) [D:\Project\QuangHuongComputer\backend\Services\Sales.Tests\Sales.Tests.csproj]
D:\Project\QuangHuongComputer\backend\Services\Sales.Tests\Domain\OrderTests.cs(85,6): error CS0246: The type or namespace name 'Fact' could not be found (are you missing a using directive or an assembly reference?) [D:\Project\QuangHuongComputer\backend\Services\Sales.Tests\Sales.Tests.csproj]
D:\Project\QuangHuongComputer\backend\Services\Sales.Tests\Domain\CartItemTests.cs(49,6): error CS0246: The type or namespace name 'FactAttribute' could not be found (are you missing a using directive or an assembly reference?) [D:\Project\QuangHuongComputer\backend\Services\Sales.Tests\Sales.Tests.csproj]
D:\Project\QuangHuongComputer\backend\Services\Sales.Tests\Domain\CartItemTests.cs(49,6): error CS0246: The type or namespace name 'Fact' could not be found (are you missing a using directive or an assembly reference?) [D:\Project\QuangHuongComputer\backend\Services\Sales.Tests\Sales.Tests.csproj]
D:\Project\QuangHuongComputer\backend\Services\Sales.Tests\Domain\OrderTests.cs(103,6): error CS0246: The type or namespace name 'FactAttribute' could not be found (are you missing a using directive or an assembly reference?) [D:\Project\QuangHuongComputer\backend\Services\Sales.Tests\Sales.Tests.csproj]
D:\Project\QuangHuongComputer\backend\Services\Sales.Tests\Domain\OrderTests.cs(103,6): error CS0246: The type or namespace name 'Fact' could not be found (are you missing a using directive or an assembly reference?) [D:\Project\QuangHuongComputer\backend\Services\Sales.Tests\Sales.Tests.csproj]
D:\Project\QuangHuongComputer\backend\Services\Sales.Tests\Domain\CartItemTests.cs(59,6): error CS0246: The type or namespace name 'FactAttribute' could not be found (are you missing a using directive or an assembly reference?) [D:\Project\QuangHuongComputer\backend\Services\Sales.Tests\Sales.Tests.csproj]
D:\Project\QuangHuongComputer\backend\Services\Sales.Tests\Domain\CartItemTests.cs(59,6): error CS0246: The type or namespace name 'Fact' could not be found (are you missing a using directive or an assembly reference?) [D:\Project\QuangHuongComputer\backend\Services\Sales.Tests\Sales.Tests.csproj]
D:\Project\QuangHuongComputer\backend\Services\Sales.Tests\Domain\CartTests.cs(86,6): error CS0246: The type or namespace name 'FactAttribute' could not be found (are you missing a using directive or an assembly reference?) [D:\Project\QuangHuongComputer\backend\Services\Sales.Tests\Sales.Tests.csproj]
D:\Project\QuangHuongComputer\backend\Services\Sales.Tests\Domain\CartTests.cs(86,6): error CS0246: The type or namespace name 'Fact' could not be found (are you missing a using directive or an assembly reference?) [D:\Project\QuangHuongComputer\backend\Services\Sales.Tests\Sales.Tests.csproj]
D:\Project\QuangHuongComputer\backend\Services\Sales.Tests\Domain\CartTests.cs(101,6): error CS0246: The type or namespace name 'FactAttribute' could not be found (are you missing a using directive or an assembly reference?) [D:\Project\QuangHuongComputer\backend\Services\Sales.Tests\Sales.Tests.csproj]
D:\Project\QuangHuongComputer\backend\Services\Sales.Tests\Domain\CartTests.cs(101,6): error CS0246: The type or namespace name 'Fact' could not be found (are you missing a using directive or an assembly reference?) [D:\Project\QuangHuongComputer\backend\Services\Sales.Tests\Sales.Tests.csproj]
D:\Project\QuangHuongComputer\backend\Services\Sales.Tests\Domain\OrderTests.cs(123,6): error CS0246: The type or namespace name 'FactAttribute' could not be found (are you missing a using directive or an assembly reference?) [D:\Project\QuangHuongComputer\backend\Services\Sales.Tests\Sales.Tests.csproj]
D:\Project\QuangHuongComputer\backend\Services\Sales.Tests\Domain\OrderTests.cs(123,6): error CS0246: The type or namespace name 'Fact' could not be found (are you missing a using directive or an assembly reference?) [D:\Project\QuangHuongComputer\backend\Services\Sales.Tests\Sales.Tests.csproj]
D:\Project\QuangHuongComputer\backend\Services\Sales.Tests\Domain\CartTests.cs(113,6): error CS0246: The type or namespace name 'FactAttribute' could not be found (are you missing a using directive or an assembly reference?) [D:\Project\QuangHuongComputer\backend\Services\Sales.Tests\Sales.Tests.csproj]
D:\Project\QuangHuongComputer\backend\Services\Sales.Tests\Domain\CartTests.cs(113,6): error CS0246: The type or namespace name 'Fact' could not be found (are you missing a using directive or an assembly reference?) [D:\Project\QuangHuongComputer\backend\Services\Sales.Tests\Sales.Tests.csproj]
D:\Project\QuangHuongComputer\backend\Services\Repair.Tests\Domain\WorkOrderTests.cs(1,7): error CS0246: The type or namespace name 'FluentAssertions' could not be found (are you missing a using directive or an assembly reference?) [D:\Project\QuangHuongComputer\backend\Services\Repair.Tests\Repair.Tests.csproj]
D:\Project\QuangHuongComputer\backend\Services\Repair.Tests\UnitTest1.cs(5,6): error CS0246: The type or namespace name 'FactAttribute' could not be found (are you missing a using directive or an assembly reference?) [D:\Project\QuangHuongComputer\backend\Services\Repair.Tests\Repair.Tests.csproj]
D:\Project\QuangHuongComputer\backend\Services\Repair.Tests\UnitTest1.cs(5,6): error CS0246: The type or namespace name 'Fact' could not be found (are you missing a using directive or an assembly reference?) [D:\Project\QuangHuongComputer\backend\Services\Repair.Tests\Repair.Tests.csproj]
D:\Project\QuangHuongComputer\backend\Services\Repair.Tests\Domain\WorkOrderTests.cs(8,6): error CS0246: The type or namespace name 'FactAttribute' could not be found (are you missing a using directive or an assembly reference?) [D:\Project\QuangHuongComputer\backend\Services\Repair.Tests\Repair.Tests.csproj]
D:\Project\QuangHuongComputer\backend\Services\Repair.Tests\Domain\WorkOrderTests.cs(8,6): error CS0246: The type or namespace name 'Fact' could not be found (are you missing a using directive or an assembly reference?) [D:\Project\QuangHuongComputer\backend\Services\Repair.Tests\Repair.Tests.csproj]
D:\Project\QuangHuongComputer\backend\Services\Repair.Tests\Domain\WorkOrderTests.cs(26,6): error CS0246: The type or namespace name 'FactAttribute' could not be found (are you missing a using directive or an assembly reference?) [D:\Project\QuangHuongComputer\backend\Services\Repair.Tests\Repair.Tests.csproj]
D:\Project\QuangHuongComputer\backend\Services\Repair.Tests\Domain\WorkOrderTests.cs(26,6): error CS0246: The type or namespace name 'Fact' could not be found (are you missing a using directive or an assembly reference?) [D:\Project\QuangHuongComputer\backend\Services\Repair.Tests\Repair.Tests.csproj]
D:\Project\QuangHuongComputer\backend\Services\Repair.Tests\Domain\WorkOrderTests.cs(41,6): error CS0246: The type or namespace name 'FactAttribute' could not be found (are you missing a using directive or an assembly reference?) [D:\Project\QuangHuongComputer\backend\Services\Repair.Tests\Repair.Tests.csproj]
D:\Project\QuangHuongComputer\backend\Services\Repair.Tests\Domain\WorkOrderTests.cs(41,6): error CS0246: The type or namespace name 'Fact' could not be found (are you missing a using directive or an assembly reference?) [D:\Project\QuangHuongComputer\backend\Services\Repair.Tests\Repair.Tests.csproj]
D:\Project\QuangHuongComputer\backend\Services\Repair.Tests\Domain\WorkOrderTests.cs(56,6): error CS0246: The type or namespace name 'FactAttribute' could not be found (are you missing a using directive or an assembly reference?) [D:\Project\QuangHuongComputer\backend\Services\Repair.Tests\Repair.Tests.csproj]
D:\Project\QuangHuongComputer\backend\Services\Repair.Tests\Domain\WorkOrderTests.cs(56,6): error CS0246: The type or namespace name 'Fact' could not be found (are you missing a using directive or an assembly reference?) [D:\Project\QuangHuongComputer\backend\Services\Repair.Tests\Repair.Tests.csproj]
D:\Project\QuangHuongComputer\backend\Services\Repair.Tests\Domain\WorkOrderTests.cs(70,6): error CS0246: The type or namespace name 'FactAttribute' could not be found (are you missing a using directive or an assembly reference?) [D:\Project\QuangHuongComputer\backend\Services\Repair.Tests\Repair.Tests.csproj]
D:\Project\QuangHuongComputer\backend\Services\Repair.Tests\Domain\WorkOrderTests.cs(70,6): error CS0246: The type or namespace name 'Fact' could not be found (are you missing a using directive or an assembly reference?) [D:\Project\QuangHuongComputer\backend\Services\Repair.Tests\Repair.Tests.csproj]
D:\Project\QuangHuongComputer\backend\Services\Repair.Tests\Domain\WorkOrderTests.cs(90,6): error CS0246: The type or namespace name 'FactAttribute' could not be found (are you missing a using directive or an assembly reference?) [D:\Project\QuangHuongComputer\backend\Services\Repair.Tests\Repair.Tests.csproj]
D:\Project\QuangHuongComputer\backend\Services\Repair.Tests\Domain\WorkOrderTests.cs(90,6): error CS0246: The type or namespace name 'Fact' could not be found (are you missing a using directive or an assembly reference?) [D:\Project\QuangHuongComputer\backend\Services\Repair.Tests\Repair.Tests.csproj]
D:\Project\QuangHuongComputer\backend\Services\Repair.Tests\Domain\WorkOrderTests.cs(104,6): error CS0246: The type or namespace name 'FactAttribute' could not be found (are you missing a using directive or an assembly reference?) [D:\Project\QuangHuongComputer\backend\Services\Repair.Tests\Repair.Tests.csproj]
D:\Project\QuangHuongComputer\backend\Services\Repair.Tests\Domain\WorkOrderTests.cs(104,6): error CS0246: The type or namespace name 'Fact' could not be found (are you missing a using directive or an assembly reference?) [D:\Project\QuangHuongComputer\backend\Services\Repair.Tests\Repair.Tests.csproj]
    20 Warning(s)
    100 Error(s)

Time Elapsed 00:00:06.62
