D:\Project\QuangHuongComputer\backend\Services\Identity\Identity.csproj : warning NU1603: BuildingBlocks depends on Microsoft.Extensions.Hosting.Abstractions (>= 8.0.2) but Microsoft.Extensions.Hosting.Abstractions 8.0.2 was not found. Microsoft.Extensions.Hosting.Abstractions 9.0.0 was resolved instead.
D:\Project\QuangHuongComputer\backend\Services\Payments\Payments.csproj : warning NU1603: BuildingBlocks depends on Microsoft.Extensions.Hosting.Abstractions (>= 8.0.2) but Microsoft.Extensions.Hosting.Abstractions 8.0.2 was not found. Microsoft.Extensions.Hosting.Abstractions 9.0.0 was resolved instead.
D:\Project\QuangHuongComputer\backend\Services\Ai\Ai.csproj : warning NU1603: BuildingBlocks depends on Microsoft.Extensions.Hosting.Abstractions (>= 8.0.2) but Microsoft.Extensions.Hosting.Abstractions 8.0.2 was not found. Microsoft.Extensions.Hosting.Abstractions 9.0.0 was resolved instead.
D:\Project\QuangHuongComputer\backend\Services\Sales.Tests\Sales.Tests.csproj : warning NU1603: BuildingBlocks depends on Microsoft.Extensions.Hosting.Abstractions (>= 8.0.2) but Microsoft.Extensions.Hosting.Abstractions 8.0.2 was not found. Microsoft.Extensions.Hosting.Abstractions 9.0.0 was resolved instead.
D:\Project\QuangHuongComputer\backend\BuildingBlocks\BuildingBlocks.csproj : warning NU1603: BuildingBlocks depends on Microsoft.Extensions.Hosting.Abstractions (>= 8.0.2) but Microsoft.Extensions.Hosting.Abstractions 8.0.2 was not found. Microsoft.Extensions.Hosting.Abstractions 9.0.0 was resolved instead.
D:\Project\QuangHuongComputer\backend\Services\Ai\Ai.csproj : warning NU1603: Ai depends on Microsoft.Extensions.Http (>= 8.0.2) but Microsoft.Extensions.Http 8.0.2 was not found. Microsoft.Extensions.Http 9.0.0 was resolved instead.
D:\Project\QuangHuongComputer\backend\Services\Repair.Tests\Repair.Tests.csproj : warning NU1603: BuildingBlocks depends on Microsoft.Extensions.Hosting.Abstractions (>= 8.0.2) but Microsoft.Extensions.Hosting.Abstractions 8.0.2 was not found. Microsoft.Extensions.Hosting.Abstractions 9.0.0 was resolved instead.
D:\Project\QuangHuongComputer\backend\Services\Sales\Sales.csproj : warning NU1603: BuildingBlocks depends on Microsoft.Extensions.Hosting.Abstractions (>= 8.0.2) but Microsoft.Extensions.Hosting.Abstractions 8.0.2 was not found. Microsoft.Extensions.Hosting.Abstractions 9.0.0 was resolved instead.
D:\Project\QuangHuongComputer\backend\Services\Warranty\Warranty.csproj : warning NU1603: BuildingBlocks depends on Microsoft.Extensions.Hosting.Abstractions (>= 8.0.2) but Microsoft.Extensions.Hosting.Abstractions 8.0.2 was not found. Microsoft.Extensions.Hosting.Abstractions 9.0.0 was resolved instead.
D:\Project\QuangHuongComputer\backend\Services\Communication\Communication.csproj : warning NU1603: BuildingBlocks depends on Microsoft.Extensions.Hosting.Abstractions (>= 8.0.2) but Microsoft.Extensions.Hosting.Abstractions 8.0.2 was not found. Microsoft.Extensions.Hosting.Abstractions 9.0.0 was resolved instead.
D:\Project\QuangHuongComputer\backend\Services\Inventory.Tests\Inventory.Tests.csproj : warning NU1603: BuildingBlocks depends on Microsoft.Extensions.Hosting.Abstractions (>= 8.0.2) but Microsoft.Extensions.Hosting.Abstractions 8.0.2 was not found. Microsoft.Extensions.Hosting.Abstractions 9.0.0 was resolved instead.
D:\Project\QuangHuongComputer\backend\ApiGateway\ApiGateway.csproj : warning NU1603: BuildingBlocks depends on Microsoft.Extensions.Hosting.Abstractions (>= 8.0.2) but Microsoft.Extensions.Hosting.Abstractions 8.0.2 was not found. Microsoft.Extensions.Hosting.Abstractions 9.0.0 was resolved instead.
D:\Project\QuangHuongComputer\backend\ApiGateway\ApiGateway.csproj : warning NU1603: Ai depends on Microsoft.Extensions.Http (>= 8.0.2) but Microsoft.Extensions.Http 8.0.2 was not found. Microsoft.Extensions.Http 9.0.0 was resolved instead.
D:\Project\QuangHuongComputer\backend\Services\Content\Content.csproj : warning NU1603: BuildingBlocks depends on Microsoft.Extensions.Hosting.Abstractions (>= 8.0.2) but Microsoft.Extensions.Hosting.Abstractions 8.0.2 was not found. Microsoft.Extensions.Hosting.Abstractions 9.0.0 was resolved instead.
D:\Project\QuangHuongComputer\backend\Services\Inventory\Inventory.csproj : warning NU1603: BuildingBlocks depends on Microsoft.Extensions.Hosting.Abstractions (>= 8.0.2) but Microsoft.Extensions.Hosting.Abstractions 8.0.2 was not found. Microsoft.Extensions.Hosting.Abstractions 9.0.0 was resolved instead.
D:\Project\QuangHuongComputer\backend\Services\Accounting\Accounting.csproj : warning NU1603: BuildingBlocks depends on Microsoft.Extensions.Hosting.Abstractions (>= 8.0.2) but Microsoft.Extensions.Hosting.Abstractions 8.0.2 was not found. Microsoft.Extensions.Hosting.Abstractions 9.0.0 was resolved instead.
D:\Project\QuangHuongComputer\backend\Services\Repair\Repair.csproj : warning NU1603: BuildingBlocks depends on Microsoft.Extensions.Hosting.Abstractions (>= 8.0.2) but Microsoft.Extensions.Hosting.Abstractions 8.0.2 was not found. Microsoft.Extensions.Hosting.Abstractions 9.0.0 was resolved instead.
  BuildingBlocks -> D:\Project\QuangHuongComputer\backend\BuildingBlocks\bin\Debug\net8.0\BuildingBlocks.dll
  Ai -> D:\Project\QuangHuongComputer\backend\Services\Ai\bin\Debug\net8.0\Ai.dll
  Communication -> D:\Project\QuangHuongComputer\backend\Services\Communication\bin\Debug\net8.0\Communication.dll
  Content -> D:\Project\QuangHuongComputer\backend\Services\Content\bin\Debug\net8.0\Content.dll
  Sales -> D:\Project\QuangHuongComputer\backend\Services\Sales\bin\Debug\net8.0\Sales.dll
  Payments -> D:\Project\QuangHuongComputer\backend\Services\Payments\bin\Debug\net8.0\Payments.dll
  Warranty -> D:\Project\QuangHuongComputer\backend\Services\Warranty\bin\Debug\net8.0\Warranty.dll
  Inventory -> D:\Project\QuangHuongComputer\backend\Services\Inventory\bin\Debug\net8.0\Inventory.dll
  Identity -> D:\Project\QuangHuongComputer\backend\Services\Identity\bin\Debug\net8.0\Identity.dll
  Accounting -> D:\Project\QuangHuongComputer\backend\Services\Accounting\bin\Debug\net8.0\Accounting.dll
D:\Project\QuangHuongComputer\backend\Services\Catalog\Catalog.csproj : warning NU1603: BuildingBlocks depends on Microsoft.Extensions.Hosting.Abstractions (>= 8.0.2) but Microsoft.Extensions.Hosting.Abstractions 8.0.2 was not found. Microsoft.Extensions.Hosting.Abstractions 9.0.0 was resolved instead.
  Inventory.Tests -> D:\Project\QuangHuongComputer\backend\Services\Inventory.Tests\bin\Debug\net8.0\Inventory.Tests.dll
  Repair -> D:\Project\QuangHuongComputer\backend\Services\Repair\bin\Debug\net8.0\Repair.dll
D:\Project\QuangHuongComputer\backend\Services\Sales.Tests\UnitTest1.cs(5,6): error CS0246: The type or namespace name 'FactAttribute' could not be found (are you missing a using directive or an assembly reference?) [D:\Project\QuangHuongComputer\backend\Services\Sales.Tests\Sales.Tests.csproj]
D:\Project\QuangHuongComputer\backend\Services\Sales.Tests\UnitTest1.cs(5,6): error CS0246: The type or namespace name 'Fact' could not be found (are you missing a using directive or an assembly reference?) [D:\Project\QuangHuongComputer\backend\Services\Sales.Tests\Sales.Tests.csproj]
D:\Project\QuangHuongComputer\backend\Services\Sales.Tests\Domain\CartItemTests.cs(8,6): error CS0246: The type or namespace name 'FactAttribute' could not be found (are you missing a using directive or an assembly reference?) [D:\Project\QuangHuongComputer\backend\Services\Sales.Tests\Sales.Tests.csproj]
D:\Project\QuangHuongComputer\backend\Services\Sales.Tests\Domain\CartItemTests.cs(8,6): error CS0246: The type or namespace name 'Fact' could not be found (are you missing a using directive or an assembly reference?) [D:\Project\QuangHuongComputer\backend\Services\Sales.Tests\Sales.Tests.csproj]
D:\Project\QuangHuongComputer\backend\Services\Sales.Tests\Domain\CartItemTests.cs(21,6): error CS0246: The type or namespace name 'FactAttribute' could not be found (are you missing a using directive or an assembly reference?) [D:\Project\QuangHuongComputer\backend\Services\Sales.Tests\Sales.Tests.csproj]
D:\Project\QuangHuongComputer\backend\Services\Sales.Tests\Domain\CartItemTests.cs(21,6): error CS0246: The type or namespace name 'Fact' could not be found (are you missing a using directive or an assembly reference?) [D:\Project\QuangHuongComputer\backend\Services\Sales.Tests\Sales.Tests.csproj]
D:\Project\QuangHuongComputer\backend\Services\Sales.Tests\Domain\CartItemTests.cs(35,6): error CS0246: The type or namespace name 'FactAttribute' could not be found (are you missing a using directive or an assembly reference?) [D:\Project\QuangHuongComputer\backend\Services\Sales.Tests\Sales.Tests.csproj]
D:\Project\QuangHuongComputer\backend\Services\Sales.Tests\Domain\CartItemTests.cs(35,6): error CS0246: The type or namespace name 'Fact' could not be found (are you missing a using directive or an assembly reference?) [D:\Project\QuangHuongComputer\backend\Services\Sales.Tests\Sales.Tests.csproj]
D:\Project\QuangHuongComputer\backend\Services\Sales.Tests\Domain\CartItemTests.cs(49,6): error CS0246: The type or namespace name 'FactAttribute' could not be found (are you missing a using directive or an assembly reference?) [D:\Project\QuangHuongComputer\backend\Services\Sales.Tests\Sales.Tests.csproj]
D:\Project\QuangHuongComputer\backend\Services\Sales.Tests\Domain\CartItemTests.cs(49,6): error CS0246: The type or namespace name 'Fact' could not be found (are you missing a using directive or an assembly reference?) [D:\Project\QuangHuongComputer\backend\Services\Sales.Tests\Sales.Tests.csproj]
D:\Project\QuangHuongComputer\backend\Services\Sales.Tests\Domain\CartItemTests.cs(59,6): error CS0246: The type or namespace name 'FactAttribute' could not be found (are you missing a using directive or an assembly reference?) [D:\Project\QuangHuongComputer\backend\Services\Sales.Tests\Sales.Tests.csproj]
D:\Project\QuangHuongComputer\backend\Services\Sales.Tests\Domain\CartItemTests.cs(59,6): error CS0246: The type or namespace name 'Fact' could not be found (are you missing a using directive or an assembly reference?) [D:\Project\QuangHuongComputer\backend\Services\Sales.Tests\Sales.Tests.csproj]
  Repair.Tests -> D:\Project\QuangHuongComputer\backend\Services\Repair.Tests\bin\Debug\net8.0\Repair.Tests.dll
  Catalog -> D:\Project\QuangHuongComputer\backend\Services\Catalog\bin\Debug\net8.0\Catalog.dll
  ApiGateway -> D:\Project\QuangHuongComputer\backend\ApiGateway\bin\Debug\net8.0\ApiGateway.dll

Build FAILED.

D:\Project\QuangHuongComputer\backend\Services\Identity\Identity.csproj : warning NU1603: BuildingBlocks depends on Microsoft.Extensions.Hosting.Abstractions (>= 8.0.2) but Microsoft.Extensions.Hosting.Abstractions 8.0.2 was not found. Microsoft.Extensions.Hosting.Abstractions 9.0.0 was resolved instead.
D:\Project\QuangHuongComputer\backend\Services\Payments\Payments.csproj : warning NU1603: BuildingBlocks depends on Microsoft.Extensions.Hosting.Abstractions (>= 8.0.2) but Microsoft.Extensions.Hosting.Abstractions 8.0.2 was not found. Microsoft.Extensions.Hosting.Abstractions 9.0.0 was resolved instead.
D:\Project\QuangHuongComputer\backend\Services\Ai\Ai.csproj : warning NU1603: BuildingBlocks depends on Microsoft.Extensions.Hosting.Abstractions (>= 8.0.2) but Microsoft.Extensions.Hosting.Abstractions 8.0.2 was not found. Microsoft.Extensions.Hosting.Abstractions 9.0.0 was resolved instead.
D:\Project\QuangHuongComputer\backend\Services\Sales.Tests\Sales.Tests.csproj : warning NU1603: BuildingBlocks depends on Microsoft.Extensions.Hosting.Abstractions (>= 8.0.2) but Microsoft.Extensions.Hosting.Abstractions 8.0.2 was not found. Microsoft.Extensions.Hosting.Abstractions 9.0.0 was resolved instead.
D:\Project\QuangHuongComputer\backend\BuildingBlocks\BuildingBlocks.csproj : warning NU1603: BuildingBlocks depends on Microsoft.Extensions.Hosting.Abstractions (>= 8.0.2) but Microsoft.Extensions.Hosting.Abstractions 8.0.2 was not found. Microsoft.Extensions.Hosting.Abstractions 9.0.0 was resolved instead.
D:\Project\QuangHuongComputer\backend\Services\Ai\Ai.csproj : warning NU1603: Ai depends on Microsoft.Extensions.Http (>= 8.0.2) but Microsoft.Extensions.Http 8.0.2 was not found. Microsoft.Extensions.Http 9.0.0 was resolved instead.
D:\Project\QuangHuongComputer\backend\Services\Repair.Tests\Repair.Tests.csproj : warning NU1603: BuildingBlocks depends on Microsoft.Extensions.Hosting.Abstractions (>= 8.0.2) but Microsoft.Extensions.Hosting.Abstractions 8.0.2 was not found. Microsoft.Extensions.Hosting.Abstractions 9.0.0 was resolved instead.
D:\Project\QuangHuongComputer\backend\Services\Sales\Sales.csproj : warning NU1603: BuildingBlocks depends on Microsoft.Extensions.Hosting.Abstractions (>= 8.0.2) but Microsoft.Extensions.Hosting.Abstractions 8.0.2 was not found. Microsoft.Extensions.Hosting.Abstractions 9.0.0 was resolved instead.
D:\Project\QuangHuongComputer\backend\Services\Warranty\Warranty.csproj : warning NU1603: BuildingBlocks depends on Microsoft.Extensions.Hosting.Abstractions (>= 8.0.2) but Microsoft.Extensions.Hosting.Abstractions 8.0.2 was not found. Microsoft.Extensions.Hosting.Abstractions 9.0.0 was resolved instead.
D:\Project\QuangHuongComputer\backend\Services\Communication\Communication.csproj : warning NU1603: BuildingBlocks depends on Microsoft.Extensions.Hosting.Abstractions (>= 8.0.2) but Microsoft.Extensions.Hosting.Abstractions 8.0.2 was not found. Microsoft.Extensions.Hosting.Abstractions 9.0.0 was resolved instead.
D:\Project\QuangHuongComputer\backend\Services\Inventory.Tests\Inventory.Tests.csproj : warning NU1603: BuildingBlocks depends on Microsoft.Extensions.Hosting.Abstractions (>= 8.0.2) but Microsoft.Extensions.Hosting.Abstractions 8.0.2 was not found. Microsoft.Extensions.Hosting.Abstractions 9.0.0 was resolved instead.
D:\Project\QuangHuongComputer\backend\ApiGateway\ApiGateway.csproj : warning NU1603: BuildingBlocks depends on Microsoft.Extensions.Hosting.Abstractions (>= 8.0.2) but Microsoft.Extensions.Hosting.Abstractions 8.0.2 was not found. Microsoft.Extensions.Hosting.Abstractions 9.0.0 was resolved instead.
D:\Project\QuangHuongComputer\backend\ApiGateway\ApiGateway.csproj : warning NU1603: Ai depends on Microsoft.Extensions.Http (>= 8.0.2) but Microsoft.Extensions.Http 8.0.2 was not found. Microsoft.Extensions.Http 9.0.0 was resolved instead.
D:\Project\QuangHuongComputer\backend\Services\Content\Content.csproj : warning NU1603: BuildingBlocks depends on Microsoft.Extensions.Hosting.Abstractions (>= 8.0.2) but Microsoft.Extensions.Hosting.Abstractions 8.0.2 was not found. Microsoft.Extensions.Hosting.Abstractions 9.0.0 was resolved instead.
D:\Project\QuangHuongComputer\backend\Services\Inventory\Inventory.csproj : warning NU1603: BuildingBlocks depends on Microsoft.Extensions.Hosting.Abstractions (>= 8.0.2) but Microsoft.Extensions.Hosting.Abstractions 8.0.2 was not found. Microsoft.Extensions.Hosting.Abstractions 9.0.0 was resolved instead.
D:\Project\QuangHuongComputer\backend\Services\Accounting\Accounting.csproj : warning NU1603: BuildingBlocks depends on Microsoft.Extensions.Hosting.Abstractions (>= 8.0.2) but Microsoft.Extensions.Hosting.Abstractions 8.0.2 was not found. Microsoft.Extensions.Hosting.Abstractions 9.0.0 was resolved instead.
D:\Project\QuangHuongComputer\backend\Services\Repair\Repair.csproj : warning NU1603: BuildingBlocks depends on Microsoft.Extensions.Hosting.Abstractions (>= 8.0.2) but Microsoft.Extensions.Hosting.Abstractions 8.0.2 was not found. Microsoft.Extensions.Hosting.Abstractions 9.0.0 was resolved instead.
D:\Project\QuangHuongComputer\backend\Services\Catalog\Catalog.csproj : warning NU1603: BuildingBlocks depends on Microsoft.Extensions.Hosting.Abstractions (>= 8.0.2) but Microsoft.Extensions.Hosting.Abstractions 8.0.2 was not found. Microsoft.Extensions.Hosting.Abstractions 9.0.0 was resolved instead.
D:\Project\QuangHuongComputer\backend\Services\Sales.Tests\UnitTest1.cs(5,6): error CS0246: The type or namespace name 'FactAttribute' could not be found (are you missing a using directive or an assembly reference?) [D:\Project\QuangHuongComputer\backend\Services\Sales.Tests\Sales.Tests.csproj]
D:\Project\QuangHuongComputer\backend\Services\Sales.Tests\UnitTest1.cs(5,6): error CS0246: The type or namespace name 'Fact' could not be found (are you missing a using directive or an assembly reference?) [D:\Project\QuangHuongComputer\backend\Services\Sales.Tests\Sales.Tests.csproj]
D:\Project\QuangHuongComputer\backend\Services\Sales.Tests\Domain\CartItemTests.cs(8,6): error CS0246: The type or namespace name 'FactAttribute' could not be found (are you missing a using directive or an assembly reference?) [D:\Project\QuangHuongComputer\backend\Services\Sales.Tests\Sales.Tests.csproj]
D:\Project\QuangHuongComputer\backend\Services\Sales.Tests\Domain\CartItemTests.cs(8,6): error CS0246: The type or namespace name 'Fact' could not be found (are you missing a using directive or an assembly reference?) [D:\Project\QuangHuongComputer\backend\Services\Sales.Tests\Sales.Tests.csproj]
D:\Project\QuangHuongComputer\backend\Services\Sales.Tests\Domain\CartItemTests.cs(21,6): error CS0246: The type or namespace name 'FactAttribute' could not be found (are you missing a using directive or an assembly reference?) [D:\Project\QuangHuongComputer\backend\Services\Sales.Tests\Sales.Tests.csproj]
D:\Project\QuangHuongComputer\backend\Services\Sales.Tests\Domain\CartItemTests.cs(21,6): error CS0246: The type or namespace name 'Fact' could not be found (are you missing a using directive or an assembly reference?) [D:\Project\QuangHuongComputer\backend\Services\Sales.Tests\Sales.Tests.csproj]
D:\Project\QuangHuongComputer\backend\Services\Sales.Tests\Domain\CartItemTests.cs(35,6): error CS0246: The type or namespace name 'FactAttribute' could not be found (are you missing a using directive or an assembly reference?) [D:\Project\QuangHuongComputer\backend\Services\Sales.Tests\Sales.Tests.csproj]
D:\Project\QuangHuongComputer\backend\Services\Sales.Tests\Domain\CartItemTests.cs(35,6): error CS0246: The type or namespace name 'Fact' could not be found (are you missing a using directive or an assembly reference?) [D:\Project\QuangHuongComputer\backend\Services\Sales.Tests\Sales.Tests.csproj]
D:\Project\QuangHuongComputer\backend\Services\Sales.Tests\Domain\CartItemTests.cs(49,6): error CS0246: The type or namespace name 'FactAttribute' could not be found (are you missing a using directive or an assembly reference?) [D:\Project\QuangHuongComputer\backend\Services\Sales.Tests\Sales.Tests.csproj]
D:\Project\QuangHuongComputer\backend\Services\Sales.Tests\Domain\CartItemTests.cs(49,6): error CS0246: The type or namespace name 'Fact' could not be found (are you missing a using directive or an assembly reference?) [D:\Project\QuangHuongComputer\backend\Services\Sales.Tests\Sales.Tests.csproj]
D:\Project\QuangHuongComputer\backend\Services\Sales.Tests\Domain\CartItemTests.cs(59,6): error CS0246: The type or namespace name 'FactAttribute' could not be found (are you missing a using directive or an assembly reference?) [D:\Project\QuangHuongComputer\backend\Services\Sales.Tests\Sales.Tests.csproj]
D:\Project\QuangHuongComputer\backend\Services\Sales.Tests\Domain\CartItemTests.cs(59,6): error CS0246: The type or namespace name 'Fact' could not be found (are you missing a using directive or an assembly reference?) [D:\Project\QuangHuongComputer\backend\Services\Sales.Tests\Sales.Tests.csproj]
    18 Warning(s)
    12 Error(s)

Time Elapsed 00:00:01.30
