  Determining projects to restore...
D:\Project\QuangHuongComputer\backend\Services\Inventory.Tests\Inventory.Tests.csproj : warning NU1603: BuildingBlocks depends on Microsoft.Extensions.Hosting.Abstractions (>= 8.0.2) but Microsoft.Extensions.Hosting.Abstractions 8.0.2 was not found. Microsoft.Extensions.Hosting.Abstractions 9.0.0 was resolved instead. [D:\Project\QuangHuongComputer\backend\ComputerCompany.sln]
D:\Project\QuangHuongComputer\backend\Services\Warranty\Warranty.csproj : warning NU1603: BuildingBlocks depends on Microsoft.Extensions.Hosting.Abstractions (>= 8.0.2) but Microsoft.Extensions.Hosting.Abstractions 8.0.2 was not found. Microsoft.Extensions.Hosting.Abstractions 9.0.0 was resolved instead. [D:\Project\QuangHuongComputer\backend\ComputerCompany.sln]
D:\Project\QuangHuongComputer\backend\Services\Repair\Repair.csproj : warning NU1603: BuildingBlocks depends on Microsoft.Extensions.Hosting.Abstractions (>= 8.0.2) but Microsoft.Extensions.Hosting.Abstractions 8.0.2 was not found. Microsoft.Extensions.Hosting.Abstractions 9.0.0 was resolved instead. [D:\Project\QuangHuongComputer\backend\ComputerCompany.sln]
D:\Project\QuangHuongComputer\backend\Services\Content\Content.csproj : warning NU1603: BuildingBlocks depends on Microsoft.Extensions.Hosting.Abstractions (>= 8.0.2) but Microsoft.Extensions.Hosting.Abstractions 8.0.2 was not found. Microsoft.Extensions.Hosting.Abstractions 9.0.0 was resolved instead. [D:\Project\QuangHuongComputer\backend\ComputerCompany.sln]
D:\Project\QuangHuongComputer\backend\Services\Inventory\Inventory.csproj : warning NU1603: BuildingBlocks depends on Microsoft.Extensions.Hosting.Abstractions (>= 8.0.2) but Microsoft.Extensions.Hosting.Abstractions 8.0.2 was not found. Microsoft.Extensions.Hosting.Abstractions 9.0.0 was resolved instead. [D:\Project\QuangHuongComputer\backend\ComputerCompany.sln]
D:\Project\QuangHuongComputer\backend\Services\Communication\Communication.csproj : warning NU1603: BuildingBlocks depends on Microsoft.Extensions.Hosting.Abstractions (>= 8.0.2) but Microsoft.Extensions.Hosting.Abstractions 8.0.2 was not found. Microsoft.Extensions.Hosting.Abstractions 9.0.0 was resolved instead. [D:\Project\QuangHuongComputer\backend\ComputerCompany.sln]
D:\Project\QuangHuongComputer\backend\Services\Repair.Tests\Repair.Tests.csproj : warning NU1603: BuildingBlocks depends on Microsoft.Extensions.Hosting.Abstractions (>= 8.0.2) but Microsoft.Extensions.Hosting.Abstractions 8.0.2 was not found. Microsoft.Extensions.Hosting.Abstractions 9.0.0 was resolved instead. [D:\Project\QuangHuongComputer\backend\ComputerCompany.sln]
D:\Project\QuangHuongComputer\backend\Services\Identity\Identity.csproj : warning NU1603: BuildingBlocks depends on Microsoft.Extensions.Hosting.Abstractions (>= 8.0.2) but Microsoft.Extensions.Hosting.Abstractions 8.0.2 was not found. Microsoft.Extensions.Hosting.Abstractions 9.0.0 was resolved instead. [D:\Project\QuangHuongComputer\backend\ComputerCompany.sln]
D:\Project\QuangHuongComputer\backend\Services\Sales\Sales.csproj : warning NU1603: BuildingBlocks depends on Microsoft.Extensions.Hosting.Abstractions (>= 8.0.2) but Microsoft.Extensions.Hosting.Abstractions 8.0.2 was not found. Microsoft.Extensions.Hosting.Abstractions 9.0.0 was resolved instead. [D:\Project\QuangHuongComputer\backend\ComputerCompany.sln]
D:\Project\QuangHuongComputer\backend\Services\Payments\Payments.csproj : warning NU1603: BuildingBlocks depends on Microsoft.Extensions.Hosting.Abstractions (>= 8.0.2) but Microsoft.Extensions.Hosting.Abstractions 8.0.2 was not found. Microsoft.Extensions.Hosting.Abstractions 9.0.0 was resolved instead. [D:\Project\QuangHuongComputer\backend\ComputerCompany.sln]
D:\Project\QuangHuongComputer\backend\BuildingBlocks\BuildingBlocks.csproj : warning NU1603: BuildingBlocks depends on Microsoft.Extensions.Hosting.Abstractions (>= 8.0.2) but Microsoft.Extensions.Hosting.Abstractions 8.0.2 was not found. Microsoft.Extensions.Hosting.Abstractions 9.0.0 was resolved instead. [D:\Project\QuangHuongComputer\backend\ComputerCompany.sln]
D:\Project\QuangHuongComputer\backend\Services\Sales.Tests\Sales.Tests.csproj : warning NU1603: BuildingBlocks depends on Microsoft.Extensions.Hosting.Abstractions (>= 8.0.2) but Microsoft.Extensions.Hosting.Abstractions 8.0.2 was not found. Microsoft.Extensions.Hosting.Abstractions 9.0.0 was resolved instead. [D:\Project\QuangHuongComputer\backend\ComputerCompany.sln]
D:\Project\QuangHuongComputer\backend\Services\Catalog\Catalog.csproj : warning NU1603: BuildingBlocks depends on Microsoft.Extensions.Hosting.Abstractions (>= 8.0.2) but Microsoft.Extensions.Hosting.Abstractions 8.0.2 was not found. Microsoft.Extensions.Hosting.Abstractions 9.0.0 was resolved instead. [D:\Project\QuangHuongComputer\backend\ComputerCompany.sln]
D:\Project\QuangHuongComputer\backend\Services\Accounting\Accounting.csproj : warning NU1603: BuildingBlocks depends on Microsoft.Extensions.Hosting.Abstractions (>= 8.0.2) but Microsoft.Extensions.Hosting.Abstractions 8.0.2 was not found. Microsoft.Extensions.Hosting.Abstractions 9.0.0 was resolved instead. [D:\Project\QuangHuongComputer\backend\ComputerCompany.sln]
D:\Project\QuangHuongComputer\backend\ApiGateway\ApiGateway.csproj : warning NU1603: BuildingBlocks depends on Microsoft.Extensions.Hosting.Abstractions (>= 8.0.2) but Microsoft.Extensions.Hosting.Abstractions 8.0.2 was not found. Microsoft.Extensions.Hosting.Abstractions 9.0.0 was resolved instead. [D:\Project\QuangHuongComputer\backend\ComputerCompany.sln]
D:\Project\QuangHuongComputer\backend\Services\Ai\Ai.csproj : warning NU1603: BuildingBlocks depends on Microsoft.Extensions.Hosting.Abstractions (>= 8.0.2) but Microsoft.Extensions.Hosting.Abstractions 8.0.2 was not found. Microsoft.Extensions.Hosting.Abstractions 9.0.0 was resolved instead. [D:\Project\QuangHuongComputer\backend\ComputerCompany.sln]
D:\Project\QuangHuongComputer\backend\ApiGateway\ApiGateway.csproj : warning NU1603: Ai depends on Microsoft.Extensions.Http (>= 8.0.2) but Microsoft.Extensions.Http 8.0.2 was not found. Microsoft.Extensions.Http 9.0.0 was resolved instead. [D:\Project\QuangHuongComputer\backend\ComputerCompany.sln]
D:\Project\QuangHuongComputer\backend\Services\Ai\Ai.csproj : warning NU1603: Ai depends on Microsoft.Extensions.Http (>= 8.0.2) but Microsoft.Extensions.Http 8.0.2 was not found. Microsoft.Extensions.Http 9.0.0 was resolved instead. [D:\Project\QuangHuongComputer\backend\ComputerCompany.sln]
  Restored D:\Project\QuangHuongComputer\backend\Services\Ai\Ai.csproj (in 361 ms).
  Restored D:\Project\QuangHuongComputer\backend\ApiGateway\ApiGateway.csproj (in 361 ms).
  14 of 16 projects are up-to-date for restore.
D:\Project\QuangHuongComputer\backend\Services\Repair.Tests\Repair.Tests.csproj : warning NU1603: BuildingBlocks depends on Microsoft.Extensions.Hosting.Abstractions (>= 8.0.2) but Microsoft.Extensions.Hosting.Abstractions 8.0.2 was not found. Microsoft.Extensions.Hosting.Abstractions 9.0.0 was resolved instead.
D:\Project\QuangHuongComputer\backend\Services\Inventory.Tests\Inventory.Tests.csproj : warning NU1603: BuildingBlocks depends on Microsoft.Extensions.Hosting.Abstractions (>= 8.0.2) but Microsoft.Extensions.Hosting.Abstractions 8.0.2 was not found. Microsoft.Extensions.Hosting.Abstractions 9.0.0 was resolved instead.
D:\Project\QuangHuongComputer\backend\Services\Sales.Tests\Sales.Tests.csproj : warning NU1603: BuildingBlocks depends on Microsoft.Extensions.Hosting.Abstractions (>= 8.0.2) but Microsoft.Extensions.Hosting.Abstractions 8.0.2 was not found. Microsoft.Extensions.Hosting.Abstractions 9.0.0 was resolved instead.
D:\Project\QuangHuongComputer\backend\Services\Sales\Sales.csproj : warning NU1603: BuildingBlocks depends on Microsoft.Extensions.Hosting.Abstractions (>= 8.0.2) but Microsoft.Extensions.Hosting.Abstractions 8.0.2 was not found. Microsoft.Extensions.Hosting.Abstractions 9.0.0 was resolved instead.
D:\Project\QuangHuongComputer\backend\Services\Identity\Identity.csproj : warning NU1603: BuildingBlocks depends on Microsoft.Extensions.Hosting.Abstractions (>= 8.0.2) but Microsoft.Extensions.Hosting.Abstractions 8.0.2 was not found. Microsoft.Extensions.Hosting.Abstractions 9.0.0 was resolved instead.
D:\Project\QuangHuongComputer\backend\BuildingBlocks\BuildingBlocks.csproj : warning NU1603: BuildingBlocks depends on Microsoft.Extensions.Hosting.Abstractions (>= 8.0.2) but Microsoft.Extensions.Hosting.Abstractions 8.0.2 was not found. Microsoft.Extensions.Hosting.Abstractions 9.0.0 was resolved instead.
D:\Project\QuangHuongComputer\backend\Services\Accounting\Accounting.csproj : warning NU1603: BuildingBlocks depends on Microsoft.Extensions.Hosting.Abstractions (>= 8.0.2) but Microsoft.Extensions.Hosting.Abstractions 8.0.2 was not found. Microsoft.Extensions.Hosting.Abstractions 9.0.0 was resolved instead.
D:\Project\QuangHuongComputer\backend\Services\Repair\Repair.csproj : warning NU1603: BuildingBlocks depends on Microsoft.Extensions.Hosting.Abstractions (>= 8.0.2) but Microsoft.Extensions.Hosting.Abstractions 8.0.2 was not found. Microsoft.Extensions.Hosting.Abstractions 9.0.0 was resolved instead.
D:\Project\QuangHuongComputer\backend\ApiGateway\ApiGateway.csproj : warning NU1603: BuildingBlocks depends on Microsoft.Extensions.Hosting.Abstractions (>= 8.0.2) but Microsoft.Extensions.Hosting.Abstractions 8.0.2 was not found. Microsoft.Extensions.Hosting.Abstractions 9.0.0 was resolved instead.
D:\Project\QuangHuongComputer\backend\ApiGateway\ApiGateway.csproj : warning NU1603: Ai depends on Microsoft.Extensions.Http (>= 8.0.2) but Microsoft.Extensions.Http 8.0.2 was not found. Microsoft.Extensions.Http 9.0.0 was resolved instead.
D:\Project\QuangHuongComputer\backend\Services\Inventory\Inventory.csproj : warning NU1603: BuildingBlocks depends on Microsoft.Extensions.Hosting.Abstractions (>= 8.0.2) but Microsoft.Extensions.Hosting.Abstractions 8.0.2 was not found. Microsoft.Extensions.Hosting.Abstractions 9.0.0 was resolved instead.
  BuildingBlocks -> D:\Project\QuangHuongComputer\backend\BuildingBlocks\bin\Debug\net8.0\BuildingBlocks.dll
  Sales -> D:\Project\QuangHuongComputer\backend\Services\Sales\bin\Debug\net8.0\Sales.dll
  Accounting -> D:\Project\QuangHuongComputer\backend\Services\Accounting\bin\Debug\net8.0\Accounting.dll
  Identity -> D:\Project\QuangHuongComputer\backend\Services\Identity\bin\Debug\net8.0\Identity.dll
D:\Project\QuangHuongComputer\backend\Services\Catalog\Catalog.csproj : warning NU1603: BuildingBlocks depends on Microsoft.Extensions.Hosting.Abstractions (>= 8.0.2) but Microsoft.Extensions.Hosting.Abstractions 8.0.2 was not found. Microsoft.Extensions.Hosting.Abstractions 9.0.0 was resolved instead.
  Repair -> D:\Project\QuangHuongComputer\backend\Services\Repair\bin\Debug\net8.0\Repair.dll
D:\Project\QuangHuongComputer\backend\Services\Sales.Tests\UnitTest1.cs(5,6): error CS0246: The type or namespace name 'FactAttribute' could not be found (are you missing a using directive or an assembly reference?) [D:\Project\QuangHuongComputer\backend\Services\Sales.Tests\Sales.Tests.csproj]
D:\Project\QuangHuongComputer\backend\Services\Sales.Tests\UnitTest1.cs(5,6): error CS0246: The type or namespace name 'Fact' could not be found (are you missing a using directive or an assembly reference?) [D:\Project\QuangHuongComputer\backend\Services\Sales.Tests\Sales.Tests.csproj]
D:\Project\QuangHuongComputer\backend\Services\Sales.Tests\Domain\CartTests.cs(8,6): error CS0246: The type or namespace name 'FactAttribute' could not be found (are you missing a using directive or an assembly reference?) [D:\Project\QuangHuongComputer\backend\Services\Sales.Tests\Sales.Tests.csproj]
D:\Project\QuangHuongComputer\backend\Services\Sales.Tests\Domain\CartTests.cs(8,6): error CS0246: The type or namespace name 'Fact' could not be found (are you missing a using directive or an assembly reference?) [D:\Project\QuangHuongComputer\backend\Services\Sales.Tests\Sales.Tests.csproj]
D:\Project\QuangHuongComputer\backend\Services\Sales.Tests\Domain\CartItemTests.cs(8,6): error CS0246: The type or namespace name 'FactAttribute' could not be found (are you missing a using directive or an assembly reference?) [D:\Project\QuangHuongComputer\backend\Services\Sales.Tests\Sales.Tests.csproj]
D:\Project\QuangHuongComputer\backend\Services\Sales.Tests\Domain\CartItemTests.cs(8,6): error CS0246: The type or namespace name 'Fact' could not be found (are you missing a using directive or an assembly reference?) [D:\Project\QuangHuongComputer\backend\Services\Sales.Tests\Sales.Tests.csproj]
D:\Project\QuangHuongComputer\backend\Services\Sales.Tests\Domain\CartTests.cs(26,6): error CS0246: The type or namespace name 'FactAttribute' could not be found (are you missing a using directive or an assembly reference?) [D:\Project\QuangHuongComputer\backend\Services\Sales.Tests\Sales.Tests.csproj]
D:\Project\QuangHuongComputer\backend\Services\Sales.Tests\Domain\CartTests.cs(26,6): error CS0246: The type or namespace name 'Fact' could not be found (are you missing a using directive or an assembly reference?) [D:\Project\QuangHuongComputer\backend\Services\Sales.Tests\Sales.Tests.csproj]
D:\Project\QuangHuongComputer\backend\Services\Sales.Tests\Domain\CartItemTests.cs(21,6): error CS0246: The type or namespace name 'FactAttribute' could not be found (are you missing a using directive or an assembly reference?) [D:\Project\QuangHuongComputer\backend\Services\Sales.Tests\Sales.Tests.csproj]
D:\Project\QuangHuongComputer\backend\Services\Sales.Tests\Domain\CartItemTests.cs(21,6): error CS0246: The type or namespace name 'Fact' could not be found (are you missing a using directive or an assembly reference?) [D:\Project\QuangHuongComputer\backend\Services\Sales.Tests\Sales.Tests.csproj]
D:\Project\QuangHuongComputer\backend\Services\Sales.Tests\Domain\CartTests.cs(42,6): error CS0246: The type or namespace name 'FactAttribute' could not be found (are you missing a using directive or an assembly reference?) [D:\Project\QuangHuongComputer\backend\Services\Sales.Tests\Sales.Tests.csproj]
D:\Project\QuangHuongComputer\backend\Services\Sales.Tests\Domain\CartTests.cs(42,6): error CS0246: The type or namespace name 'Fact' could not be found (are you missing a using directive or an assembly reference?) [D:\Project\QuangHuongComputer\backend\Services\Sales.Tests\Sales.Tests.csproj]
D:\Project\QuangHuongComputer\backend\Services\Sales.Tests\Domain\CartItemTests.cs(35,6): error CS0246: The type or namespace name 'FactAttribute' could not be found (are you missing a using directive or an assembly reference?) [D:\Project\QuangHuongComputer\backend\Services\Sales.Tests\Sales.Tests.csproj]
D:\Project\QuangHuongComputer\backend\Services\Sales.Tests\Domain\CartItemTests.cs(35,6): error CS0246: The type or namespace name 'Fact' could not be found (are you missing a using directive or an assembly reference?) [D:\Project\QuangHuongComputer\backend\Services\Sales.Tests\Sales.Tests.csproj]
D:\Project\QuangHuongComputer\backend\Services\Sales.Tests\Domain\CartTests.cs(57,6): error CS0246: The type or namespace name 'FactAttribute' could not be found (are you missing a using directive or an assembly reference?) [D:\Project\QuangHuongComputer\backend\Services\Sales.Tests\Sales.Tests.csproj]
D:\Project\QuangHuongComputer\backend\Services\Sales.Tests\Domain\CartTests.cs(57,6): error CS0246: The type or namespace name 'Fact' could not be found (are you missing a using directive or an assembly reference?) [D:\Project\QuangHuongComputer\backend\Services\Sales.Tests\Sales.Tests.csproj]
D:\Project\QuangHuongComputer\backend\Services\Sales.Tests\Domain\CartTests.cs(71,6): error CS0246: The type or namespace name 'FactAttribute' could not be found (are you missing a using directive or an assembly reference?) [D:\Project\QuangHuongComputer\backend\Services\Sales.Tests\Sales.Tests.csproj]
D:\Project\QuangHuongComputer\backend\Services\Sales.Tests\Domain\CartTests.cs(71,6): error CS0246: The type or namespace name 'Fact' could not be found (are you missing a using directive or an assembly reference?) [D:\Project\QuangHuongComputer\backend\Services\Sales.Tests\Sales.Tests.csproj]
D:\Project\QuangHuongComputer\backend\Services\Sales.Tests\Domain\CartItemTests.cs(49,6): error CS0246: The type or namespace name 'FactAttribute' could not be found (are you missing a using directive or an assembly reference?) [D:\Project\QuangHuongComputer\backend\Services\Sales.Tests\Sales.Tests.csproj]
D:\Project\QuangHuongComputer\backend\Services\Sales.Tests\Domain\CartItemTests.cs(49,6): error CS0246: The type or namespace name 'Fact' could not be found (are you missing a using directive or an assembly reference?) [D:\Project\QuangHuongComputer\backend\Services\Sales.Tests\Sales.Tests.csproj]
D:\Project\QuangHuongComputer\backend\Services\Sales.Tests\Domain\CartTests.cs(86,6): error CS0246: The type or namespace name 'FactAttribute' could not be found (are you missing a using directive or an assembly reference?) [D:\Project\QuangHuongComputer\backend\Services\Sales.Tests\Sales.Tests.csproj]
D:\Project\QuangHuongComputer\backend\Services\Sales.Tests\Domain\CartTests.cs(86,6): error CS0246: The type or namespace name 'Fact' could not be found (are you missing a using directive or an assembly reference?) [D:\Project\QuangHuongComputer\backend\Services\Sales.Tests\Sales.Tests.csproj]
D:\Project\QuangHuongComputer\backend\Services\Sales.Tests\Domain\CartTests.cs(101,6): error CS0246: The type or namespace name 'FactAttribute' could not be found (are you missing a using directive or an assembly reference?) [D:\Project\QuangHuongComputer\backend\Services\Sales.Tests\Sales.Tests.csproj]
D:\Project\QuangHuongComputer\backend\Services\Sales.Tests\Domain\CartTests.cs(101,6): error CS0246: The type or namespace name 'Fact' could not be found (are you missing a using directive or an assembly reference?) [D:\Project\QuangHuongComputer\backend\Services\Sales.Tests\Sales.Tests.csproj]
D:\Project\QuangHuongComputer\backend\Services\Sales.Tests\Domain\CartItemTests.cs(59,6): error CS0246: The type or namespace name 'FactAttribute' could not be found (are you missing a using directive or an assembly reference?) [D:\Project\QuangHuongComputer\backend\Services\Sales.Tests\Sales.Tests.csproj]
D:\Project\QuangHuongComputer\backend\Services\Sales.Tests\Domain\CartItemTests.cs(59,6): error CS0246: The type or namespace name 'Fact' could not be found (are you missing a using directive or an assembly reference?) [D:\Project\QuangHuongComputer\backend\Services\Sales.Tests\Sales.Tests.csproj]
D:\Project\QuangHuongComputer\backend\Services\Sales.Tests\Domain\CartTests.cs(113,6): error CS0246: The type or namespace name 'FactAttribute' could not be found (are you missing a using directive or an assembly reference?) [D:\Project\QuangHuongComputer\backend\Services\Sales.Tests\Sales.Tests.csproj]
D:\Project\QuangHuongComputer\backend\Services\Sales.Tests\Domain\CartTests.cs(113,6): error CS0246: The type or namespace name 'Fact' could not be found (are you missing a using directive or an assembly reference?) [D:\Project\QuangHuongComputer\backend\Services\Sales.Tests\Sales.Tests.csproj]
  Inventory -> D:\Project\QuangHuongComputer\backend\Services\Inventory\bin\Debug\net8.0\Inventory.dll
D:\Project\QuangHuongComputer\backend\Services\Repair.Tests\Domain\WorkOrderTests.cs(1,7): error CS0246: The type or namespace name 'FluentAssertions' could not be found (are you missing a using directive or an assembly reference?) [D:\Project\QuangHuongComputer\backend\Services\Repair.Tests\Repair.Tests.csproj]
D:\Project\QuangHuongComputer\backend\Services\Repair.Tests\UnitTest1.cs(5,6): error CS0246: The type or namespace name 'FactAttribute' could not be found (are you missing a using directive or an assembly reference?) [D:\Project\QuangHuongComputer\backend\Services\Repair.Tests\Repair.Tests.csproj]
D:\Project\QuangHuongComputer\backend\Services\Repair.Tests\UnitTest1.cs(5,6): error CS0246: The type or namespace name 'Fact' could not be found (are you missing a using directive or an assembly reference?) [D:\Project\QuangHuongComputer\backend\Services\Repair.Tests\Repair.Tests.csproj]
D:\Project\QuangHuongComputer\backend\Services\Repair.Tests\Domain\WorkOrderTests.cs(8,6): error CS0246: The type or namespace name 'FactAttribute' could not be found (are you missing a using directive or an assembly reference?) [D:\Project\QuangHuongComputer\backend\Services\Repair.Tests\Repair.Tests.csproj]
D:\Project\QuangHuongComputer\backend\Services\Repair.Tests\Domain\WorkOrderTests.cs(8,6): error CS0246: The type or namespace name 'Fact' could not be found (are you missing a using directive or an assembly reference?) [D:\Project\QuangHuongComputer\backend\Services\Repair.Tests\Repair.Tests.csproj]
D:\Project\QuangHuongComputer\backend\Services\Repair.Tests\Domain\WorkOrderTests.cs(26,6): error CS0246: The type or namespace name 'FactAttribute' could not be found (are you missing a using directive or an assembly reference?) [D:\Project\QuangHuongComputer\backend\Services\Repair.Tests\Repair.Tests.csproj]
D:\Project\QuangHuongComputer\backend\Services\Repair.Tests\Domain\WorkOrderTests.cs(26,6): error CS0246: The type or namespace name 'Fact' could not be found (are you missing a using directive or an assembly reference?) [D:\Project\QuangHuongComputer\backend\Services\Repair.Tests\Repair.Tests.csproj]
D:\Project\QuangHuongComputer\backend\Services\Repair.Tests\Domain\WorkOrderTests.cs(41,6): error CS0246: The type or namespace name 'FactAttribute' could not be found (are you missing a using directive or an assembly reference?) [D:\Project\QuangHuongComputer\backend\Services\Repair.Tests\Repair.Tests.csproj]
D:\Project\QuangHuongComputer\backend\Services\Repair.Tests\Domain\WorkOrderTests.cs(41,6): error CS0246: The type or namespace name 'Fact' could not be found (are you missing a using directive or an assembly reference?) [D:\Project\QuangHuongComputer\backend\Services\Repair.Tests\Repair.Tests.csproj]
D:\Project\QuangHuongComputer\backend\Services\Repair.Tests\Domain\WorkOrderTests.cs(56,6): error CS0246: The type or namespace name 'FactAttribute' could not be found (are you missing a using directive or an assembly reference?) [D:\Project\QuangHuongComputer\backend\Services\Repair.Tests\Repair.Tests.csproj]
D:\Project\QuangHuongComputer\backend\Services\Repair.Tests\Domain\WorkOrderTests.cs(56,6): error CS0246: The type or namespace name 'Fact' could not be found (are you missing a using directive or an assembly reference?) [D:\Project\QuangHuongComputer\backend\Services\Repair.Tests\Repair.Tests.csproj]
D:\Project\QuangHuongComputer\backend\Services\Repair.Tests\Domain\WorkOrderTests.cs(70,6): error CS0246: The type or namespace name 'FactAttribute' could not be found (are you missing a using directive or an assembly reference?) [D:\Project\QuangHuongComputer\backend\Services\Repair.Tests\Repair.Tests.csproj]
D:\Project\QuangHuongComputer\backend\Services\Repair.Tests\Domain\WorkOrderTests.cs(70,6): error CS0246: The type or namespace name 'Fact' could not be found (are you missing a using directive or an assembly reference?) [D:\Project\QuangHuongComputer\backend\Services\Repair.Tests\Repair.Tests.csproj]
D:\Project\QuangHuongComputer\backend\Services\Repair.Tests\Domain\WorkOrderTests.cs(90,6): error CS0246: The type or namespace name 'FactAttribute' could not be found (are you missing a using directive or an assembly reference?) [D:\Project\QuangHuongComputer\backend\Services\Repair.Tests\Repair.Tests.csproj]
D:\Project\QuangHuongComputer\backend\Services\Repair.Tests\Domain\WorkOrderTests.cs(90,6): error CS0246: The type or namespace name 'Fact' could not be found (are you missing a using directive or an assembly reference?) [D:\Project\QuangHuongComputer\backend\Services\Repair.Tests\Repair.Tests.csproj]
D:\Project\QuangHuongComputer\backend\Services\Repair.Tests\Domain\WorkOrderTests.cs(104,6): error CS0246: The type or namespace name 'FactAttribute' could not be found (are you missing a using directive or an assembly reference?) [D:\Project\QuangHuongComputer\backend\Services\Repair.Tests\Repair.Tests.csproj]
D:\Project\QuangHuongComputer\backend\Services\Repair.Tests\Domain\WorkOrderTests.cs(104,6): error CS0246: The type or namespace name 'Fact' could not be found (are you missing a using directive or an assembly reference?) [D:\Project\QuangHuongComputer\backend\Services\Repair.Tests\Repair.Tests.csproj]
  Catalog -> D:\Project\QuangHuongComputer\backend\Services\Catalog\bin\Debug\net8.0\Catalog.dll
D:\Project\QuangHuongComputer\backend\Services\Content\Content.csproj : warning NU1603: BuildingBlocks depends on Microsoft.Extensions.Hosting.Abstractions (>= 8.0.2) but Microsoft.Extensions.Hosting.Abstractions 8.0.2 was not found. Microsoft.Extensions.Hosting.Abstractions 9.0.0 was resolved instead.
D:\Project\QuangHuongComputer\backend\Services\Payments\Payments.csproj : warning NU1603: BuildingBlocks depends on Microsoft.Extensions.Hosting.Abstractions (>= 8.0.2) but Microsoft.Extensions.Hosting.Abstractions 8.0.2 was not found. Microsoft.Extensions.Hosting.Abstractions 9.0.0 was resolved instead.
D:\Project\QuangHuongComputer\backend\Services\Communication\Communication.csproj : warning NU1603: BuildingBlocks depends on Microsoft.Extensions.Hosting.Abstractions (>= 8.0.2) but Microsoft.Extensions.Hosting.Abstractions 8.0.2 was not found. Microsoft.Extensions.Hosting.Abstractions 9.0.0 was resolved instead.
D:\Project\QuangHuongComputer\backend\Services\Inventory.Tests\Domain\InventoryItemTests.cs(1,7): error CS0246: The type or namespace name 'FluentAssertions' could not be found (are you missing a using directive or an assembly reference?) [D:\Project\QuangHuongComputer\backend\Services\Inventory.Tests\Inventory.Tests.csproj]
D:\Project\QuangHuongComputer\backend\Services\Inventory.Tests\Domain\PurchaseOrderTests.cs(1,7): error CS0246: The type or namespace name 'FluentAssertions' could not be found (are you missing a using directive or an assembly reference?) [D:\Project\QuangHuongComputer\backend\Services\Inventory.Tests\Inventory.Tests.csproj]
D:\Project\QuangHuongComputer\backend\Services\Inventory.Tests\UnitTest1.cs(5,6): error CS0246: The type or namespace name 'FactAttribute' could not be found (are you missing a using directive or an assembly reference?) [D:\Project\QuangHuongComputer\backend\Services\Inventory.Tests\Inventory.Tests.csproj]
D:\Project\QuangHuongComputer\backend\Services\Inventory.Tests\UnitTest1.cs(5,6): error CS0246: The type or namespace name 'Fact' could not be found (are you missing a using directive or an assembly reference?) [D:\Project\QuangHuongComputer\backend\Services\Inventory.Tests\Inventory.Tests.csproj]
D:\Project\QuangHuongComputer\backend\Services\Ai\Ai.csproj : warning NU1603: BuildingBlocks depends on Microsoft.Extensions.Hosting.Abstractions (>= 8.0.2) but Microsoft.Extensions.Hosting.Abstractions 8.0.2 was not found. Microsoft.Extensions.Hosting.Abstractions 9.0.0 was resolved instead.
D:\Project\QuangHuongComputer\backend\Services\Ai\Ai.csproj : warning NU1603: Ai depends on Microsoft.Extensions.Http (>= 8.0.2) but Microsoft.Extensions.Http 8.0.2 was not found. Microsoft.Extensions.Http 9.0.0 was resolved instead.
D:\Project\QuangHuongComputer\backend\Services\Warranty\Warranty.csproj : warning NU1603: BuildingBlocks depends on Microsoft.Extensions.Hosting.Abstractions (>= 8.0.2) but Microsoft.Extensions.Hosting.Abstractions 8.0.2 was not found. Microsoft.Extensions.Hosting.Abstractions 9.0.0 was resolved instead.
  Payments -> D:\Project\QuangHuongComputer\backend\Services\Payments\bin\Debug\net8.0\Payments.dll
  Communication -> D:\Project\QuangHuongComputer\backend\Services\Communication\bin\Debug\net8.0\Communication.dll
  Content -> D:\Project\QuangHuongComputer\backend\Services\Content\bin\Debug\net8.0\Content.dll
  Warranty -> D:\Project\QuangHuongComputer\backend\Services\Warranty\bin\Debug\net8.0\Warranty.dll
D:\Project\QuangHuongComputer\backend\Services\Ai\Domain\SearchEntry.cs(19,15): warning CS8618: Non-nullable property 'Title' must contain a non-null value when exiting constructor. Consider adding the 'required' modifier or declaring the property as nullable. [D:\Project\QuangHuongComputer\backend\Services\Ai\Ai.csproj]
D:\Project\QuangHuongComputer\backend\Services\Ai\Domain\SearchEntry.cs(19,15): warning CS8618: Non-nullable property 'Content' must contain a non-null value when exiting constructor. Consider adding the 'required' modifier or declaring the property as nullable. [D:\Project\QuangHuongComputer\backend\Services\Ai\Ai.csproj]
D:\Project\QuangHuongComputer\backend\Services\Ai\Domain\SearchEntry.cs(19,15): warning CS8618: Non-nullable property 'SourceType' must contain a non-null value when exiting constructor. Consider adding the 'required' modifier or declaring the property as nullable. [D:\Project\QuangHuongComputer\backend\Services\Ai\Ai.csproj]
D:\Project\QuangHuongComputer\backend\Services\Ai\Domain\SearchEntry.cs(19,15): warning CS8618: Non-nullable property 'ExternalId' must contain a non-null value when exiting constructor. Consider adding the 'required' modifier or declaring the property as nullable. [D:\Project\QuangHuongComputer\backend\Services\Ai\Ai.csproj]
  Ai -> D:\Project\QuangHuongComputer\backend\Services\Ai\bin\Debug\net8.0\Ai.dll
D:\Project\QuangHuongComputer\backend\ApiGateway\Program.cs(81,1): error CS8803: Top-level statements must precede namespace and type declarations. [D:\Project\QuangHuongComputer\backend\ApiGateway\ApiGateway.csproj]

Build FAILED.

D:\Project\QuangHuongComputer\backend\Services\Inventory.Tests\Inventory.Tests.csproj : warning NU1603: BuildingBlocks depends on Microsoft.Extensions.Hosting.Abstractions (>= 8.0.2) but Microsoft.Extensions.Hosting.Abstractions 8.0.2 was not found. Microsoft.Extensions.Hosting.Abstractions 9.0.0 was resolved instead. [D:\Project\QuangHuongComputer\backend\ComputerCompany.sln]
D:\Project\QuangHuongComputer\backend\Services\Warranty\Warranty.csproj : warning NU1603: BuildingBlocks depends on Microsoft.Extensions.Hosting.Abstractions (>= 8.0.2) but Microsoft.Extensions.Hosting.Abstractions 8.0.2 was not found. Microsoft.Extensions.Hosting.Abstractions 9.0.0 was resolved instead. [D:\Project\QuangHuongComputer\backend\ComputerCompany.sln]
D:\Project\QuangHuongComputer\backend\Services\Repair\Repair.csproj : warning NU1603: BuildingBlocks depends on Microsoft.Extensions.Hosting.Abstractions (>= 8.0.2) but Microsoft.Extensions.Hosting.Abstractions 8.0.2 was not found. Microsoft.Extensions.Hosting.Abstractions 9.0.0 was resolved instead. [D:\Project\QuangHuongComputer\backend\ComputerCompany.sln]
D:\Project\QuangHuongComputer\backend\Services\Content\Content.csproj : warning NU1603: BuildingBlocks depends on Microsoft.Extensions.Hosting.Abstractions (>= 8.0.2) but Microsoft.Extensions.Hosting.Abstractions 8.0.2 was not found. Microsoft.Extensions.Hosting.Abstractions 9.0.0 was resolved instead. [D:\Project\QuangHuongComputer\backend\ComputerCompany.sln]
D:\Project\QuangHuongComputer\backend\Services\Inventory\Inventory.csproj : warning NU1603: BuildingBlocks depends on Microsoft.Extensions.Hosting.Abstractions (>= 8.0.2) but Microsoft.Extensions.Hosting.Abstractions 8.0.2 was not found. Microsoft.Extensions.Hosting.Abstractions 9.0.0 was resolved instead. [D:\Project\QuangHuongComputer\backend\ComputerCompany.sln]
D:\Project\QuangHuongComputer\backend\Services\Communication\Communication.csproj : warning NU1603: BuildingBlocks depends on Microsoft.Extensions.Hosting.Abstractions (>= 8.0.2) but Microsoft.Extensions.Hosting.Abstractions 8.0.2 was not found. Microsoft.Extensions.Hosting.Abstractions 9.0.0 was resolved instead. [D:\Project\QuangHuongComputer\backend\ComputerCompany.sln]
D:\Project\QuangHuongComputer\backend\Services\Repair.Tests\Repair.Tests.csproj : warning NU1603: BuildingBlocks depends on Microsoft.Extensions.Hosting.Abstractions (>= 8.0.2) but Microsoft.Extensions.Hosting.Abstractions 8.0.2 was not found. Microsoft.Extensions.Hosting.Abstractions 9.0.0 was resolved instead. [D:\Project\QuangHuongComputer\backend\ComputerCompany.sln]
D:\Project\QuangHuongComputer\backend\Services\Identity\Identity.csproj : warning NU1603: BuildingBlocks depends on Microsoft.Extensions.Hosting.Abstractions (>= 8.0.2) but Microsoft.Extensions.Hosting.Abstractions 8.0.2 was not found. Microsoft.Extensions.Hosting.Abstractions 9.0.0 was resolved instead. [D:\Project\QuangHuongComputer\backend\ComputerCompany.sln]
D:\Project\QuangHuongComputer\backend\Services\Sales\Sales.csproj : warning NU1603: BuildingBlocks depends on Microsoft.Extensions.Hosting.Abstractions (>= 8.0.2) but Microsoft.Extensions.Hosting.Abstractions 8.0.2 was not found. Microsoft.Extensions.Hosting.Abstractions 9.0.0 was resolved instead. [D:\Project\QuangHuongComputer\backend\ComputerCompany.sln]
D:\Project\QuangHuongComputer\backend\Services\Payments\Payments.csproj : warning NU1603: BuildingBlocks depends on Microsoft.Extensions.Hosting.Abstractions (>= 8.0.2) but Microsoft.Extensions.Hosting.Abstractions 8.0.2 was not found. Microsoft.Extensions.Hosting.Abstractions 9.0.0 was resolved instead. [D:\Project\QuangHuongComputer\backend\ComputerCompany.sln]
D:\Project\QuangHuongComputer\backend\BuildingBlocks\BuildingBlocks.csproj : warning NU1603: BuildingBlocks depends on Microsoft.Extensions.Hosting.Abstractions (>= 8.0.2) but Microsoft.Extensions.Hosting.Abstractions 8.0.2 was not found. Microsoft.Extensions.Hosting.Abstractions 9.0.0 was resolved instead. [D:\Project\QuangHuongComputer\backend\ComputerCompany.sln]
D:\Project\QuangHuongComputer\backend\Services\Sales.Tests\Sales.Tests.csproj : warning NU1603: BuildingBlocks depends on Microsoft.Extensions.Hosting.Abstractions (>= 8.0.2) but Microsoft.Extensions.Hosting.Abstractions 8.0.2 was not found. Microsoft.Extensions.Hosting.Abstractions 9.0.0 was resolved instead. [D:\Project\QuangHuongComputer\backend\ComputerCompany.sln]
D:\Project\QuangHuongComputer\backend\Services\Catalog\Catalog.csproj : warning NU1603: BuildingBlocks depends on Microsoft.Extensions.Hosting.Abstractions (>= 8.0.2) but Microsoft.Extensions.Hosting.Abstractions 8.0.2 was not found. Microsoft.Extensions.Hosting.Abstractions 9.0.0 was resolved instead. [D:\Project\QuangHuongComputer\backend\ComputerCompany.sln]
D:\Project\QuangHuongComputer\backend\Services\Accounting\Accounting.csproj : warning NU1603: BuildingBlocks depends on Microsoft.Extensions.Hosting.Abstractions (>= 8.0.2) but Microsoft.Extensions.Hosting.Abstractions 8.0.2 was not found. Microsoft.Extensions.Hosting.Abstractions 9.0.0 was resolved instead. [D:\Project\QuangHuongComputer\backend\ComputerCompany.sln]
D:\Project\QuangHuongComputer\backend\ApiGateway\ApiGateway.csproj : warning NU1603: BuildingBlocks depends on Microsoft.Extensions.Hosting.Abstractions (>= 8.0.2) but Microsoft.Extensions.Hosting.Abstractions 8.0.2 was not found. Microsoft.Extensions.Hosting.Abstractions 9.0.0 was resolved instead. [D:\Project\QuangHuongComputer\backend\ComputerCompany.sln]
D:\Project\QuangHuongComputer\backend\Services\Ai\Ai.csproj : warning NU1603: BuildingBlocks depends on Microsoft.Extensions.Hosting.Abstractions (>= 8.0.2) but Microsoft.Extensions.Hosting.Abstractions 8.0.2 was not found. Microsoft.Extensions.Hosting.Abstractions 9.0.0 was resolved instead. [D:\Project\QuangHuongComputer\backend\ComputerCompany.sln]
D:\Project\QuangHuongComputer\backend\ApiGateway\ApiGateway.csproj : warning NU1603: Ai depends on Microsoft.Extensions.Http (>= 8.0.2) but Microsoft.Extensions.Http 8.0.2 was not found. Microsoft.Extensions.Http 9.0.0 was resolved instead. [D:\Project\QuangHuongComputer\backend\ComputerCompany.sln]
D:\Project\QuangHuongComputer\backend\Services\Ai\Ai.csproj : warning NU1603: Ai depends on Microsoft.Extensions.Http (>= 8.0.2) but Microsoft.Extensions.Http 8.0.2 was not found. Microsoft.Extensions.Http 9.0.0 was resolved instead. [D:\Project\QuangHuongComputer\backend\ComputerCompany.sln]
D:\Project\QuangHuongComputer\backend\Services\Repair.Tests\Repair.Tests.csproj : warning NU1603: BuildingBlocks depends on Microsoft.Extensions.Hosting.Abstractions (>= 8.0.2) but Microsoft.Extensions.Hosting.Abstractions 8.0.2 was not found. Microsoft.Extensions.Hosting.Abstractions 9.0.0 was resolved instead.
D:\Project\QuangHuongComputer\backend\Services\Inventory.Tests\Inventory.Tests.csproj : warning NU1603: BuildingBlocks depends on Microsoft.Extensions.Hosting.Abstractions (>= 8.0.2) but Microsoft.Extensions.Hosting.Abstractions 8.0.2 was not found. Microsoft.Extensions.Hosting.Abstractions 9.0.0 was resolved instead.
D:\Project\QuangHuongComputer\backend\Services\Sales.Tests\Sales.Tests.csproj : warning NU1603: BuildingBlocks depends on Microsoft.Extensions.Hosting.Abstractions (>= 8.0.2) but Microsoft.Extensions.Hosting.Abstractions 8.0.2 was not found. Microsoft.Extensions.Hosting.Abstractions 9.0.0 was resolved instead.
D:\Project\QuangHuongComputer\backend\Services\Sales\Sales.csproj : warning NU1603: BuildingBlocks depends on Microsoft.Extensions.Hosting.Abstractions (>= 8.0.2) but Microsoft.Extensions.Hosting.Abstractions 8.0.2 was not found. Microsoft.Extensions.Hosting.Abstractions 9.0.0 was resolved instead.
D:\Project\QuangHuongComputer\backend\Services\Identity\Identity.csproj : warning NU1603: BuildingBlocks depends on Microsoft.Extensions.Hosting.Abstractions (>= 8.0.2) but Microsoft.Extensions.Hosting.Abstractions 8.0.2 was not found. Microsoft.Extensions.Hosting.Abstractions 9.0.0 was resolved instead.
D:\Project\QuangHuongComputer\backend\BuildingBlocks\BuildingBlocks.csproj : warning NU1603: BuildingBlocks depends on Microsoft.Extensions.Hosting.Abstractions (>= 8.0.2) but Microsoft.Extensions.Hosting.Abstractions 8.0.2 was not found. Microsoft.Extensions.Hosting.Abstractions 9.0.0 was resolved instead.
D:\Project\QuangHuongComputer\backend\Services\Accounting\Accounting.csproj : warning NU1603: BuildingBlocks depends on Microsoft.Extensions.Hosting.Abstractions (>= 8.0.2) but Microsoft.Extensions.Hosting.Abstractions 8.0.2 was not found. Microsoft.Extensions.Hosting.Abstractions 9.0.0 was resolved instead.
D:\Project\QuangHuongComputer\backend\Services\Repair\Repair.csproj : warning NU1603: BuildingBlocks depends on Microsoft.Extensions.Hosting.Abstractions (>= 8.0.2) but Microsoft.Extensions.Hosting.Abstractions 8.0.2 was not found. Microsoft.Extensions.Hosting.Abstractions 9.0.0 was resolved instead.
D:\Project\QuangHuongComputer\backend\ApiGateway\ApiGateway.csproj : warning NU1603: BuildingBlocks depends on Microsoft.Extensions.Hosting.Abstractions (>= 8.0.2) but Microsoft.Extensions.Hosting.Abstractions 8.0.2 was not found. Microsoft.Extensions.Hosting.Abstractions 9.0.0 was resolved instead.
D:\Project\QuangHuongComputer\backend\ApiGateway\ApiGateway.csproj : warning NU1603: Ai depends on Microsoft.Extensions.Http (>= 8.0.2) but Microsoft.Extensions.Http 8.0.2 was not found. Microsoft.Extensions.Http 9.0.0 was resolved instead.
D:\Project\QuangHuongComputer\backend\Services\Inventory\Inventory.csproj : warning NU1603: BuildingBlocks depends on Microsoft.Extensions.Hosting.Abstractions (>= 8.0.2) but Microsoft.Extensions.Hosting.Abstractions 8.0.2 was not found. Microsoft.Extensions.Hosting.Abstractions 9.0.0 was resolved instead.
D:\Project\QuangHuongComputer\backend\Services\Catalog\Catalog.csproj : warning NU1603: BuildingBlocks depends on Microsoft.Extensions.Hosting.Abstractions (>= 8.0.2) but Microsoft.Extensions.Hosting.Abstractions 8.0.2 was not found. Microsoft.Extensions.Hosting.Abstractions 9.0.0 was resolved instead.
D:\Project\QuangHuongComputer\backend\Services\Content\Content.csproj : warning NU1603: BuildingBlocks depends on Microsoft.Extensions.Hosting.Abstractions (>= 8.0.2) but Microsoft.Extensions.Hosting.Abstractions 8.0.2 was not found. Microsoft.Extensions.Hosting.Abstractions 9.0.0 was resolved instead.
D:\Project\QuangHuongComputer\backend\Services\Payments\Payments.csproj : warning NU1603: BuildingBlocks depends on Microsoft.Extensions.Hosting.Abstractions (>= 8.0.2) but Microsoft.Extensions.Hosting.Abstractions 8.0.2 was not found. Microsoft.Extensions.Hosting.Abstractions 9.0.0 was resolved instead.
D:\Project\QuangHuongComputer\backend\Services\Communication\Communication.csproj : warning NU1603: BuildingBlocks depends on Microsoft.Extensions.Hosting.Abstractions (>= 8.0.2) but Microsoft.Extensions.Hosting.Abstractions 8.0.2 was not found. Microsoft.Extensions.Hosting.Abstractions 9.0.0 was resolved instead.
D:\Project\QuangHuongComputer\backend\Services\Ai\Ai.csproj : warning NU1603: BuildingBlocks depends on Microsoft.Extensions.Hosting.Abstractions (>= 8.0.2) but Microsoft.Extensions.Hosting.Abstractions 8.0.2 was not found. Microsoft.Extensions.Hosting.Abstractions 9.0.0 was resolved instead.
D:\Project\QuangHuongComputer\backend\Services\Ai\Ai.csproj : warning NU1603: Ai depends on Microsoft.Extensions.Http (>= 8.0.2) but Microsoft.Extensions.Http 8.0.2 was not found. Microsoft.Extensions.Http 9.0.0 was resolved instead.
D:\Project\QuangHuongComputer\backend\Services\Warranty\Warranty.csproj : warning NU1603: BuildingBlocks depends on Microsoft.Extensions.Hosting.Abstractions (>= 8.0.2) but Microsoft.Extensions.Hosting.Abstractions 8.0.2 was not found. Microsoft.Extensions.Hosting.Abstractions 9.0.0 was resolved instead.
D:\Project\QuangHuongComputer\backend\Services\Ai\Domain\SearchEntry.cs(19,15): warning CS8618: Non-nullable property 'Title' must contain a non-null value when exiting constructor. Consider adding the 'required' modifier or declaring the property as nullable. [D:\Project\QuangHuongComputer\backend\Services\Ai\Ai.csproj]
D:\Project\QuangHuongComputer\backend\Services\Ai\Domain\SearchEntry.cs(19,15): warning CS8618: Non-nullable property 'Content' must contain a non-null value when exiting constructor. Consider adding the 'required' modifier or declaring the property as nullable. [D:\Project\QuangHuongComputer\backend\Services\Ai\Ai.csproj]
D:\Project\QuangHuongComputer\backend\Services\Ai\Domain\SearchEntry.cs(19,15): warning CS8618: Non-nullable property 'SourceType' must contain a non-null value when exiting constructor. Consider adding the 'required' modifier or declaring the property as nullable. [D:\Project\QuangHuongComputer\backend\Services\Ai\Ai.csproj]
D:\Project\QuangHuongComputer\backend\Services\Ai\Domain\SearchEntry.cs(19,15): warning CS8618: Non-nullable property 'ExternalId' must contain a non-null value when exiting constructor. Consider adding the 'required' modifier or declaring the property as nullable. [D:\Project\QuangHuongComputer\backend\Services\Ai\Ai.csproj]
D:\Project\QuangHuongComputer\backend\Services\Sales.Tests\UnitTest1.cs(5,6): error CS0246: The type or namespace name 'FactAttribute' could not be found (are you missing a using directive or an assembly reference?) [D:\Project\QuangHuongComputer\backend\Services\Sales.Tests\Sales.Tests.csproj]
D:\Project\QuangHuongComputer\backend\Services\Sales.Tests\UnitTest1.cs(5,6): error CS0246: The type or namespace name 'Fact' could not be found (are you missing a using directive or an assembly reference?) [D:\Project\QuangHuongComputer\backend\Services\Sales.Tests\Sales.Tests.csproj]
D:\Project\QuangHuongComputer\backend\Services\Sales.Tests\Domain\CartTests.cs(8,6): error CS0246: The type or namespace name 'FactAttribute' could not be found (are you missing a using directive or an assembly reference?) [D:\Project\QuangHuongComputer\backend\Services\Sales.Tests\Sales.Tests.csproj]
D:\Project\QuangHuongComputer\backend\Services\Sales.Tests\Domain\CartTests.cs(8,6): error CS0246: The type or namespace name 'Fact' could not be found (are you missing a using directive or an assembly reference?) [D:\Project\QuangHuongComputer\backend\Services\Sales.Tests\Sales.Tests.csproj]
D:\Project\QuangHuongComputer\backend\Services\Sales.Tests\Domain\CartItemTests.cs(8,6): error CS0246: The type or namespace name 'FactAttribute' could not be found (are you missing a using directive or an assembly reference?) [D:\Project\QuangHuongComputer\backend\Services\Sales.Tests\Sales.Tests.csproj]
D:\Project\QuangHuongComputer\backend\Services\Sales.Tests\Domain\CartItemTests.cs(8,6): error CS0246: The type or namespace name 'Fact' could not be found (are you missing a using directive or an assembly reference?) [D:\Project\QuangHuongComputer\backend\Services\Sales.Tests\Sales.Tests.csproj]
D:\Project\QuangHuongComputer\backend\Services\Sales.Tests\Domain\CartTests.cs(26,6): error CS0246: The type or namespace name 'FactAttribute' could not be found (are you missing a using directive or an assembly reference?) [D:\Project\QuangHuongComputer\backend\Services\Sales.Tests\Sales.Tests.csproj]
D:\Project\QuangHuongComputer\backend\Services\Sales.Tests\Domain\CartTests.cs(26,6): error CS0246: The type or namespace name 'Fact' could not be found (are you missing a using directive or an assembly reference?) [D:\Project\QuangHuongComputer\backend\Services\Sales.Tests\Sales.Tests.csproj]
D:\Project\QuangHuongComputer\backend\Services\Sales.Tests\Domain\CartItemTests.cs(21,6): error CS0246: The type or namespace name 'FactAttribute' could not be found (are you missing a using directive or an assembly reference?) [D:\Project\QuangHuongComputer\backend\Services\Sales.Tests\Sales.Tests.csproj]
D:\Project\QuangHuongComputer\backend\Services\Sales.Tests\Domain\CartItemTests.cs(21,6): error CS0246: The type or namespace name 'Fact' could not be found (are you missing a using directive or an assembly reference?) [D:\Project\QuangHuongComputer\backend\Services\Sales.Tests\Sales.Tests.csproj]
D:\Project\QuangHuongComputer\backend\Services\Sales.Tests\Domain\CartTests.cs(42,6): error CS0246: The type or namespace name 'FactAttribute' could not be found (are you missing a using directive or an assembly reference?) [D:\Project\QuangHuongComputer\backend\Services\Sales.Tests\Sales.Tests.csproj]
D:\Project\QuangHuongComputer\backend\Services\Sales.Tests\Domain\CartTests.cs(42,6): error CS0246: The type or namespace name 'Fact' could not be found (are you missing a using directive or an assembly reference?) [D:\Project\QuangHuongComputer\backend\Services\Sales.Tests\Sales.Tests.csproj]
D:\Project\QuangHuongComputer\backend\Services\Sales.Tests\Domain\CartItemTests.cs(35,6): error CS0246: The type or namespace name 'FactAttribute' could not be found (are you missing a using directive or an assembly reference?) [D:\Project\QuangHuongComputer\backend\Services\Sales.Tests\Sales.Tests.csproj]
D:\Project\QuangHuongComputer\backend\Services\Sales.Tests\Domain\CartItemTests.cs(35,6): error CS0246: The type or namespace name 'Fact' could not be found (are you missing a using directive or an assembly reference?) [D:\Project\QuangHuongComputer\backend\Services\Sales.Tests\Sales.Tests.csproj]
D:\Project\QuangHuongComputer\backend\Services\Sales.Tests\Domain\CartTests.cs(57,6): error CS0246: The type or namespace name 'FactAttribute' could not be found (are you missing a using directive or an assembly reference?) [D:\Project\QuangHuongComputer\backend\Services\Sales.Tests\Sales.Tests.csproj]
D:\Project\QuangHuongComputer\backend\Services\Sales.Tests\Domain\CartTests.cs(57,6): error CS0246: The type or namespace name 'Fact' could not be found (are you missing a using directive or an assembly reference?) [D:\Project\QuangHuongComputer\backend\Services\Sales.Tests\Sales.Tests.csproj]
D:\Project\QuangHuongComputer\backend\Services\Sales.Tests\Domain\CartTests.cs(71,6): error CS0246: The type or namespace name 'FactAttribute' could not be found (are you missing a using directive or an assembly reference?) [D:\Project\QuangHuongComputer\backend\Services\Sales.Tests\Sales.Tests.csproj]
D:\Project\QuangHuongComputer\backend\Services\Sales.Tests\Domain\CartTests.cs(71,6): error CS0246: The type or namespace name 'Fact' could not be found (are you missing a using directive or an assembly reference?) [D:\Project\QuangHuongComputer\backend\Services\Sales.Tests\Sales.Tests.csproj]
D:\Project\QuangHuongComputer\backend\Services\Sales.Tests\Domain\CartItemTests.cs(49,6): error CS0246: The type or namespace name 'FactAttribute' could not be found (are you missing a using directive or an assembly reference?) [D:\Project\QuangHuongComputer\backend\Services\Sales.Tests\Sales.Tests.csproj]
D:\Project\QuangHuongComputer\backend\Services\Sales.Tests\Domain\CartItemTests.cs(49,6): error CS0246: The type or namespace name 'Fact' could not be found (are you missing a using directive or an assembly reference?) [D:\Project\QuangHuongComputer\backend\Services\Sales.Tests\Sales.Tests.csproj]
D:\Project\QuangHuongComputer\backend\Services\Sales.Tests\Domain\CartTests.cs(86,6): error CS0246: The type or namespace name 'FactAttribute' could not be found (are you missing a using directive or an assembly reference?) [D:\Project\QuangHuongComputer\backend\Services\Sales.Tests\Sales.Tests.csproj]
D:\Project\QuangHuongComputer\backend\Services\Sales.Tests\Domain\CartTests.cs(86,6): error CS0246: The type or namespace name 'Fact' could not be found (are you missing a using directive or an assembly reference?) [D:\Project\QuangHuongComputer\backend\Services\Sales.Tests\Sales.Tests.csproj]
D:\Project\QuangHuongComputer\backend\Services\Sales.Tests\Domain\CartTests.cs(101,6): error CS0246: The type or namespace name 'FactAttribute' could not be found (are you missing a using directive or an assembly reference?) [D:\Project\QuangHuongComputer\backend\Services\Sales.Tests\Sales.Tests.csproj]
D:\Project\QuangHuongComputer\backend\Services\Sales.Tests\Domain\CartTests.cs(101,6): error CS0246: The type or namespace name 'Fact' could not be found (are you missing a using directive or an assembly reference?) [D:\Project\QuangHuongComputer\backend\Services\Sales.Tests\Sales.Tests.csproj]
D:\Project\QuangHuongComputer\backend\Services\Sales.Tests\Domain\CartItemTests.cs(59,6): error CS0246: The type or namespace name 'FactAttribute' could not be found (are you missing a using directive or an assembly reference?) [D:\Project\QuangHuongComputer\backend\Services\Sales.Tests\Sales.Tests.csproj]
D:\Project\QuangHuongComputer\backend\Services\Sales.Tests\Domain\CartItemTests.cs(59,6): error CS0246: The type or namespace name 'Fact' could not be found (are you missing a using directive or an assembly reference?) [D:\Project\QuangHuongComputer\backend\Services\Sales.Tests\Sales.Tests.csproj]
D:\Project\QuangHuongComputer\backend\Services\Sales.Tests\Domain\CartTests.cs(113,6): error CS0246: The type or namespace name 'FactAttribute' could not be found (are you missing a using directive or an assembly reference?) [D:\Project\QuangHuongComputer\backend\Services\Sales.Tests\Sales.Tests.csproj]
D:\Project\QuangHuongComputer\backend\Services\Sales.Tests\Domain\CartTests.cs(113,6): error CS0246: The type or namespace name 'Fact' could not be found (are you missing a using directive or an assembly reference?) [D:\Project\QuangHuongComputer\backend\Services\Sales.Tests\Sales.Tests.csproj]
D:\Project\QuangHuongComputer\backend\Services\Repair.Tests\Domain\WorkOrderTests.cs(1,7): error CS0246: The type or namespace name 'FluentAssertions' could not be found (are you missing a using directive or an assembly reference?) [D:\Project\QuangHuongComputer\backend\Services\Repair.Tests\Repair.Tests.csproj]
D:\Project\QuangHuongComputer\backend\Services\Repair.Tests\UnitTest1.cs(5,6): error CS0246: The type or namespace name 'FactAttribute' could not be found (are you missing a using directive or an assembly reference?) [D:\Project\QuangHuongComputer\backend\Services\Repair.Tests\Repair.Tests.csproj]
D:\Project\QuangHuongComputer\backend\Services\Repair.Tests\UnitTest1.cs(5,6): error CS0246: The type or namespace name 'Fact' could not be found (are you missing a using directive or an assembly reference?) [D:\Project\QuangHuongComputer\backend\Services\Repair.Tests\Repair.Tests.csproj]
D:\Project\QuangHuongComputer\backend\Services\Repair.Tests\Domain\WorkOrderTests.cs(8,6): error CS0246: The type or namespace name 'FactAttribute' could not be found (are you missing a using directive or an assembly reference?) [D:\Project\QuangHuongComputer\backend\Services\Repair.Tests\Repair.Tests.csproj]
D:\Project\QuangHuongComputer\backend\Services\Repair.Tests\Domain\WorkOrderTests.cs(8,6): error CS0246: The type or namespace name 'Fact' could not be found (are you missing a using directive or an assembly reference?) [D:\Project\QuangHuongComputer\backend\Services\Repair.Tests\Repair.Tests.csproj]
D:\Project\QuangHuongComputer\backend\Services\Repair.Tests\Domain\WorkOrderTests.cs(26,6): error CS0246: The type or namespace name 'FactAttribute' could not be found (are you missing a using directive or an assembly reference?) [D:\Project\QuangHuongComputer\backend\Services\Repair.Tests\Repair.Tests.csproj]
D:\Project\QuangHuongComputer\backend\Services\Repair.Tests\Domain\WorkOrderTests.cs(26,6): error CS0246: The type or namespace name 'Fact' could not be found (are you missing a using directive or an assembly reference?) [D:\Project\QuangHuongComputer\backend\Services\Repair.Tests\Repair.Tests.csproj]
D:\Project\QuangHuongComputer\backend\Services\Repair.Tests\Domain\WorkOrderTests.cs(41,6): error CS0246: The type or namespace name 'FactAttribute' could not be found (are you missing a using directive or an assembly reference?) [D:\Project\QuangHuongComputer\backend\Services\Repair.Tests\Repair.Tests.csproj]
D:\Project\QuangHuongComputer\backend\Services\Repair.Tests\Domain\WorkOrderTests.cs(41,6): error CS0246: The type or namespace name 'Fact' could not be found (are you missing a using directive or an assembly reference?) [D:\Project\QuangHuongComputer\backend\Services\Repair.Tests\Repair.Tests.csproj]
D:\Project\QuangHuongComputer\backend\Services\Repair.Tests\Domain\WorkOrderTests.cs(56,6): error CS0246: The type or namespace name 'FactAttribute' could not be found (are you missing a using directive or an assembly reference?) [D:\Project\QuangHuongComputer\backend\Services\Repair.Tests\Repair.Tests.csproj]
D:\Project\QuangHuongComputer\backend\Services\Repair.Tests\Domain\WorkOrderTests.cs(56,6): error CS0246: The type or namespace name 'Fact' could not be found (are you missing a using directive or an assembly reference?) [D:\Project\QuangHuongComputer\backend\Services\Repair.Tests\Repair.Tests.csproj]
D:\Project\QuangHuongComputer\backend\Services\Repair.Tests\Domain\WorkOrderTests.cs(70,6): error CS0246: The type or namespace name 'FactAttribute' could not be found (are you missing a using directive or an assembly reference?) [D:\Project\QuangHuongComputer\backend\Services\Repair.Tests\Repair.Tests.csproj]
D:\Project\QuangHuongComputer\backend\Services\Repair.Tests\Domain\WorkOrderTests.cs(70,6): error CS0246: The type or namespace name 'Fact' could not be found (are you missing a using directive or an assembly reference?) [D:\Project\QuangHuongComputer\backend\Services\Repair.Tests\Repair.Tests.csproj]
D:\Project\QuangHuongComputer\backend\Services\Repair.Tests\Domain\WorkOrderTests.cs(90,6): error CS0246: The type or namespace name 'FactAttribute' could not be found (are you missing a using directive or an assembly reference?) [D:\Project\QuangHuongComputer\backend\Services\Repair.Tests\Repair.Tests.csproj]
D:\Project\QuangHuongComputer\backend\Services\Repair.Tests\Domain\WorkOrderTests.cs(90,6): error CS0246: The type or namespace name 'Fact' could not be found (are you missing a using directive or an assembly reference?) [D:\Project\QuangHuongComputer\backend\Services\Repair.Tests\Repair.Tests.csproj]
D:\Project\QuangHuongComputer\backend\Services\Repair.Tests\Domain\WorkOrderTests.cs(104,6): error CS0246: The type or namespace name 'FactAttribute' could not be found (are you missing a using directive or an assembly reference?) [D:\Project\QuangHuongComputer\backend\Services\Repair.Tests\Repair.Tests.csproj]
D:\Project\QuangHuongComputer\backend\Services\Repair.Tests\Domain\WorkOrderTests.cs(104,6): error CS0246: The type or namespace name 'Fact' could not be found (are you missing a using directive or an assembly reference?) [D:\Project\QuangHuongComputer\backend\Services\Repair.Tests\Repair.Tests.csproj]
D:\Project\QuangHuongComputer\backend\Services\Inventory.Tests\Domain\InventoryItemTests.cs(1,7): error CS0246: The type or namespace name 'FluentAssertions' could not be found (are you missing a using directive or an assembly reference?) [D:\Project\QuangHuongComputer\backend\Services\Inventory.Tests\Inventory.Tests.csproj]
D:\Project\QuangHuongComputer\backend\Services\Inventory.Tests\Domain\PurchaseOrderTests.cs(1,7): error CS0246: The type or namespace name 'FluentAssertions' could not be found (are you missing a using directive or an assembly reference?) [D:\Project\QuangHuongComputer\backend\Services\Inventory.Tests\Inventory.Tests.csproj]
D:\Project\QuangHuongComputer\backend\Services\Inventory.Tests\UnitTest1.cs(5,6): error CS0246: The type or namespace name 'FactAttribute' could not be found (are you missing a using directive or an assembly reference?) [D:\Project\QuangHuongComputer\backend\Services\Inventory.Tests\Inventory.Tests.csproj]
D:\Project\QuangHuongComputer\backend\Services\Inventory.Tests\UnitTest1.cs(5,6): error CS0246: The type or namespace name 'Fact' could not be found (are you missing a using directive or an assembly reference?) [D:\Project\QuangHuongComputer\backend\Services\Inventory.Tests\Inventory.Tests.csproj]
D:\Project\QuangHuongComputer\backend\ApiGateway\Program.cs(81,1): error CS8803: Top-level statements must precede namespace and type declarations. [D:\Project\QuangHuongComputer\backend\ApiGateway\ApiGateway.csproj]
    40 Warning(s)
    50 Error(s)

Time Elapsed 00:00:02.01
