  Determining projects to restore...
D:\Project\QuangHuongComputer\backend\Services\Sales.Tests\Sales.Tests.csproj : warning NU1603: Sales depends on Microsoft.Extensions.Configuration.Abstractions (>= 8.0.2) but Microsoft.Extensions.Configuration.Abstractions 8.0.2 was not found. Microsoft.Extensions.Configuration.Abstractions 9.0.0 was resolved instead. [D:\Project\QuangHuongComputer\backend\ComputerCompany.sln]
D:\Project\QuangHuongComputer\backend\ApiGateway\ApiGateway.csproj : warning NU1603: Catalog depends on Microsoft.Extensions.Configuration.Abstractions (>= 8.0.2) but Microsoft.Extensions.Configuration.Abstractions 8.0.2 was not found. Microsoft.Extensions.Configuration.Abstractions 9.0.0 was resolved instead. [D:\Project\QuangHuongComputer\backend\ComputerCompany.sln]
D:\Project\QuangHuongComputer\backend\Services\Sales\Sales.csproj : warning NU1603: Sales depends on Microsoft.Extensions.Configuration.Abstractions (>= 8.0.2) but Microsoft.Extensions.Configuration.Abstractions 8.0.2 was not found. Microsoft.Extensions.Configuration.Abstractions 9.0.0 was resolved instead. [D:\Project\QuangHuongComputer\backend\ComputerCompany.sln]
D:\Project\QuangHuongComputer\backend\Services\Catalog\Catalog.csproj : warning NU1603: Catalog depends on Microsoft.Extensions.Configuration.Abstractions (>= 8.0.2) but Microsoft.Extensions.Configuration.Abstractions 8.0.2 was not found. Microsoft.Extensions.Configuration.Abstractions 9.0.0 was resolved instead. [D:\Project\QuangHuongComputer\backend\ComputerCompany.sln]
  All projects are up-to-date for restore.
D:\Project\QuangHuongComputer\backend\Services\Sales\Sales.csproj : warning NU1603: Sales depends on Microsoft.Extensions.Configuration.Abstractions (>= 8.0.2) but Microsoft.Extensions.Configuration.Abstractions 8.0.2 was not found. Microsoft.Extensions.Configuration.Abstractions 9.0.0 was resolved instead.
D:\Project\QuangHuongComputer\backend\Services\Sales.Tests\Sales.Tests.csproj : warning NU1603: Sales depends on Microsoft.Extensions.Configuration.Abstractions (>= 8.0.2) but Microsoft.Extensions.Configuration.Abstractions 8.0.2 was not found. Microsoft.Extensions.Configuration.Abstractions 9.0.0 was resolved instead.
D:\Project\QuangHuongComputer\backend\ApiGateway\ApiGateway.csproj : warning NU1603: Catalog depends on Microsoft.Extensions.Configuration.Abstractions (>= 8.0.2) but Microsoft.Extensions.Configuration.Abstractions 8.0.2 was not found. Microsoft.Extensions.Configuration.Abstractions 9.0.0 was resolved instead.
  BuildingBlocks -> D:\Project\QuangHuongComputer\backend\BuildingBlocks\bin\Debug\net8.0\BuildingBlocks.dll
  Sales -> D:\Project\QuangHuongComputer\backend\Services\Sales\bin\Debug\net8.0\Sales.dll
D:\Project\QuangHuongComputer\backend\Services\Catalog\Catalog.csproj : warning NU1603: Catalog depends on Microsoft.Extensions.Configuration.Abstractions (>= 8.0.2) but Microsoft.Extensions.Configuration.Abstractions 8.0.2 was not found. Microsoft.Extensions.Configuration.Abstractions 9.0.0 was resolved instead.
D:\Project\QuangHuongComputer\backend\Services\Inventory\API\InventoryController.cs(8,36): error CS0246: The type or namespace name 'ControllerBase' could not be found (are you missing a using directive or an assembly reference?) [D:\Project\QuangHuongComputer\backend\Services\Inventory\Inventory.csproj]
D:\Project\QuangHuongComputer\backend\Services\Repair\RepairEndpoints.cs(23,37): error CS0246: The type or namespace name 'AuthorizeAttribute' could not be found (are you missing a using directive or an assembly reference?) [D:\Project\QuangHuongComputer\backend\Services\Repair\Repair.csproj]
D:\Project\QuangHuongComputer\backend\Services\Inventory\API\InventoryController.cs(5,2): error CS0246: The type or namespace name 'ApiControllerAttribute' could not be found (are you missing a using directive or an assembly reference?) [D:\Project\QuangHuongComputer\backend\Services\Inventory\Inventory.csproj]
D:\Project\QuangHuongComputer\backend\Services\Inventory\API\InventoryController.cs(5,2): error CS0246: The type or namespace name 'ApiController' could not be found (are you missing a using directive or an assembly reference?) [D:\Project\QuangHuongComputer\backend\Services\Inventory\Inventory.csproj]
D:\Project\QuangHuongComputer\backend\Services\Inventory\API\InventoryController.cs(6,2): error CS0246: The type or namespace name 'RouteAttribute' could not be found (are you missing a using directive or an assembly reference?) [D:\Project\QuangHuongComputer\backend\Services\Inventory\Inventory.csproj]
D:\Project\QuangHuongComputer\backend\Services\Inventory\API\InventoryController.cs(6,2): error CS0246: The type or namespace name 'Route' could not be found (are you missing a using directive or an assembly reference?) [D:\Project\QuangHuongComputer\backend\Services\Inventory\Inventory.csproj]
D:\Project\QuangHuongComputer\backend\Services\Inventory\API\InventoryController.cs(10,22): error CS0246: The type or namespace name 'ISender' could not be found (are you missing a using directive or an assembly reference?) [D:\Project\QuangHuongComputer\backend\Services\Inventory\Inventory.csproj]
D:\Project\QuangHuongComputer\backend\Services\Inventory\API\InventoryController.cs(12,32): error CS0246: The type or namespace name 'ISender' could not be found (are you missing a using directive or an assembly reference?) [D:\Project\QuangHuongComputer\backend\Services\Inventory\Inventory.csproj]
D:\Project\QuangHuongComputer\backend\Services\Inventory\API\InventoryController.cs(18,58): error CS0246: The type or namespace name 'CreatePOCommand' could not be found (are you missing a using directive or an assembly reference?) [D:\Project\QuangHuongComputer\backend\Services\Inventory\Inventory.csproj]
D:\Project\QuangHuongComputer\backend\Services\Inventory\API\InventoryController.cs(18,23): error CS0246: The type or namespace name 'IActionResult' could not be found (are you missing a using directive or an assembly reference?) [D:\Project\QuangHuongComputer\backend\Services\Inventory\Inventory.csproj]
D:\Project\QuangHuongComputer\backend\Services\Inventory\API\InventoryController.cs(25,59): error CS0246: The type or namespace name 'ReceivePOCommand' could not be found (are you missing a using directive or an assembly reference?) [D:\Project\QuangHuongComputer\backend\Services\Inventory\Inventory.csproj]
D:\Project\QuangHuongComputer\backend\Services\Inventory\API\InventoryController.cs(25,23): error CS0246: The type or namespace name 'IActionResult' could not be found (are you missing a using directive or an assembly reference?) [D:\Project\QuangHuongComputer\backend\Services\Inventory\Inventory.csproj]
D:\Project\QuangHuongComputer\backend\Services\Accounting\Domain\Invoice.cs(206,15): warning CS8618: Non-nullable property 'Description' must contain a non-null value when exiting constructor. Consider adding the 'required' modifier or declaring the property as nullable. [D:\Project\QuangHuongComputer\backend\Services\Accounting\Accounting.csproj]
D:\Project\QuangHuongComputer\backend\Services\Inventory\API\InventoryController.cs(32,23): error CS0246: The type or namespace name 'IActionResult' could not be found (are you missing a using directive or an assembly reference?) [D:\Project\QuangHuongComputer\backend\Services\Inventory\Inventory.csproj]
D:\Project\QuangHuongComputer\backend\Services\Inventory\API\InventoryController.cs(17,6): error CS0246: The type or namespace name 'HttpPostAttribute' could not be found (are you missing a using directive or an assembly reference?) [D:\Project\QuangHuongComputer\backend\Services\Inventory\Inventory.csproj]
D:\Project\QuangHuongComputer\backend\Services\Inventory\API\InventoryController.cs(17,6): error CS0246: The type or namespace name 'HttpPost' could not be found (are you missing a using directive or an assembly reference?) [D:\Project\QuangHuongComputer\backend\Services\Inventory\Inventory.csproj]
D:\Project\QuangHuongComputer\backend\Services\Inventory\API\InventoryController.cs(18,48): error CS0246: The type or namespace name 'FromBodyAttribute' could not be found (are you missing a using directive or an assembly reference?) [D:\Project\QuangHuongComputer\backend\Services\Inventory\Inventory.csproj]
D:\Project\QuangHuongComputer\backend\Services\Inventory\API\InventoryController.cs(18,48): error CS0246: The type or namespace name 'FromBody' could not be found (are you missing a using directive or an assembly reference?) [D:\Project\QuangHuongComputer\backend\Services\Inventory\Inventory.csproj]
D:\Project\QuangHuongComputer\backend\Services\Accounting\Domain\Invoice.cs(228,15): warning CS8618: Non-nullable property 'PaymentReference' must contain a non-null value when exiting constructor. Consider adding the 'required' modifier or declaring the property as nullable. [D:\Project\QuangHuongComputer\backend\Services\Accounting\Accounting.csproj]
D:\Project\QuangHuongComputer\backend\Services\Inventory\API\InventoryController.cs(24,6): error CS0246: The type or namespace name 'HttpPostAttribute' could not be found (are you missing a using directive or an assembly reference?) [D:\Project\QuangHuongComputer\backend\Services\Inventory\Inventory.csproj]
D:\Project\QuangHuongComputer\backend\Services\Inventory\API\InventoryController.cs(24,6): error CS0246: The type or namespace name 'HttpPost' could not be found (are you missing a using directive or an assembly reference?) [D:\Project\QuangHuongComputer\backend\Services\Inventory\Inventory.csproj]
D:\Project\QuangHuongComputer\backend\Services\Accounting\Domain\OrganizationAccount.cs(54,15): warning CS8618: Non-nullable property 'Description' must contain a non-null value when exiting constructor. Consider adding the 'required' modifier or declaring the property as nullable. [D:\Project\QuangHuongComputer\backend\Services\Accounting\Accounting.csproj]
D:\Project\QuangHuongComputer\backend\Services\Inventory\API\InventoryController.cs(25,49): error CS0246: The type or namespace name 'FromBodyAttribute' could not be found (are you missing a using directive or an assembly reference?) [D:\Project\QuangHuongComputer\backend\Services\Inventory\Inventory.csproj]
D:\Project\QuangHuongComputer\backend\Services\Inventory\API\InventoryController.cs(25,49): error CS0246: The type or namespace name 'FromBody' could not be found (are you missing a using directive or an assembly reference?) [D:\Project\QuangHuongComputer\backend\Services\Inventory\Inventory.csproj]
D:\Project\QuangHuongComputer\backend\Services\Accounting\Domain\OrganizationAccount.cs(20,15): warning CS8618: Non-nullable property 'Name' must contain a non-null value when exiting constructor. Consider adding the 'required' modifier or declaring the property as nullable. [D:\Project\QuangHuongComputer\backend\Services\Accounting\Accounting.csproj]
D:\Project\QuangHuongComputer\backend\Services\Inventory\API\InventoryController.cs(31,6): error CS0246: The type or namespace name 'HttpGetAttribute' could not be found (are you missing a using directive or an assembly reference?) [D:\Project\QuangHuongComputer\backend\Services\Inventory\Inventory.csproj]
D:\Project\QuangHuongComputer\backend\Services\Inventory\API\InventoryController.cs(31,6): error CS0246: The type or namespace name 'HttpGet' could not be found (are you missing a using directive or an assembly reference?) [D:\Project\QuangHuongComputer\backend\Services\Inventory\Inventory.csproj]
  Accounting -> D:\Project\QuangHuongComputer\backend\Services\Accounting\bin\Debug\net8.0\Accounting.dll
  Identity -> D:\Project\QuangHuongComputer\backend\Services\Identity\bin\Debug\net8.0\Identity.dll
D:\Project\QuangHuongComputer\backend\Services\Sales.Tests\Domain\CartItemTests.cs(1,7): error CS0246: The type or namespace name 'FluentAssertions' could not be found (are you missing a using directive or an assembly reference?) [D:\Project\QuangHuongComputer\backend\Services\Sales.Tests\Sales.Tests.csproj]
D:\Project\QuangHuongComputer\backend\Services\Sales.Tests\Domain\CartTests.cs(1,7): error CS0246: The type or namespace name 'FluentAssertions' could not be found (are you missing a using directive or an assembly reference?) [D:\Project\QuangHuongComputer\backend\Services\Sales.Tests\Sales.Tests.csproj]
D:\Project\QuangHuongComputer\backend\Services\Sales.Tests\Domain\OrderTests.cs(1,7): error CS0246: The type or namespace name 'FluentAssertions' could not be found (are you missing a using directive or an assembly reference?) [D:\Project\QuangHuongComputer\backend\Services\Sales.Tests\Sales.Tests.csproj]
D:\Project\QuangHuongComputer\backend\Services\Sales.Tests\UnitTest1.cs(5,6): error CS0246: The type or namespace name 'FactAttribute' could not be found (are you missing a using directive or an assembly reference?) [D:\Project\QuangHuongComputer\backend\Services\Sales.Tests\Sales.Tests.csproj]
D:\Project\QuangHuongComputer\backend\Services\Sales.Tests\UnitTest1.cs(5,6): error CS0246: The type or namespace name 'Fact' could not be found (are you missing a using directive or an assembly reference?) [D:\Project\QuangHuongComputer\backend\Services\Sales.Tests\Sales.Tests.csproj]
D:\Project\QuangHuongComputer\backend\Services\Sales.Tests\Domain\CartItemTests.cs(8,6): error CS0246: The type or namespace name 'FactAttribute' could not be found (are you missing a using directive or an assembly reference?) [D:\Project\QuangHuongComputer\backend\Services\Sales.Tests\Sales.Tests.csproj]
D:\Project\QuangHuongComputer\backend\Services\Sales.Tests\Domain\CartItemTests.cs(8,6): error CS0246: The type or namespace name 'Fact' could not be found (are you missing a using directive or an assembly reference?) [D:\Project\QuangHuongComputer\backend\Services\Sales.Tests\Sales.Tests.csproj]
D:\Project\QuangHuongComputer\backend\Services\Sales.Tests\Domain\CartTests.cs(8,6): error CS0246: The type or namespace name 'FactAttribute' could not be found (are you missing a using directive or an assembly reference?) [D:\Project\QuangHuongComputer\backend\Services\Sales.Tests\Sales.Tests.csproj]
D:\Project\QuangHuongComputer\backend\Services\Sales.Tests\Domain\CartTests.cs(8,6): error CS0246: The type or namespace name 'Fact' could not be found (are you missing a using directive or an assembly reference?) [D:\Project\QuangHuongComputer\backend\Services\Sales.Tests\Sales.Tests.csproj]
D:\Project\QuangHuongComputer\backend\Services\Sales.Tests\Domain\CartItemTests.cs(21,6): error CS0246: The type or namespace name 'FactAttribute' could not be found (are you missing a using directive or an assembly reference?) [D:\Project\QuangHuongComputer\backend\Services\Sales.Tests\Sales.Tests.csproj]
D:\Project\QuangHuongComputer\backend\Services\Sales.Tests\Domain\CartItemTests.cs(21,6): error CS0246: The type or namespace name 'Fact' could not be found (are you missing a using directive or an assembly reference?) [D:\Project\QuangHuongComputer\backend\Services\Sales.Tests\Sales.Tests.csproj]
D:\Project\QuangHuongComputer\backend\Services\Sales.Tests\Domain\CartTests.cs(26,6): error CS0246: The type or namespace name 'FactAttribute' could not be found (are you missing a using directive or an assembly reference?) [D:\Project\QuangHuongComputer\backend\Services\Sales.Tests\Sales.Tests.csproj]
D:\Project\QuangHuongComputer\backend\Services\Sales.Tests\Domain\CartTests.cs(26,6): error CS0246: The type or namespace name 'Fact' could not be found (are you missing a using directive or an assembly reference?) [D:\Project\QuangHuongComputer\backend\Services\Sales.Tests\Sales.Tests.csproj]
D:\Project\QuangHuongComputer\backend\Services\Sales.Tests\Domain\CartItemTests.cs(35,6): error CS0246: The type or namespace name 'FactAttribute' could not be found (are you missing a using directive or an assembly reference?) [D:\Project\QuangHuongComputer\backend\Services\Sales.Tests\Sales.Tests.csproj]
D:\Project\QuangHuongComputer\backend\Services\Sales.Tests\Domain\CartItemTests.cs(35,6): error CS0246: The type or namespace name 'Fact' could not be found (are you missing a using directive or an assembly reference?) [D:\Project\QuangHuongComputer\backend\Services\Sales.Tests\Sales.Tests.csproj]
D:\Project\QuangHuongComputer\backend\Services\Sales.Tests\Domain\CartItemTests.cs(49,6): error CS0246: The type or namespace name 'FactAttribute' could not be found (are you missing a using directive or an assembly reference?) [D:\Project\QuangHuongComputer\backend\Services\Sales.Tests\Sales.Tests.csproj]
D:\Project\QuangHuongComputer\backend\Services\Sales.Tests\Domain\CartItemTests.cs(49,6): error CS0246: The type or namespace name 'Fact' could not be found (are you missing a using directive or an assembly reference?) [D:\Project\QuangHuongComputer\backend\Services\Sales.Tests\Sales.Tests.csproj]
D:\Project\QuangHuongComputer\backend\Services\Sales.Tests\Domain\CartTests.cs(42,6): error CS0246: The type or namespace name 'FactAttribute' could not be found (are you missing a using directive or an assembly reference?) [D:\Project\QuangHuongComputer\backend\Services\Sales.Tests\Sales.Tests.csproj]
D:\Project\QuangHuongComputer\backend\Services\Sales.Tests\Domain\CartTests.cs(42,6): error CS0246: The type or namespace name 'Fact' could not be found (are you missing a using directive or an assembly reference?) [D:\Project\QuangHuongComputer\backend\Services\Sales.Tests\Sales.Tests.csproj]
D:\Project\QuangHuongComputer\backend\Services\Sales.Tests\Domain\CartItemTests.cs(59,6): error CS0246: The type or namespace name 'FactAttribute' could not be found (are you missing a using directive or an assembly reference?) [D:\Project\QuangHuongComputer\backend\Services\Sales.Tests\Sales.Tests.csproj]
D:\Project\QuangHuongComputer\backend\Services\Sales.Tests\Domain\CartItemTests.cs(59,6): error CS0246: The type or namespace name 'Fact' could not be found (are you missing a using directive or an assembly reference?) [D:\Project\QuangHuongComputer\backend\Services\Sales.Tests\Sales.Tests.csproj]
D:\Project\QuangHuongComputer\backend\Services\Sales.Tests\Domain\CartTests.cs(57,6): error CS0246: The type or namespace name 'FactAttribute' could not be found (are you missing a using directive or an assembly reference?) [D:\Project\QuangHuongComputer\backend\Services\Sales.Tests\Sales.Tests.csproj]
D:\Project\QuangHuongComputer\backend\Services\Sales.Tests\Domain\CartTests.cs(57,6): error CS0246: The type or namespace name 'Fact' could not be found (are you missing a using directive or an assembly reference?) [D:\Project\QuangHuongComputer\backend\Services\Sales.Tests\Sales.Tests.csproj]
D:\Project\QuangHuongComputer\backend\Services\Sales.Tests\Domain\CartTests.cs(71,6): error CS0246: The type or namespace name 'FactAttribute' could not be found (are you missing a using directive or an assembly reference?) [D:\Project\QuangHuongComputer\backend\Services\Sales.Tests\Sales.Tests.csproj]
D:\Project\QuangHuongComputer\backend\Services\Sales.Tests\Domain\CartTests.cs(71,6): error CS0246: The type or namespace name 'Fact' could not be found (are you missing a using directive or an assembly reference?) [D:\Project\QuangHuongComputer\backend\Services\Sales.Tests\Sales.Tests.csproj]
D:\Project\QuangHuongComputer\backend\Services\Sales.Tests\Domain\CartTests.cs(86,6): error CS0246: The type or namespace name 'FactAttribute' could not be found (are you missing a using directive or an assembly reference?) [D:\Project\QuangHuongComputer\backend\Services\Sales.Tests\Sales.Tests.csproj]
D:\Project\QuangHuongComputer\backend\Services\Sales.Tests\Domain\CartTests.cs(86,6): error CS0246: The type or namespace name 'Fact' could not be found (are you missing a using directive or an assembly reference?) [D:\Project\QuangHuongComputer\backend\Services\Sales.Tests\Sales.Tests.csproj]
D:\Project\QuangHuongComputer\backend\Services\Sales.Tests\Domain\CartTests.cs(101,6): error CS0246: The type or namespace name 'FactAttribute' could not be found (are you missing a using directive or an assembly reference?) [D:\Project\QuangHuongComputer\backend\Services\Sales.Tests\Sales.Tests.csproj]
D:\Project\QuangHuongComputer\backend\Services\Sales.Tests\Domain\CartTests.cs(101,6): error CS0246: The type or namespace name 'Fact' could not be found (are you missing a using directive or an assembly reference?) [D:\Project\QuangHuongComputer\backend\Services\Sales.Tests\Sales.Tests.csproj]
D:\Project\QuangHuongComputer\backend\Services\Sales.Tests\Domain\CartTests.cs(113,6): error CS0246: The type or namespace name 'FactAttribute' could not be found (are you missing a using directive or an assembly reference?) [D:\Project\QuangHuongComputer\backend\Services\Sales.Tests\Sales.Tests.csproj]
D:\Project\QuangHuongComputer\backend\Services\Sales.Tests\Domain\CartTests.cs(113,6): error CS0246: The type or namespace name 'Fact' could not be found (are you missing a using directive or an assembly reference?) [D:\Project\QuangHuongComputer\backend\Services\Sales.Tests\Sales.Tests.csproj]
D:\Project\QuangHuongComputer\backend\Services\Catalog\Domain\Brand.cs(18,15): warning CS8618: Non-nullable property 'Name' must contain a non-null value when exiting constructor. Consider adding the 'required' modifier or declaring the property as nullable. [D:\Project\QuangHuongComputer\backend\Services\Catalog\Catalog.csproj]
D:\Project\QuangHuongComputer\backend\Services\Catalog\Domain\Brand.cs(18,15): warning CS8618: Non-nullable property 'Description' must contain a non-null value when exiting constructor. Consider adding the 'required' modifier or declaring the property as nullable. [D:\Project\QuangHuongComputer\backend\Services\Catalog\Catalog.csproj]
D:\Project\QuangHuongComputer\backend\Services\Catalog\Domain\Category.cs(17,15): warning CS8618: Non-nullable property 'Name' must contain a non-null value when exiting constructor. Consider adding the 'required' modifier or declaring the property as nullable. [D:\Project\QuangHuongComputer\backend\Services\Catalog\Catalog.csproj]
D:\Project\QuangHuongComputer\backend\Services\Catalog\Domain\Category.cs(17,15): warning CS8618: Non-nullable property 'Slug' must contain a non-null value when exiting constructor. Consider adding the 'required' modifier or declaring the property as nullable. [D:\Project\QuangHuongComputer\backend\Services\Catalog\Catalog.csproj]
D:\Project\QuangHuongComputer\backend\Services\Catalog\Domain\Product.cs(30,15): warning CS8618: Non-nullable property 'Name' must contain a non-null value when exiting constructor. Consider adding the 'required' modifier or declaring the property as nullable. [D:\Project\QuangHuongComputer\backend\Services\Catalog\Catalog.csproj]
D:\Project\QuangHuongComputer\backend\Services\Catalog\Domain\Product.cs(30,15): warning CS8618: Non-nullable property 'Description' must contain a non-null value when exiting constructor. Consider adding the 'required' modifier or declaring the property as nullable. [D:\Project\QuangHuongComputer\backend\Services\Catalog\Catalog.csproj]
  Catalog -> D:\Project\QuangHuongComputer\backend\Services\Catalog\bin\Debug\net8.0\Catalog.dll

Build FAILED.

D:\Project\QuangHuongComputer\backend\Services\Sales.Tests\Sales.Tests.csproj : warning NU1603: Sales depends on Microsoft.Extensions.Configuration.Abstractions (>= 8.0.2) but Microsoft.Extensions.Configuration.Abstractions 8.0.2 was not found. Microsoft.Extensions.Configuration.Abstractions 9.0.0 was resolved instead. [D:\Project\QuangHuongComputer\backend\ComputerCompany.sln]
D:\Project\QuangHuongComputer\backend\ApiGateway\ApiGateway.csproj : warning NU1603: Catalog depends on Microsoft.Extensions.Configuration.Abstractions (>= 8.0.2) but Microsoft.Extensions.Configuration.Abstractions 8.0.2 was not found. Microsoft.Extensions.Configuration.Abstractions 9.0.0 was resolved instead. [D:\Project\QuangHuongComputer\backend\ComputerCompany.sln]
D:\Project\QuangHuongComputer\backend\Services\Sales\Sales.csproj : warning NU1603: Sales depends on Microsoft.Extensions.Configuration.Abstractions (>= 8.0.2) but Microsoft.Extensions.Configuration.Abstractions 8.0.2 was not found. Microsoft.Extensions.Configuration.Abstractions 9.0.0 was resolved instead. [D:\Project\QuangHuongComputer\backend\ComputerCompany.sln]
D:\Project\QuangHuongComputer\backend\Services\Catalog\Catalog.csproj : warning NU1603: Catalog depends on Microsoft.Extensions.Configuration.Abstractions (>= 8.0.2) but Microsoft.Extensions.Configuration.Abstractions 8.0.2 was not found. Microsoft.Extensions.Configuration.Abstractions 9.0.0 was resolved instead. [D:\Project\QuangHuongComputer\backend\ComputerCompany.sln]
D:\Project\QuangHuongComputer\backend\Services\Sales\Sales.csproj : warning NU1603: Sales depends on Microsoft.Extensions.Configuration.Abstractions (>= 8.0.2) but Microsoft.Extensions.Configuration.Abstractions 8.0.2 was not found. Microsoft.Extensions.Configuration.Abstractions 9.0.0 was resolved instead.
D:\Project\QuangHuongComputer\backend\Services\Sales.Tests\Sales.Tests.csproj : warning NU1603: Sales depends on Microsoft.Extensions.Configuration.Abstractions (>= 8.0.2) but Microsoft.Extensions.Configuration.Abstractions 8.0.2 was not found. Microsoft.Extensions.Configuration.Abstractions 9.0.0 was resolved instead.
D:\Project\QuangHuongComputer\backend\ApiGateway\ApiGateway.csproj : warning NU1603: Catalog depends on Microsoft.Extensions.Configuration.Abstractions (>= 8.0.2) but Microsoft.Extensions.Configuration.Abstractions 8.0.2 was not found. Microsoft.Extensions.Configuration.Abstractions 9.0.0 was resolved instead.
D:\Project\QuangHuongComputer\backend\Services\Catalog\Catalog.csproj : warning NU1603: Catalog depends on Microsoft.Extensions.Configuration.Abstractions (>= 8.0.2) but Microsoft.Extensions.Configuration.Abstractions 8.0.2 was not found. Microsoft.Extensions.Configuration.Abstractions 9.0.0 was resolved instead.
D:\Project\QuangHuongComputer\backend\Services\Accounting\Domain\Invoice.cs(206,15): warning CS8618: Non-nullable property 'Description' must contain a non-null value when exiting constructor. Consider adding the 'required' modifier or declaring the property as nullable. [D:\Project\QuangHuongComputer\backend\Services\Accounting\Accounting.csproj]
D:\Project\QuangHuongComputer\backend\Services\Accounting\Domain\Invoice.cs(228,15): warning CS8618: Non-nullable property 'PaymentReference' must contain a non-null value when exiting constructor. Consider adding the 'required' modifier or declaring the property as nullable. [D:\Project\QuangHuongComputer\backend\Services\Accounting\Accounting.csproj]
D:\Project\QuangHuongComputer\backend\Services\Accounting\Domain\OrganizationAccount.cs(54,15): warning CS8618: Non-nullable property 'Description' must contain a non-null value when exiting constructor. Consider adding the 'required' modifier or declaring the property as nullable. [D:\Project\QuangHuongComputer\backend\Services\Accounting\Accounting.csproj]
D:\Project\QuangHuongComputer\backend\Services\Accounting\Domain\OrganizationAccount.cs(20,15): warning CS8618: Non-nullable property 'Name' must contain a non-null value when exiting constructor. Consider adding the 'required' modifier or declaring the property as nullable. [D:\Project\QuangHuongComputer\backend\Services\Accounting\Accounting.csproj]
D:\Project\QuangHuongComputer\backend\Services\Catalog\Domain\Brand.cs(18,15): warning CS8618: Non-nullable property 'Name' must contain a non-null value when exiting constructor. Consider adding the 'required' modifier or declaring the property as nullable. [D:\Project\QuangHuongComputer\backend\Services\Catalog\Catalog.csproj]
D:\Project\QuangHuongComputer\backend\Services\Catalog\Domain\Brand.cs(18,15): warning CS8618: Non-nullable property 'Description' must contain a non-null value when exiting constructor. Consider adding the 'required' modifier or declaring the property as nullable. [D:\Project\QuangHuongComputer\backend\Services\Catalog\Catalog.csproj]
D:\Project\QuangHuongComputer\backend\Services\Catalog\Domain\Category.cs(17,15): warning CS8618: Non-nullable property 'Name' must contain a non-null value when exiting constructor. Consider adding the 'required' modifier or declaring the property as nullable. [D:\Project\QuangHuongComputer\backend\Services\Catalog\Catalog.csproj]
D:\Project\QuangHuongComputer\backend\Services\Catalog\Domain\Category.cs(17,15): warning CS8618: Non-nullable property 'Slug' must contain a non-null value when exiting constructor. Consider adding the 'required' modifier or declaring the property as nullable. [D:\Project\QuangHuongComputer\backend\Services\Catalog\Catalog.csproj]
D:\Project\QuangHuongComputer\backend\Services\Catalog\Domain\Product.cs(30,15): warning CS8618: Non-nullable property 'Name' must contain a non-null value when exiting constructor. Consider adding the 'required' modifier or declaring the property as nullable. [D:\Project\QuangHuongComputer\backend\Services\Catalog\Catalog.csproj]
D:\Project\QuangHuongComputer\backend\Services\Catalog\Domain\Product.cs(30,15): warning CS8618: Non-nullable property 'Description' must contain a non-null value when exiting constructor. Consider adding the 'required' modifier or declaring the property as nullable. [D:\Project\QuangHuongComputer\backend\Services\Catalog\Catalog.csproj]
D:\Project\QuangHuongComputer\backend\Services\Inventory\API\InventoryController.cs(8,36): error CS0246: The type or namespace name 'ControllerBase' could not be found (are you missing a using directive or an assembly reference?) [D:\Project\QuangHuongComputer\backend\Services\Inventory\Inventory.csproj]
D:\Project\QuangHuongComputer\backend\Services\Repair\RepairEndpoints.cs(23,37): error CS0246: The type or namespace name 'AuthorizeAttribute' could not be found (are you missing a using directive or an assembly reference?) [D:\Project\QuangHuongComputer\backend\Services\Repair\Repair.csproj]
D:\Project\QuangHuongComputer\backend\Services\Inventory\API\InventoryController.cs(5,2): error CS0246: The type or namespace name 'ApiControllerAttribute' could not be found (are you missing a using directive or an assembly reference?) [D:\Project\QuangHuongComputer\backend\Services\Inventory\Inventory.csproj]
D:\Project\QuangHuongComputer\backend\Services\Inventory\API\InventoryController.cs(5,2): error CS0246: The type or namespace name 'ApiController' could not be found (are you missing a using directive or an assembly reference?) [D:\Project\QuangHuongComputer\backend\Services\Inventory\Inventory.csproj]
D:\Project\QuangHuongComputer\backend\Services\Inventory\API\InventoryController.cs(6,2): error CS0246: The type or namespace name 'RouteAttribute' could not be found (are you missing a using directive or an assembly reference?) [D:\Project\QuangHuongComputer\backend\Services\Inventory\Inventory.csproj]
D:\Project\QuangHuongComputer\backend\Services\Inventory\API\InventoryController.cs(6,2): error CS0246: The type or namespace name 'Route' could not be found (are you missing a using directive or an assembly reference?) [D:\Project\QuangHuongComputer\backend\Services\Inventory\Inventory.csproj]
D:\Project\QuangHuongComputer\backend\Services\Inventory\API\InventoryController.cs(10,22): error CS0246: The type or namespace name 'ISender' could not be found (are you missing a using directive or an assembly reference?) [D:\Project\QuangHuongComputer\backend\Services\Inventory\Inventory.csproj]
D:\Project\QuangHuongComputer\backend\Services\Inventory\API\InventoryController.cs(12,32): error CS0246: The type or namespace name 'ISender' could not be found (are you missing a using directive or an assembly reference?) [D:\Project\QuangHuongComputer\backend\Services\Inventory\Inventory.csproj]
D:\Project\QuangHuongComputer\backend\Services\Inventory\API\InventoryController.cs(18,58): error CS0246: The type or namespace name 'CreatePOCommand' could not be found (are you missing a using directive or an assembly reference?) [D:\Project\QuangHuongComputer\backend\Services\Inventory\Inventory.csproj]
D:\Project\QuangHuongComputer\backend\Services\Inventory\API\InventoryController.cs(18,23): error CS0246: The type or namespace name 'IActionResult' could not be found (are you missing a using directive or an assembly reference?) [D:\Project\QuangHuongComputer\backend\Services\Inventory\Inventory.csproj]
D:\Project\QuangHuongComputer\backend\Services\Inventory\API\InventoryController.cs(25,59): error CS0246: The type or namespace name 'ReceivePOCommand' could not be found (are you missing a using directive or an assembly reference?) [D:\Project\QuangHuongComputer\backend\Services\Inventory\Inventory.csproj]
D:\Project\QuangHuongComputer\backend\Services\Inventory\API\InventoryController.cs(25,23): error CS0246: The type or namespace name 'IActionResult' could not be found (are you missing a using directive or an assembly reference?) [D:\Project\QuangHuongComputer\backend\Services\Inventory\Inventory.csproj]
D:\Project\QuangHuongComputer\backend\Services\Inventory\API\InventoryController.cs(32,23): error CS0246: The type or namespace name 'IActionResult' could not be found (are you missing a using directive or an assembly reference?) [D:\Project\QuangHuongComputer\backend\Services\Inventory\Inventory.csproj]
D:\Project\QuangHuongComputer\backend\Services\Inventory\API\InventoryController.cs(17,6): error CS0246: The type or namespace name 'HttpPostAttribute' could not be found (are you missing a using directive or an assembly reference?) [D:\Project\QuangHuongComputer\backend\Services\Inventory\Inventory.csproj]
D:\Project\QuangHuongComputer\backend\Services\Inventory\API\InventoryController.cs(17,6): error CS0246: The type or namespace name 'HttpPost' could not be found (are you missing a using directive or an assembly reference?) [D:\Project\QuangHuongComputer\backend\Services\Inventory\Inventory.csproj]
D:\Project\QuangHuongComputer\backend\Services\Inventory\API\InventoryController.cs(18,48): error CS0246: The type or namespace name 'FromBodyAttribute' could not be found (are you missing a using directive or an assembly reference?) [D:\Project\QuangHuongComputer\backend\Services\Inventory\Inventory.csproj]
D:\Project\QuangHuongComputer\backend\Services\Inventory\API\InventoryController.cs(18,48): error CS0246: The type or namespace name 'FromBody' could not be found (are you missing a using directive or an assembly reference?) [D:\Project\QuangHuongComputer\backend\Services\Inventory\Inventory.csproj]
D:\Project\QuangHuongComputer\backend\Services\Inventory\API\InventoryController.cs(24,6): error CS0246: The type or namespace name 'HttpPostAttribute' could not be found (are you missing a using directive or an assembly reference?) [D:\Project\QuangHuongComputer\backend\Services\Inventory\Inventory.csproj]
D:\Project\QuangHuongComputer\backend\Services\Inventory\API\InventoryController.cs(24,6): error CS0246: The type or namespace name 'HttpPost' could not be found (are you missing a using directive or an assembly reference?) [D:\Project\QuangHuongComputer\backend\Services\Inventory\Inventory.csproj]
D:\Project\QuangHuongComputer\backend\Services\Inventory\API\InventoryController.cs(25,49): error CS0246: The type or namespace name 'FromBodyAttribute' could not be found (are you missing a using directive or an assembly reference?) [D:\Project\QuangHuongComputer\backend\Services\Inventory\Inventory.csproj]
D:\Project\QuangHuongComputer\backend\Services\Inventory\API\InventoryController.cs(25,49): error CS0246: The type or namespace name 'FromBody' could not be found (are you missing a using directive or an assembly reference?) [D:\Project\QuangHuongComputer\backend\Services\Inventory\Inventory.csproj]
D:\Project\QuangHuongComputer\backend\Services\Inventory\API\InventoryController.cs(31,6): error CS0246: The type or namespace name 'HttpGetAttribute' could not be found (are you missing a using directive or an assembly reference?) [D:\Project\QuangHuongComputer\backend\Services\Inventory\Inventory.csproj]
D:\Project\QuangHuongComputer\backend\Services\Inventory\API\InventoryController.cs(31,6): error CS0246: The type or namespace name 'HttpGet' could not be found (are you missing a using directive or an assembly reference?) [D:\Project\QuangHuongComputer\backend\Services\Inventory\Inventory.csproj]
D:\Project\QuangHuongComputer\backend\Services\Sales.Tests\Domain\CartItemTests.cs(1,7): error CS0246: The type or namespace name 'FluentAssertions' could not be found (are you missing a using directive or an assembly reference?) [D:\Project\QuangHuongComputer\backend\Services\Sales.Tests\Sales.Tests.csproj]
D:\Project\QuangHuongComputer\backend\Services\Sales.Tests\Domain\CartTests.cs(1,7): error CS0246: The type or namespace name 'FluentAssertions' could not be found (are you missing a using directive or an assembly reference?) [D:\Project\QuangHuongComputer\backend\Services\Sales.Tests\Sales.Tests.csproj]
D:\Project\QuangHuongComputer\backend\Services\Sales.Tests\Domain\OrderTests.cs(1,7): error CS0246: The type or namespace name 'FluentAssertions' could not be found (are you missing a using directive or an assembly reference?) [D:\Project\QuangHuongComputer\backend\Services\Sales.Tests\Sales.Tests.csproj]
D:\Project\QuangHuongComputer\backend\Services\Sales.Tests\UnitTest1.cs(5,6): error CS0246: The type or namespace name 'FactAttribute' could not be found (are you missing a using directive or an assembly reference?) [D:\Project\QuangHuongComputer\backend\Services\Sales.Tests\Sales.Tests.csproj]
D:\Project\QuangHuongComputer\backend\Services\Sales.Tests\UnitTest1.cs(5,6): error CS0246: The type or namespace name 'Fact' could not be found (are you missing a using directive or an assembly reference?) [D:\Project\QuangHuongComputer\backend\Services\Sales.Tests\Sales.Tests.csproj]
D:\Project\QuangHuongComputer\backend\Services\Sales.Tests\Domain\CartItemTests.cs(8,6): error CS0246: The type or namespace name 'FactAttribute' could not be found (are you missing a using directive or an assembly reference?) [D:\Project\QuangHuongComputer\backend\Services\Sales.Tests\Sales.Tests.csproj]
D:\Project\QuangHuongComputer\backend\Services\Sales.Tests\Domain\CartItemTests.cs(8,6): error CS0246: The type or namespace name 'Fact' could not be found (are you missing a using directive or an assembly reference?) [D:\Project\QuangHuongComputer\backend\Services\Sales.Tests\Sales.Tests.csproj]
D:\Project\QuangHuongComputer\backend\Services\Sales.Tests\Domain\CartTests.cs(8,6): error CS0246: The type or namespace name 'FactAttribute' could not be found (are you missing a using directive or an assembly reference?) [D:\Project\QuangHuongComputer\backend\Services\Sales.Tests\Sales.Tests.csproj]
D:\Project\QuangHuongComputer\backend\Services\Sales.Tests\Domain\CartTests.cs(8,6): error CS0246: The type or namespace name 'Fact' could not be found (are you missing a using directive or an assembly reference?) [D:\Project\QuangHuongComputer\backend\Services\Sales.Tests\Sales.Tests.csproj]
D:\Project\QuangHuongComputer\backend\Services\Sales.Tests\Domain\CartItemTests.cs(21,6): error CS0246: The type or namespace name 'FactAttribute' could not be found (are you missing a using directive or an assembly reference?) [D:\Project\QuangHuongComputer\backend\Services\Sales.Tests\Sales.Tests.csproj]
D:\Project\QuangHuongComputer\backend\Services\Sales.Tests\Domain\CartItemTests.cs(21,6): error CS0246: The type or namespace name 'Fact' could not be found (are you missing a using directive or an assembly reference?) [D:\Project\QuangHuongComputer\backend\Services\Sales.Tests\Sales.Tests.csproj]
D:\Project\QuangHuongComputer\backend\Services\Sales.Tests\Domain\CartTests.cs(26,6): error CS0246: The type or namespace name 'FactAttribute' could not be found (are you missing a using directive or an assembly reference?) [D:\Project\QuangHuongComputer\backend\Services\Sales.Tests\Sales.Tests.csproj]
D:\Project\QuangHuongComputer\backend\Services\Sales.Tests\Domain\CartTests.cs(26,6): error CS0246: The type or namespace name 'Fact' could not be found (are you missing a using directive or an assembly reference?) [D:\Project\QuangHuongComputer\backend\Services\Sales.Tests\Sales.Tests.csproj]
D:\Project\QuangHuongComputer\backend\Services\Sales.Tests\Domain\CartItemTests.cs(35,6): error CS0246: The type or namespace name 'FactAttribute' could not be found (are you missing a using directive or an assembly reference?) [D:\Project\QuangHuongComputer\backend\Services\Sales.Tests\Sales.Tests.csproj]
D:\Project\QuangHuongComputer\backend\Services\Sales.Tests\Domain\CartItemTests.cs(35,6): error CS0246: The type or namespace name 'Fact' could not be found (are you missing a using directive or an assembly reference?) [D:\Project\QuangHuongComputer\backend\Services\Sales.Tests\Sales.Tests.csproj]
D:\Project\QuangHuongComputer\backend\Services\Sales.Tests\Domain\CartItemTests.cs(49,6): error CS0246: The type or namespace name 'FactAttribute' could not be found (are you missing a using directive or an assembly reference?) [D:\Project\QuangHuongComputer\backend\Services\Sales.Tests\Sales.Tests.csproj]
D:\Project\QuangHuongComputer\backend\Services\Sales.Tests\Domain\CartItemTests.cs(49,6): error CS0246: The type or namespace name 'Fact' could not be found (are you missing a using directive or an assembly reference?) [D:\Project\QuangHuongComputer\backend\Services\Sales.Tests\Sales.Tests.csproj]
D:\Project\QuangHuongComputer\backend\Services\Sales.Tests\Domain\CartTests.cs(42,6): error CS0246: The type or namespace name 'FactAttribute' could not be found (are you missing a using directive or an assembly reference?) [D:\Project\QuangHuongComputer\backend\Services\Sales.Tests\Sales.Tests.csproj]
D:\Project\QuangHuongComputer\backend\Services\Sales.Tests\Domain\CartTests.cs(42,6): error CS0246: The type or namespace name 'Fact' could not be found (are you missing a using directive or an assembly reference?) [D:\Project\QuangHuongComputer\backend\Services\Sales.Tests\Sales.Tests.csproj]
D:\Project\QuangHuongComputer\backend\Services\Sales.Tests\Domain\CartItemTests.cs(59,6): error CS0246: The type or namespace name 'FactAttribute' could not be found (are you missing a using directive or an assembly reference?) [D:\Project\QuangHuongComputer\backend\Services\Sales.Tests\Sales.Tests.csproj]
D:\Project\QuangHuongComputer\backend\Services\Sales.Tests\Domain\CartItemTests.cs(59,6): error CS0246: The type or namespace name 'Fact' could not be found (are you missing a using directive or an assembly reference?) [D:\Project\QuangHuongComputer\backend\Services\Sales.Tests\Sales.Tests.csproj]
D:\Project\QuangHuongComputer\backend\Services\Sales.Tests\Domain\CartTests.cs(57,6): error CS0246: The type or namespace name 'FactAttribute' could not be found (are you missing a using directive or an assembly reference?) [D:\Project\QuangHuongComputer\backend\Services\Sales.Tests\Sales.Tests.csproj]
D:\Project\QuangHuongComputer\backend\Services\Sales.Tests\Domain\CartTests.cs(57,6): error CS0246: The type or namespace name 'Fact' could not be found (are you missing a using directive or an assembly reference?) [D:\Project\QuangHuongComputer\backend\Services\Sales.Tests\Sales.Tests.csproj]
D:\Project\QuangHuongComputer\backend\Services\Sales.Tests\Domain\CartTests.cs(71,6): error CS0246: The type or namespace name 'FactAttribute' could not be found (are you missing a using directive or an assembly reference?) [D:\Project\QuangHuongComputer\backend\Services\Sales.Tests\Sales.Tests.csproj]
D:\Project\QuangHuongComputer\backend\Services\Sales.Tests\Domain\CartTests.cs(71,6): error CS0246: The type or namespace name 'Fact' could not be found (are you missing a using directive or an assembly reference?) [D:\Project\QuangHuongComputer\backend\Services\Sales.Tests\Sales.Tests.csproj]
D:\Project\QuangHuongComputer\backend\Services\Sales.Tests\Domain\CartTests.cs(86,6): error CS0246: The type or namespace name 'FactAttribute' could not be found (are you missing a using directive or an assembly reference?) [D:\Project\QuangHuongComputer\backend\Services\Sales.Tests\Sales.Tests.csproj]
D:\Project\QuangHuongComputer\backend\Services\Sales.Tests\Domain\CartTests.cs(86,6): error CS0246: The type or namespace name 'Fact' could not be found (are you missing a using directive or an assembly reference?) [D:\Project\QuangHuongComputer\backend\Services\Sales.Tests\Sales.Tests.csproj]
D:\Project\QuangHuongComputer\backend\Services\Sales.Tests\Domain\CartTests.cs(101,6): error CS0246: The type or namespace name 'FactAttribute' could not be found (are you missing a using directive or an assembly reference?) [D:\Project\QuangHuongComputer\backend\Services\Sales.Tests\Sales.Tests.csproj]
D:\Project\QuangHuongComputer\backend\Services\Sales.Tests\Domain\CartTests.cs(101,6): error CS0246: The type or namespace name 'Fact' could not be found (are you missing a using directive or an assembly reference?) [D:\Project\QuangHuongComputer\backend\Services\Sales.Tests\Sales.Tests.csproj]
D:\Project\QuangHuongComputer\backend\Services\Sales.Tests\Domain\CartTests.cs(113,6): error CS0246: The type or namespace name 'FactAttribute' could not be found (are you missing a using directive or an assembly reference?) [D:\Project\QuangHuongComputer\backend\Services\Sales.Tests\Sales.Tests.csproj]
D:\Project\QuangHuongComputer\backend\Services\Sales.Tests\Domain\CartTests.cs(113,6): error CS0246: The type or namespace name 'Fact' could not be found (are you missing a using directive or an assembly reference?) [D:\Project\QuangHuongComputer\backend\Services\Sales.Tests\Sales.Tests.csproj]
    18 Warning(s)
    54 Error(s)

Time Elapsed 00:00:01.52
